#
# A fatal error has been detected by the Java Runtime Environment:
#
#  EXCEPTION_ACCESS_VIOLATION (0xc0000005) at pc=0x0000000180003990, pid=14452, tid=0x0000000000000bfc
#
# JRE version: Java(TM) SE Runtime Environment (8.0_291-b10) (build 1.8.0_291-b10)
# Java VM: Java HotSpot(TM) 64-Bit Server VM (25.291-b10 mixed mode windows-amd64 compressed oops)
# Problematic frame:
# C  [rxtxSerial.dll+0x3990]
#
# Failed to write core dump. Minidumps are not enabled by default on client versions of Windows
#
# If you would like to submit a bug report, please visit:
#   http://bugreport.java.com/bugreport/crash.jsp
# The crash happened outside the Java Virtual Machine in native code.
# See problematic frame for where to report the bug.
#

---------------  T H R E A D  ---------------

Current thread (0x000002e1ada2c800):  JavaThread "AWT-EventQueue-0" [_thread_in_native, id=3068, stack(0x000000e426300000,0x000000e426400000)]

siginfo: ExceptionCode=0xc0000005, reading address 0x0000000026bff368

Registers:
RAX=0x0000000026bff360, RBX=0x0000000000000000, RCX=0x000000018001d4d5, RDX=0xfffffffffffff665
RSP=0x000000e4263f5580, RBP=0x00000000ffffffff, RSI=0x0000000000000001, RDI=0x0000000000000000
R8 =0x0000000000000002, R9 =0xfffffffffffff63c, R10=0x00000000000001e2, R11=0x8101010101010100
R12=0x0000000026bff360, R13=0x0000000000000001, R14=0x0000000000000001, R15=0x0000000000000000
RIP=0x0000000180003990, EFLAGS=0x0000000000010202

Top of Stack: (sp=0x000000e4263f5580)
0x000000e4263f5580:   0000000000000000 000000e4263f5750
0x000000e4263f5590:   0000000000000001 0000000000000000
0x000000e4263f55a0:   000002e1ada2c800 00000000ffffffff
0x000000e4263f55b0:   0000000000000001 0000000000000000
0x000000e4263f55c0:   000002e1ada2ca00 0000000000000001
0x000000e4263f55d0:   000000e4263f5750 000000018000535a
0x000000e4263f55e0:   000002e1ae5d2fe0 000000e4263f5750
0x000000e4263f55f0:   0000000000000001 000002e1ae5d2fe0
0x000000e4263f5600:   000000e400000001 00000000ffffffff
0x000000e4263f5610:   000000e4263f5758 0000000000000000
0x000000e4263f5620:   000002e1ada2c800 000002e1abc9c340
0x000000e4263f5630:   000002e1b27c0ca8 000002e1ada2c800
0x000000e4263f5640:   000002e1b27c0ca8 000002e1ada2c800
0x000000e4263f5650:   000002e196a77dc0 000072d0898ca07f
0x000000e4263f5660:   000000e4263f5758 000002e1b27c0ca0
0x000000e4263f5670:   0000000000000000 000002e196a77dc0 

Instructions: (pc=0x0000000180003990)
0x0000000180003970:   00 44 8b fb 8b fb e8 95 fe ff ff 8b ac 24 88 00
0x0000000180003980:   00 00 44 8b b4 24 80 00 00 00 4c 63 e0 41 8b f6
0x0000000180003990:   45 8b 6c 24 08 41 89 5c 24 08 85 ed 78 09 ff 15
0x00000001800039a0:   5c 36 01 00 44 8b f8 45 85 f6 7e 4d 0f 1f 40 00 


Register to memory mapping:

RAX=0x0000000026bff360 is an unknown value
RBX=0x0000000000000000 is an unknown value
RCX=0x000000018001d4d5 is an unknown value
RDX=0xfffffffffffff665 is an unknown value
RSP=0x000000e4263f5580 is pointing into the stack for thread: 0x000002e1ada2c800
RBP=0x00000000ffffffff is an unallocated location in the heap
RSI=0x0000000000000001 is an unknown value
RDI=0x0000000000000000 is an unknown value
R8 =0x0000000000000002 is an unknown value
R9 =0xfffffffffffff63c is an unknown value
R10=0x00000000000001e2 is an unknown value
R11=0x8101010101010100 is an unknown value
R12=0x0000000026bff360 is an unknown value
R13=0x0000000000000001 is an unknown value
R14=0x0000000000000001 is an unknown value
R15=0x0000000000000000 is an unknown value


Stack: [0x000000e426300000,0x000000e426400000],  sp=0x000000e4263f5580,  free space=981k
Native frames: (J=compiled Java code, j=interpreted, Vv=VM code, C=native code)
C  [rxtxSerial.dll+0x3990]
C  [rxtxSerial.dll+0x535a]
C  0x000002e196a89f4e

Java frames: (J=compiled Java code, j=interpreted, Vv=VM code)
j  gnu.io.RXTXPort.readArray([BII)I+0
j  gnu.io.RXTXPort$SerialInputStream.read([BII)I+212
j  gnu.io.RXTXPort$SerialInputStream.read([B)I+60
j  vistas.DlgServicio.PruebaConexion()Z+25
j  vistas.DlgServicio.BotonConectarActionPerformed(Ljava/awt/event/ActionEvent;)V+15
j  vistas.DlgServicio.access$600(Lvistas/DlgServicio;Ljava/awt/event/ActionEvent;)V+2
j  vistas.DlgServicio$7.actionPerformed(Ljava/awt/event/ActionEvent;)V+5
j  javax.swing.AbstractButton.fireActionPerformed(Ljava/awt/event/ActionEvent;)V+83
j  javax.swing.AbstractButton$Handler.actionPerformed(Ljava/awt/event/ActionEvent;)V+5
j  javax.swing.DefaultButtonModel.fireActionPerformed(Ljava/awt/event/ActionEvent;)V+34
j  javax.swing.DefaultButtonModel.setPressed(Z)V+117
j  javax.swing.plaf.basic.BasicButtonListener.mouseReleased(Ljava/awt/event/MouseEvent;)V+35
j  java.awt.Component.processMouseEvent(Ljava/awt/event/MouseEvent;)V+64
j  javax.swing.JComponent.processMouseEvent(Ljava/awt/event/MouseEvent;)V+23
j  java.awt.Component.processEvent(Ljava/awt/AWTEvent;)V+81
j  java.awt.Container.processEvent(Ljava/awt/AWTEvent;)V+18
J 3473 C1 java.awt.Component.dispatchEventImpl(Ljava/awt/AWTEvent;)V (921 bytes) @ 0x000002e1973a5cc4 [0x000002e1973a07c0+0x5504]
J 3588 C1 java.awt.Container.dispatchEventImpl(Ljava/awt/AWTEvent;)V (129 bytes) @ 0x000002e1973fa644 [0x000002e1973fa500+0x144]
J 3587 C1 java.awt.Component.dispatchEvent(Ljava/awt/AWTEvent;)V (6 bytes) @ 0x000002e1973f6e44 [0x000002e1973f6d40+0x104]
j  java.awt.LightweightDispatcher.retargetMouseEvent(Ljava/awt/Component;ILjava/awt/event/MouseEvent;)V+349
j  java.awt.LightweightDispatcher.processMouseEvent(Ljava/awt/event/MouseEvent;)Z+155
j  java.awt.LightweightDispatcher.dispatchEvent(Ljava/awt/AWTEvent;)Z+50
J 3588 C1 java.awt.Container.dispatchEventImpl(Ljava/awt/AWTEvent;)V (129 bytes) @ 0x000002e1973fa5e4 [0x000002e1973fa500+0xe4]
j  java.awt.Window.dispatchEventImpl(Ljava/awt/AWTEvent;)V+19
J 3587 C1 java.awt.Component.dispatchEvent(Ljava/awt/AWTEvent;)V (6 bytes) @ 0x000002e1973f6e44 [0x000002e1973f6d40+0x104]
j  java.awt.EventQueue.dispatchEventImpl(Ljava/awt/AWTEvent;Ljava/lang/Object;)V+41
J 3548 C1 java.awt.EventQueue$3.run()Ljava/lang/Void; (60 bytes) @ 0x000002e1973d83cc [0x000002e1973d81c0+0x20c]
J 3547 C1 java.awt.EventQueue$3.run()Ljava/lang/Object; (5 bytes) @ 0x000002e1973d6f0c [0x000002e1973d6e80+0x8c]
v  ~StubRoutines::call_stub
J 615  java.security.AccessController.doPrivileged(Ljava/security/PrivilegedAction;Ljava/security/AccessControlContext;)Ljava/lang/Object; (0 bytes) @ 0x000002e196ce7226 [0x000002e196ce71c0+0x66]
J 3618 C1 java.awt.EventQueue$4.run()Ljava/lang/Object; (5 bytes) @ 0x000002e1974346ec [0x000002e1974342c0+0x42c]
v  ~StubRoutines::call_stub
J 615  java.security.AccessController.doPrivileged(Ljava/security/PrivilegedAction;Ljava/security/AccessControlContext;)Ljava/lang/Object; (0 bytes) @ 0x000002e196ce7226 [0x000002e196ce71c0+0x66]
J 3168 C1 java.awt.EventQueue.dispatchEvent(Ljava/awt/AWTEvent;)V (80 bytes) @ 0x000002e196d154fc [0x000002e196d14680+0xe7c]
J 3175 C1 java.awt.EventDispatchThread.pumpOneEventForFilters(I)V (190 bytes) @ 0x000002e196f6c74c [0x000002e196f6b600+0x114c]
j  java.awt.EventDispatchThread.pumpEventsForFilter(ILjava/awt/Conditional;Ljava/awt/EventFilter;)V+35
j  java.awt.EventDispatchThread.pumpEventsForFilter(Ljava/awt/Conditional;Ljava/awt/EventFilter;)V+4
j  java.awt.WaitDispatchSupport$2.run()V+59
j  java.awt.WaitDispatchSupport$4.run()Ljava/lang/Void;+4
j  java.awt.WaitDispatchSupport$4.run()Ljava/lang/Object;+1
v  ~StubRoutines::call_stub
J 572  java.security.AccessController.doPrivileged(Ljava/security/PrivilegedAction;)Ljava/lang/Object; (0 bytes) @ 0x000002e196cce5d2 [0x000002e196cce580+0x52]
j  java.awt.WaitDispatchSupport.enter()Z+325
j  java.awt.Dialog.show()V+233
j  java.awt.Component.show(Z)V+5
j  java.awt.Component.setVisible(Z)V+2
j  java.awt.Window.setVisible(Z)V+2
j  java.awt.Dialog.setVisible(Z)V+2
j  com.soltelec.igrafica.Frm_UICentral.btnServicioFrenosActionPerformed(Ljava/awt/event/ActionEvent;)V+23
j  com.soltelec.igrafica.Frm_UICentral.access$3400(Lcom/soltelec/igrafica/Frm_UICentral;Ljava/awt/event/ActionEvent;)V+2
j  com.soltelec.igrafica.Frm_UICentral$13.actionPerformed(Ljava/awt/event/ActionEvent;)V+5
j  javax.swing.AbstractButton.fireActionPerformed(Ljava/awt/event/ActionEvent;)V+83
j  javax.swing.AbstractButton$Handler.actionPerformed(Ljava/awt/event/ActionEvent;)V+5
j  javax.swing.DefaultButtonModel.fireActionPerformed(Ljava/awt/event/ActionEvent;)V+34
j  javax.swing.DefaultButtonModel.setPressed(Z)V+117
j  javax.swing.plaf.basic.BasicButtonListener.mouseReleased(Ljava/awt/event/MouseEvent;)V+35
j  java.awt.Component.processMouseEvent(Ljava/awt/event/MouseEvent;)V+64
j  javax.swing.JComponent.processMouseEvent(Ljava/awt/event/MouseEvent;)V+23
j  java.awt.Component.processEvent(Ljava/awt/AWTEvent;)V+81
j  java.awt.Container.processEvent(Ljava/awt/AWTEvent;)V+18
j  java.awt.Component.dispatchEventImpl(Ljava/awt/AWTEvent;)V+589
j  java.awt.Container.dispatchEventImpl(Ljava/awt/AWTEvent;)V+42
j  java.awt.Component.dispatchEvent(Ljava/awt/AWTEvent;)V+2
j  java.awt.LightweightDispatcher.retargetMouseEvent(Ljava/awt/Component;ILjava/awt/event/MouseEvent;)V+349
j  java.awt.LightweightDispatcher.processMouseEvent(Ljava/awt/event/MouseEvent;)Z+155
j  java.awt.LightweightDispatcher.dispatchEvent(Ljava/awt/AWTEvent;)Z+50
j  java.awt.Container.dispatchEventImpl(Ljava/awt/AWTEvent;)V+12
j  java.awt.Window.dispatchEventImpl(Ljava/awt/AWTEvent;)V+19
j  java.awt.Component.dispatchEvent(Ljava/awt/AWTEvent;)V+2
j  java.awt.EventQueue.dispatchEventImpl(Ljava/awt/AWTEvent;Ljava/lang/Object;)V+41
j  java.awt.EventQueue.access$500(Ljava/awt/EventQueue;Ljava/awt/AWTEvent;Ljava/lang/Object;)V+3
j  java.awt.EventQueue$3.run()Ljava/lang/Void;+32
j  java.awt.EventQueue$3.run()Ljava/lang/Object;+1
v  ~StubRoutines::call_stub
J 615  java.security.AccessController.doPrivileged(Ljava/security/PrivilegedAction;Ljava/security/AccessControlContext;)Ljava/lang/Object; (0 bytes) @ 0x000002e196ce7226 [0x000002e196ce71c0+0x66]
J 3051 C1 java.security.ProtectionDomain$JavaSecurityAccessImpl.doIntersectionPrivilege(Ljava/security/PrivilegedAction;Ljava/security/AccessControlContext;Ljava/security/AccessControlContext;)Ljava/lang/Object; (22 bytes) @ 0x000002e196b88bec [0x000002e196b88780+0x46c]
j  java.security.ProtectionDomain$JavaSecurityAccessImpl.doIntersectionPrivilege(Ljava/security/PrivilegedAction;Ljava/security/AccessControlContext;)Ljava/lang/Object;+6
j  java.awt.EventQueue$4.run()Ljava/lang/Void;+11
j  java.awt.EventQueue$4.run()Ljava/lang/Object;+1
v  ~StubRoutines::call_stub
J 615  java.security.AccessController.doPrivileged(Ljava/security/PrivilegedAction;Ljava/security/AccessControlContext;)Ljava/lang/Object; (0 bytes) @ 0x000002e196ce7226 [0x000002e196ce71c0+0x66]
J 3051 C1 java.security.ProtectionDomain$JavaSecurityAccessImpl.doIntersectionPrivilege(Ljava/security/PrivilegedAction;Ljava/security/AccessControlContext;Ljava/security/AccessControlContext;)Ljava/lang/Object; (22 bytes) @ 0x000002e196b88bec [0x000002e196b88780+0x46c]
j  java.awt.EventQueue.dispatchEvent(Ljava/awt/AWTEvent;)V+73
j  java.awt.EventDispatchThread.pumpOneEventForFilters(I)V+140
j  java.awt.EventDispatchThread.pumpEventsForFilter(ILjava/awt/Conditional;Ljava/awt/EventFilter;)V+35
j  java.awt.EventDispatchThread.pumpEventsForFilter(Ljava/awt/Conditional;Ljava/awt/EventFilter;)V+4
j  java.awt.WaitDispatchSupport$2.run()V+59
j  java.awt.WaitDispatchSupport$4.run()Ljava/lang/Void;+4
j  java.awt.WaitDispatchSupport$4.run()Ljava/lang/Object;+1
v  ~StubRoutines::call_stub
J 572  java.security.AccessController.doPrivileged(Ljava/security/PrivilegedAction;)Ljava/lang/Object; (0 bytes) @ 0x000002e196cce5d2 [0x000002e196cce580+0x52]
j  java.awt.WaitDispatchSupport.enter()Z+325
j  java.awt.Dialog.show()V+233
j  java.awt.Component.show(Z)V+5
j  java.awt.Component.setVisible(Z)V+2
j  java.awt.Window.setVisible(Z)V+2
j  java.awt.Dialog.setVisible(Z)V+2
j  com.soltelec.igrafica.FrmLogin.btn_ingresarActionPerformed(Ljava/awt/event/ActionEvent;)V+504
j  com.soltelec.igrafica.FrmLogin.access$000(Lcom/soltelec/igrafica/FrmLogin;Ljava/awt/event/ActionEvent;)V+2
j  com.soltelec.igrafica.FrmLogin$1.actionPerformed(Ljava/awt/event/ActionEvent;)V+5
j  javax.swing.AbstractButton.fireActionPerformed(Ljava/awt/event/ActionEvent;)V+83
j  javax.swing.AbstractButton$Handler.actionPerformed(Ljava/awt/event/ActionEvent;)V+5
j  javax.swing.DefaultButtonModel.fireActionPerformed(Ljava/awt/event/ActionEvent;)V+34
j  javax.swing.DefaultButtonModel.setPressed(Z)V+117
j  javax.swing.plaf.basic.BasicButtonListener$Actions.actionPerformed(Ljava/awt/event/ActionEvent;)V+70
j  javax.swing.SwingUtilities.notifyAction(Ljavax/swing/Action;Ljavax/swing/KeyStroke;Ljava/awt/event/KeyEvent;Ljava/lang/Object;I)Z+132
j  javax.swing.JComponent.processKeyBinding(Ljavax/swing/KeyStroke;Ljava/awt/event/KeyEvent;IZ)Z+72
j  javax.swing.JComponent.processKeyBindings(Ljava/awt/event/KeyEvent;Z)Z+111
j  javax.swing.JComponent.processKeyEvent(Ljava/awt/event/KeyEvent;)V+51
j  java.awt.Component.processEvent(Ljava/awt/AWTEvent;)V+121
j  java.awt.Container.processEvent(Ljava/awt/AWTEvent;)V+18
j  java.awt.Component.dispatchEventImpl(Ljava/awt/AWTEvent;)V+589
j  java.awt.Container.dispatchEventImpl(Ljava/awt/AWTEvent;)V+42
j  java.awt.Component.dispatchEvent(Ljava/awt/AWTEvent;)V+2
j  java.awt.KeyboardFocusManager.redispatchEvent(Ljava/awt/Component;Ljava/awt/AWTEvent;)V+7
j  java.awt.DefaultKeyboardFocusManager.dispatchKeyEvent(Ljava/awt/event/KeyEvent;)Z+63
j  java.awt.DefaultKeyboardFocusManager.preDispatchKeyEvent(Ljava/awt/event/KeyEvent;)Z+137
j  java.awt.DefaultKeyboardFocusManager.typeAheadAssertions(Ljava/awt/Component;Ljava/awt/AWTEvent;)Z+166
j  java.awt.DefaultKeyboardFocusManager.dispatchEvent(Ljava/awt/AWTEvent;)Z+1637
j  java.awt.Component.dispatchEventImpl(Ljava/awt/AWTEvent;)V+151
j  java.awt.Container.dispatchEventImpl(Ljava/awt/AWTEvent;)V+42
j  java.awt.Window.dispatchEventImpl(Ljava/awt/AWTEvent;)V+19
j  java.awt.Component.dispatchEvent(Ljava/awt/AWTEvent;)V+2
j  java.awt.EventQueue.dispatchEventImpl(Ljava/awt/AWTEvent;Ljava/lang/Object;)V+41
j  java.awt.EventQueue.access$500(Ljava/awt/EventQueue;Ljava/awt/AWTEvent;Ljava/lang/Object;)V+3
j  java.awt.EventQueue$3.run()Ljava/lang/Void;+32
j  java.awt.EventQueue$3.run()Ljava/lang/Object;+1
v  ~StubRoutines::call_stub
J 615  java.security.AccessController.doPrivileged(Ljava/security/PrivilegedAction;Ljava/security/AccessControlContext;)Ljava/lang/Object; (0 bytes) @ 0x000002e196ce7226 [0x000002e196ce71c0+0x66]
j  java.security.ProtectionDomain$JavaSecurityAccessImpl.doIntersectionPrivilege(Ljava/security/PrivilegedAction;Ljava/security/AccessControlContext;Ljava/security/AccessControlContext;)Ljava/lang/Object;+18
j  java.security.ProtectionDomain$JavaSecurityAccessImpl.doIntersectionPrivilege(Ljava/security/PrivilegedAction;Ljava/security/AccessControlContext;)Ljava/lang/Object;+6
j  java.awt.EventQueue$4.run()Ljava/lang/Void;+11
j  java.awt.EventQueue$4.run()Ljava/lang/Object;+1
v  ~StubRoutines::call_stub
J 615  java.security.AccessController.doPrivileged(Ljava/security/PrivilegedAction;Ljava/security/AccessControlContext;)Ljava/lang/Object; (0 bytes) @ 0x000002e196ce7226 [0x000002e196ce71c0+0x66]
j  java.security.ProtectionDomain$JavaSecurityAccessImpl.doIntersectionPrivilege(Ljava/security/PrivilegedAction;Ljava/security/AccessControlContext;Ljava/security/AccessControlContext;)Ljava/lang/Object;+18
j  java.awt.EventQueue.dispatchEvent(Ljava/awt/AWTEvent;)V+73
j  java.awt.EventDispatchThread.pumpOneEventForFilters(I)V+140
j  java.awt.EventDispatchThread.pumpEventsForFilter(ILjava/awt/Conditional;Ljava/awt/EventFilter;)V+35
j  java.awt.EventDispatchThread.pumpEventsForHierarchy(ILjava/awt/Conditional;Ljava/awt/Component;)V+11
j  java.awt.EventDispatchThread.pumpEvents(ILjava/awt/Conditional;)V+4
j  java.awt.EventDispatchThread.pumpEvents(Ljava/awt/Conditional;)V+3
j  java.awt.EventDispatchThread.run()V+9
v  ~StubRoutines::call_stub

---------------  P R O C E S S  ---------------

Java Threads: ( => current thread )
  0x000002e1abc99000 JavaThread "Thread-6" [_thread_in_native, id=15368, stack(0x000000e426b00000,0x000000e426c00000)]
  0x000002e1af026800 JavaThread "SwingWorker-pool-2-thread-1" daemon [_thread_blocked, id=16156, stack(0x000000e426a00000,0x000000e426b00000)]
  0x000002e1ae630800 JavaThread "Image Fetcher 0" daemon [_thread_blocked, id=2400, stack(0x000000e426900000,0x000000e426a00000)]
  0x000002e1ae89a000 JavaThread "Abandoned connection cleanup thread" daemon [_thread_blocked, id=9612, stack(0x000000e426400000,0x000000e426500000)]
  0x000002e1ae252800 JavaThread "TimerQueue" daemon [_thread_blocked, id=2800, stack(0x000000e426800000,0x000000e426900000)]
  0x000002e195098800 JavaThread "DestroyJavaVM" [_thread_blocked, id=13976, stack(0x000000e424c00000,0x000000e424d00000)]
=>0x000002e1ada2c800 JavaThread "AWT-EventQueue-0" [_thread_in_native, id=3068, stack(0x000000e426300000,0x000000e426400000)]
  0x000002e1ada1e800 JavaThread "AWT-Windows" daemon [_thread_in_native, id=11468, stack(0x000000e426200000,0x000000e426300000)]
  0x000002e1ada15800 JavaThread "AWT-Shutdown" [_thread_blocked, id=5428, stack(0x000000e426100000,0x000000e426200000)]
  0x000002e1ada15000 JavaThread "Java2D Disposer" daemon [_thread_blocked, id=10268, stack(0x000000e426000000,0x000000e426100000)]
  0x000002e1ad178800 JavaThread "Service Thread" daemon [_thread_blocked, id=12860, stack(0x000000e425e00000,0x000000e425f00000)]
  0x000002e1abc98800 JavaThread "C1 CompilerThread3" daemon [_thread_blocked, id=4892, stack(0x000000e425d00000,0x000000e425e00000)]
  0x000002e1abc88000 JavaThread "C2 CompilerThread2" daemon [_thread_blocked, id=7588, stack(0x000000e425c00000,0x000000e425d00000)]
  0x000002e1abc82800 JavaThread "C2 CompilerThread1" daemon [_thread_blocked, id=14008, stack(0x000000e425b00000,0x000000e425c00000)]
  0x000002e1abc7e800 JavaThread "C2 CompilerThread0" daemon [_thread_blocked, id=3060, stack(0x000000e425a00000,0x000000e425b00000)]
  0x000002e1abc7a800 JavaThread "Attach Listener" daemon [_thread_blocked, id=2344, stack(0x000000e425900000,0x000000e425a00000)]
  0x000002e1abc79800 JavaThread "Signal Dispatcher" daemon [_thread_blocked, id=15920, stack(0x000000e425800000,0x000000e425900000)]
  0x000002e1abc54800 JavaThread "Finalizer" daemon [_thread_blocked, id=11232, stack(0x000000e425700000,0x000000e425800000)]
  0x000002e1abc4c000 JavaThread "Reference Handler" daemon [_thread_blocked, id=5704, stack(0x000000e425600000,0x000000e425700000)]

Other Threads:
  0x000002e1abc23800 VMThread [stack: 0x000000e425500000,0x000000e425600000] [id=10456]
  0x000002e1ad1b3800 WatcherThread [stack: 0x000000e425f00000,0x000000e426000000] [id=8500]

VM state:not at safepoint (normal execution)

VM Mutex/Monitor currently owned by a thread: None

heap address: 0x0000000081600000, size: 2026 MB, Compressed Oops mode: 32-bit
Narrow klass base: 0x0000000000000000, Narrow klass shift: 3
Compressed class space size: 1073741824 Address: 0x0000000100000000

Heap:
 PSYoungGen      total 57856K, used 15515K [0x00000000d5d00000, 0x00000000dd380000, 0x0000000100000000)
  eden space 52736K, 29% used [0x00000000d5d00000,0x00000000d6c26d18,0x00000000d9080000)
  from space 5120K, 0% used [0x00000000d9080000,0x00000000d9080000,0x00000000d9580000)
  to   space 22016K, 0% used [0x00000000dbe00000,0x00000000dbe00000,0x00000000dd380000)
 ParOldGen       total 108032K, used 16475K [0x0000000081600000, 0x0000000087f80000, 0x00000000d5d00000)
  object space 108032K, 15% used [0x0000000081600000,0x0000000082616cb8,0x0000000087f80000)
 Metaspace       used 36755K, capacity 37028K, committed 37416K, reserved 1081344K
  class space    used 4524K, capacity 4619K, committed 4656K, reserved 1048576K

Card table byte_map: [0x000002e1a5e30000,0x000002e1a6230000] byte_map_base: 0x000002e1a5a25000

Marking Bits: (ParMarkBitMap*) 0x0000000077027fe0
 Begin Bits: [0x000002e1a64e0000, 0x000002e1a8488000)
 End Bits:   [0x000002e1a8488000, 0x000002e1aa430000)

Polling page: 0x000002e195250000

CodeCache: size=245760Kb used=10007Kb max_used=10007Kb free=235753Kb
 bounds [0x000002e196a70000, 0x000002e197440000, 0x000002e1a5a70000]
 total_blobs=4024 nmethods=3308 adapters=627
 compilation: enabled

Compilation events (10 events):
Event: 14.475 Thread 0x000002e1abc98800 3636       3       sun.util.locale.ParseStatus::isError (13 bytes)
Event: 14.475 Thread 0x000002e1abc98800 nmethod 3636 0x000002e19743ac10 code [0x000002e19743ad60, 0x000002e19743af18]
Event: 14.475 Thread 0x000002e1abc98800 3637       1       sun.util.locale.StringTokenIterator::currentEnd (5 bytes)
Event: 14.475 Thread 0x000002e1abc98800 nmethod 3637 0x000002e19743af90 code [0x000002e19743b0e0, 0x000002e19743b1f8]
Event: 14.475 Thread 0x000002e1abc98800 3638       3       java.awt.EventQueue::dispatchEventImpl (149 bytes)
Event: 14.476 Thread 0x000002e1abc98800 nmethod 3638 0x000002e19743b250 code [0x000002e19743b5c0, 0x000002e19743d460]
Event: 14.543 Thread 0x000002e1abc98800 3639       3       java.awt.Container::eventEnabled (49 bytes)
Event: 14.543 Thread 0x000002e1abc98800 nmethod 3639 0x000002e19743de10 code [0x000002e19743df80, 0x000002e19743e3b0]
Event: 14.543 Thread 0x000002e1abc98800 3640       3       java.awt.Component::eventEnabled (9 bytes)
Event: 14.544 Thread 0x000002e1abc98800 nmethod 3640 0x000002e19743e4d0 code [0x000002e19743e640, 0x000002e19743e850]

GC Heap History (10 events):
Event: 5.254 GC heap before
{Heap before GC invocations=3 (full 1):
 PSYoungGen      total 38400K, used 5105K [0x00000000d5d00000, 0x00000000da800000, 0x0000000100000000)
  eden space 33280K, 0% used [0x00000000d5d00000,0x00000000d5d00000,0x00000000d7d80000)
  from space 5120K, 99% used [0x00000000d8280000,0x00000000d877c728,0x00000000d8780000)
  to   space 5120K, 0% used [0x00000000d7d80000,0x00000000d7d80000,0x00000000d8280000)
 ParOldGen       total 87552K, used 25357K [0x0000000081600000, 0x0000000086b80000, 0x00000000d5d00000)
  object space 87552K, 28% used [0x0000000081600000,0x0000000082ec3440,0x0000000086b80000)
 Metaspace       used 20995K, capacity 21232K, committed 21296K, reserved 1069056K
  class space    used 2491K, capacity 2581K, committed 2608K, reserved 1048576K
Event: 5.291 GC heap after
Heap after GC invocations=3 (full 1):
 PSYoungGen      total 38400K, used 0K [0x00000000d5d00000, 0x00000000da800000, 0x0000000100000000)
  eden space 33280K, 0% used [0x00000000d5d00000,0x00000000d5d00000,0x00000000d7d80000)
  from space 5120K, 0% used [0x00000000d8280000,0x00000000d8280000,0x00000000d8780000)
  to   space 5120K, 0% used [0x00000000d7d80000,0x00000000d7d80000,0x00000000d8280000)
 ParOldGen       total 73216K, used 13092K [0x0000000081600000, 0x0000000085d80000, 0x00000000d5d00000)
  object space 73216K, 17% used [0x0000000081600000,0x00000000822c93f8,0x0000000085d80000)
 Metaspace       used 20995K, capacity 21232K, committed 21296K, reserved 1069056K
  class space    used 2491K, capacity 2581K, committed 2608K, reserved 1048576K
}
Event: 7.033 GC heap before
{Heap before GC invocations=4 (full 1):
 PSYoungGen      total 38400K, used 33280K [0x00000000d5d00000, 0x00000000da800000, 0x0000000100000000)
  eden space 33280K, 100% used [0x00000000d5d00000,0x00000000d7d80000,0x00000000d7d80000)
  from space 5120K, 0% used [0x00000000d8280000,0x00000000d8280000,0x00000000d8780000)
  to   space 5120K, 0% used [0x00000000d7d80000,0x00000000d7d80000,0x00000000d8280000)
 ParOldGen       total 73216K, used 13092K [0x0000000081600000, 0x0000000085d80000, 0x00000000d5d00000)
  object space 73216K, 17% used [0x0000000081600000,0x00000000822c93f8,0x0000000085d80000)
 Metaspace       used 28266K, capacity 28562K, committed 28848K, reserved 1075200K
  class space    used 3389K, capacity 3490K, committed 3504K, reserved 1048576K
Event: 7.041 GC heap after
Heap after GC invocations=4 (full 1):
 PSYoungGen      total 38400K, used 5103K [0x00000000d5d00000, 0x00000000d9a80000, 0x0000000100000000)
  eden space 33280K, 0% used [0x00000000d5d00000,0x00000000d5d00000,0x00000000d7d80000)
  from space 5120K, 99% used [0x00000000d7d80000,0x00000000d827bca8,0x00000000d8280000)
  to   space 5120K, 0% used [0x00000000d9580000,0x00000000d9580000,0x00000000d9a80000)
 ParOldGen       total 73216K, used 15115K [0x0000000081600000, 0x0000000085d80000, 0x00000000d5d00000)
  object space 73216K, 20% used [0x0000000081600000,0x00000000824c2d90,0x0000000085d80000)
 Metaspace       used 28266K, capacity 28562K, committed 28848K, reserved 1075200K
  class space    used 3389K, capacity 3490K, committed 3504K, reserved 1048576K
}
Event: 9.155 GC heap before
{Heap before GC invocations=5 (full 1):
 PSYoungGen      total 38400K, used 38383K [0x00000000d5d00000, 0x00000000d9a80000, 0x0000000100000000)
  eden space 33280K, 100% used [0x00000000d5d00000,0x00000000d7d80000,0x00000000d7d80000)
  from space 5120K, 99% used [0x00000000d7d80000,0x00000000d827bca8,0x00000000d8280000)
  to   space 5120K, 0% used [0x00000000d9580000,0x00000000d9580000,0x00000000d9a80000)
 ParOldGen       total 73216K, used 15115K [0x0000000081600000, 0x0000000085d80000, 0x00000000d5d00000)
  object space 73216K, 20% used [0x0000000081600000,0x00000000824c2d90,0x0000000085d80000)
 Metaspace       used 30815K, capacity 31112K, committed 31280K, reserved 1077248K
  class space    used 3731K, capacity 3845K, committed 3888K, reserved 1048576K
Event: 9.165 GC heap after
Heap after GC invocations=5 (full 1):
 PSYoungGen      total 56832K, used 5099K [0x00000000d5d00000, 0x00000000d9a80000, 0x0000000100000000)
  eden space 51712K, 0% used [0x00000000d5d00000,0x00000000d5d00000,0x00000000d8f80000)
  from space 5120K, 99% used [0x00000000d9580000,0x00000000d9a7afe0,0x00000000d9a80000)
  to   space 5120K, 0% used [0x00000000d9080000,0x00000000d9080000,0x00000000d9580000)
 ParOldGen       total 73216K, used 18103K [0x0000000081600000, 0x0000000085d80000, 0x00000000d5d00000)
  object space 73216K, 24% used [0x0000000081600000,0x00000000827addd0,0x0000000085d80000)
 Metaspace       used 30815K, capacity 31112K, committed 31280K, reserved 1077248K
  class space    used 3731K, capacity 3845K, committed 3888K, reserved 1048576K
}
Event: 12.826 GC heap before
{Heap before GC invocations=6 (full 1):
 PSYoungGen      total 56832K, used 20214K [0x00000000d5d00000, 0x00000000d9a80000, 0x0000000100000000)
  eden space 51712K, 29% used [0x00000000d5d00000,0x00000000d6bc2ae8,0x00000000d8f80000)
  from space 5120K, 99% used [0x00000000d9580000,0x00000000d9a7afe0,0x00000000d9a80000)
  to   space 5120K, 0% used [0x00000000d9080000,0x00000000d9080000,0x00000000d9580000)
 ParOldGen       total 73216K, used 18103K [0x0000000081600000, 0x0000000085d80000, 0x00000000d5d00000)
  object space 73216K, 24% used [0x0000000081600000,0x00000000827addd0,0x0000000085d80000)
 Metaspace       used 34958K, capacity 35230K, committed 35496K, reserved 1081344K
  class space    used 4347K, capacity 4426K, committed 4528K, reserved 1048576K
Event: 12.836 GC heap after
Heap after GC invocations=6 (full 1):
 PSYoungGen      total 57856K, used 5105K [0x00000000d5d00000, 0x00000000dd380000, 0x0000000100000000)
  eden space 52736K, 0% used [0x00000000d5d00000,0x00000000d5d00000,0x00000000d9080000)
  from space 5120K, 99% used [0x00000000d9080000,0x00000000d957c608,0x00000000d9580000)
  to   space 22016K, 0% used [0x00000000dbe00000,0x00000000dbe00000,0x00000000dd380000)
 ParOldGen       total 73216K, used 20406K [0x0000000081600000, 0x0000000085d80000, 0x00000000d5d00000)
  object space 73216K, 27% used [0x0000000081600000,0x00000000829ed918,0x0000000085d80000)
 Metaspace       used 34958K, capacity 35230K, committed 35496K, reserved 1081344K
  class space    used 4347K, capacity 4426K, committed 4528K, reserved 1048576K
}
Event: 12.836 GC heap before
{Heap before GC invocations=7 (full 2):
 PSYoungGen      total 57856K, used 5105K [0x00000000d5d00000, 0x00000000dd380000, 0x0000000100000000)
  eden space 52736K, 0% used [0x00000000d5d00000,0x00000000d5d00000,0x00000000d9080000)
  from space 5120K, 99% used [0x00000000d9080000,0x00000000d957c608,0x00000000d9580000)
  to   space 22016K, 0% used [0x00000000dbe00000,0x00000000dbe00000,0x00000000dd380000)
 ParOldGen       total 73216K, used 20406K [0x0000000081600000, 0x0000000085d80000, 0x00000000d5d00000)
  object space 73216K, 27% used [0x0000000081600000,0x00000000829ed918,0x0000000085d80000)
 Metaspace       used 34958K, capacity 35230K, committed 35496K, reserved 1081344K
  class space    used 4347K, capacity 4426K, committed 4528K, reserved 1048576K
Event: 12.954 GC heap after
Heap after GC invocations=7 (full 2):
 PSYoungGen      total 57856K, used 0K [0x00000000d5d00000, 0x00000000dd380000, 0x0000000100000000)
  eden space 52736K, 0% used [0x00000000d5d00000,0x00000000d5d00000,0x00000000d9080000)
  from space 5120K, 0% used [0x00000000d9080000,0x00000000d9080000,0x00000000d9580000)
  to   space 22016K, 0% used [0x00000000dbe00000,0x00000000dbe00000,0x00000000dd380000)
 ParOldGen       total 108032K, used 16475K [0x0000000081600000, 0x0000000087f80000, 0x00000000d5d00000)
  object space 108032K, 15% used [0x0000000081600000,0x0000000082616cb8,0x0000000087f80000)
 Metaspace       used 34958K, capacity 35230K, committed 35496K, reserved 1081344K
  class space    used 4347K, capacity 4426K, committed 4528K, reserved 1048576K
}

Deoptimization events (10 events):
Event: 9.428 Thread 0x000002e1ada2c800 Uncommon trap: reason=unstable_if action=reinterpret pc=0x000002e19722aad4 method=java.util.concurrent.ConcurrentHashMap.get(Ljava/lang/Object;)Ljava/lang/Object; @ 76
Event: 10.055 Thread 0x000002e1ada2c800 Uncommon trap: reason=predicate action=maybe_recompile pc=0x000002e19723c0d4 method=java.lang.String.regionMatches(ZILjava/lang/String;II)Z @ 63
Event: 10.760 Thread 0x000002e1ada2c800 Uncommon trap: reason=unstable_if action=reinterpret pc=0x000002e1972a63e0 method=java.util.Properties$LineReader.readLine()I @ 174
Event: 10.761 Thread 0x000002e1ada2c800 Uncommon trap: reason=unstable_if action=reinterpret pc=0x000002e1970310d4 method=java.util.Properties.loadConvert([CII[C)Ljava/lang/String; @ 72
Event: 10.814 Thread 0x000002e1ada2c800 Uncommon trap: reason=unstable_if action=reinterpret pc=0x000002e1970c955c method=java.util.WeakHashMap.expungeStaleEntries()V @ 66
Event: 10.868 Thread 0x000002e1ada2c800 Uncommon trap: reason=class_check action=maybe_recompile pc=0x000002e196cd4e00 method=java.util.Hashtable.put(Ljava/lang/Object;Ljava/lang/Object;)Ljava/lang/Object; @ 60
Event: 10.868 Thread 0x000002e1ada2c800 Uncommon trap: reason=class_check action=maybe_recompile pc=0x000002e196cd4e00 method=java.util.Hashtable.put(Ljava/lang/Object;Ljava/lang/Object;)Ljava/lang/Object; @ 60
Event: 10.868 Thread 0x000002e1ada2c800 Uncommon trap: reason=class_check action=maybe_recompile pc=0x000002e196cd4e00 method=java.util.Hashtable.put(Ljava/lang/Object;Ljava/lang/Object;)Ljava/lang/Object; @ 60
Event: 10.868 Thread 0x000002e1ada2c800 Uncommon trap: reason=class_check action=maybe_recompile pc=0x000002e196cd4e00 method=java.util.Hashtable.put(Ljava/lang/Object;Ljava/lang/Object;)Ljava/lang/Object; @ 60
Event: 12.651 Thread 0x000002e1af026800 Uncommon trap: reason=unstable_if action=reinterpret pc=0x000002e196f5f2d4 method=java.lang.CharacterDataLatin1.digit(II)I @ 82

Classes redefined (0 events):
No events

Internal exceptions (10 events):
Event: 8.943 Thread 0x000002e1ada2c800 Exception <a 'java/lang/reflect/InvocationTargetException'> (0x00000000d79a80f8) thrown at [C:\jenkins\workspace\8-2-build-windows-amd64-cygwin\jdk8u291\1294\hotspot\src\share\vm\runtime\reflection.cpp, line 1092]
Event: 8.943 Thread 0x000002e1ada2c800 Exception <a 'java/lang/NoClassDefFoundError'> (0x00000000d79a7d08) thrown at [C:\jenkins\workspace\8-2-build-windows-amd64-cygwin\jdk8u291\1294\hotspot\src\share\vm\prims\jni.cpp, line 710]
Event: 8.944 Thread 0x000002e1ada2c800 Exception <a 'java/lang/NoClassDefFoundError': android/view/View> (0x00000000d79a88a0) thrown at [C:\jenkins\workspace\8-2-build-windows-amd64-cygwin\jdk8u291\1294\hotspot\src\share\vm\oops\constantPool.cpp, line 606]
Event: 8.944 Thread 0x000002e1ada2c800 Exception <a 'java/lang/NoClassDefFoundError': android/graphics/Color> (0x00000000d79a91f0) thrown at [C:\jenkins\workspace\8-2-build-windows-amd64-cygwin\jdk8u291\1294\hotspot\src\share\vm\oops\constantPool.cpp, line 606]
Event: 8.944 Thread 0x000002e1ada2c800 Exception <a 'java/lang/NoClassDefFoundError': android/graphics/RectF> (0x00000000d79a9638) thrown at [C:\jenkins\workspace\8-2-build-windows-amd64-cygwin\jdk8u291\1294\hotspot\src\share\vm\oops\constantPool.cpp, line 606]
Event: 8.944 Thread 0x000002e1ada2c800 Exception <a 'java/lang/NoClassDefFoundError': android/graphics/Rect> (0x00000000d79a9a80) thrown at [C:\jenkins\workspace\8-2-build-windows-amd64-cygwin\jdk8u291\1294\hotspot\src\share\vm\oops\constantPool.cpp, line 606]
Event: 8.944 Thread 0x000002e1ada2c800 Exception <a 'java/lang/NoClassDefFoundError': android/graphics/Point> (0x00000000d79a9ec8) thrown at [C:\jenkins\workspace\8-2-build-windows-amd64-cygwin\jdk8u291\1294\hotspot\src\share\vm\oops\constantPool.cpp, line 606]
Event: 9.173 Thread 0x000002e1ae630800 Implicit null exception at 0x000002e19721ed03 to 0x000002e19721fc95
Event: 13.273 Thread 0x000002e1ada2c800 Exception <a 'java/io/FileNotFoundException'> (0x00000000d6606050) thrown at [C:\jenkins\workspace\8-2-build-windows-amd64-cygwin\jdk8u291\1294\hotspot\src\share\vm\prims\jni.cpp, line 710]
Event: 13.356 Thread 0x000002e1ada2c800 Exception <a 'java/io/FileNotFoundException'> (0x00000000d661cef0) thrown at [C:\jenkins\workspace\8-2-build-windows-amd64-cygwin\jdk8u291\1294\hotspot\src\share\vm\prims\jni.cpp, line 710]

Events (10 events):
Event: 13.487 loading class java/text/DigitList$1
Event: 13.488 loading class java/text/DigitList$1 done
Event: 13.490 loading class org/jfree/chart/axis/AxisCollection
Event: 13.490 loading class org/jfree/chart/axis/AxisCollection done
Event: 13.493 loading class org/jfree/chart/plot/CrosshairState
Event: 13.493 loading class org/jfree/chart/plot/CrosshairState done
Event: 13.497 loading class org/jfree/ui/Layer
Event: 13.497 loading class org/jfree/ui/Layer done
Event: 13.507 loading class javax/swing/event/AncestorEvent
Event: 13.507 loading class javax/swing/event/AncestorEvent done


Dynamic libraries:
0x00007ff64b4b0000 - 0x00007ff64b4f7000 	C:\Program Files\Java\jdk1.8.0_291\jre\bin\java.exe
0x00007ff95e1d0000 - 0x00007ff95e3c5000 	C:\WINDOWS\SYSTEM32\ntdll.dll
0x00007ff95ce50000 - 0x00007ff95cf0d000 	C:\WINDOWS\System32\KERNEL32.DLL
0x00007ff95bcf0000 - 0x00007ff95bfbd000 	C:\WINDOWS\System32\KERNELBASE.dll
0x00007ff95cc80000 - 0x00007ff95cd2e000 	C:\WINDOWS\System32\ADVAPI32.dll
0x00007ff95d200000 - 0x00007ff95d29e000 	C:\WINDOWS\System32\msvcrt.dll
0x00007ff95d2a0000 - 0x00007ff95d33c000 	C:\WINDOWS\System32\sechost.dll
0x00007ff95cf10000 - 0x00007ff95d035000 	C:\WINDOWS\System32\RPCRT4.dll
0x00007ff95d340000 - 0x00007ff95d4e0000 	C:\WINDOWS\System32\USER32.dll
0x00007ff95b8e0000 - 0x00007ff95b902000 	C:\WINDOWS\System32\win32u.dll
0x00007ff95e030000 - 0x00007ff95e05a000 	C:\WINDOWS\System32\GDI32.dll
0x00007ff95bb20000 - 0x00007ff95bc2b000 	C:\WINDOWS\System32\gdi32full.dll
0x00007ff95ba80000 - 0x00007ff95bb1d000 	C:\WINDOWS\System32\msvcp_win.dll
0x00007ff95c120000 - 0x00007ff95c220000 	C:\WINDOWS\System32\ucrtbase.dll
0x00007ff947480000 - 0x00007ff94771a000 	C:\WINDOWS\WinSxS\amd64_microsoft.windows.common-controls_6595b64144ccf1df_6.0.19041.1110_none_60b5254171f9507e\COMCTL32.dll
0x00007ff95d050000 - 0x00007ff95d080000 	C:\WINDOWS\System32\IMM32.DLL
0x00007ff949e10000 - 0x00007ff949e25000 	C:\Program Files\Java\jdk1.8.0_291\jre\bin\vcruntime140.dll
0x00007ff934fa0000 - 0x00007ff93503b000 	C:\Program Files\Java\jdk1.8.0_291\jre\bin\msvcp140.dll
0x0000000076840000 - 0x00000000770a0000 	C:\Program Files\Java\jdk1.8.0_291\jre\bin\server\jvm.dll
0x00007ff95c900000 - 0x00007ff95c908000 	C:\WINDOWS\System32\PSAPI.DLL
0x00007ff944250000 - 0x00007ff944277000 	C:\WINDOWS\SYSTEM32\WINMM.dll
0x00007ff9555a0000 - 0x00007ff9555aa000 	C:\WINDOWS\SYSTEM32\VERSION.dll
0x00007ff949c00000 - 0x00007ff949c09000 	C:\WINDOWS\SYSTEM32\WSOCK32.dll
0x00007ff95d190000 - 0x00007ff95d1fb000 	C:\WINDOWS\System32\WS2_32.dll
0x00007ff95a1c0000 - 0x00007ff95a1d2000 	C:\WINDOWS\SYSTEM32\kernel.appcore.dll
0x00007ff956a70000 - 0x00007ff956a80000 	C:\Program Files\Java\jdk1.8.0_291\jre\bin\verify.dll
0x00007ff939e90000 - 0x00007ff939ebb000 	C:\Program Files\Java\jdk1.8.0_291\jre\bin\java.dll
0x00007ff949c90000 - 0x00007ff949ca8000 	C:\Program Files\Java\jdk1.8.0_291\jre\bin\zip.dll
0x00007ff95d540000 - 0x00007ff95dc84000 	C:\WINDOWS\System32\SHELL32.dll
0x00007ff959610000 - 0x00007ff959da4000 	C:\WINDOWS\SYSTEM32\windows.storage.dll
0x00007ff95c920000 - 0x00007ff95cc74000 	C:\WINDOWS\System32\combase.dll
0x00007ff95b340000 - 0x00007ff95b36c000 	C:\WINDOWS\SYSTEM32\Wldp.dll
0x00007ff95c6a0000 - 0x00007ff95c74d000 	C:\WINDOWS\System32\SHCORE.dll
0x00007ff95d080000 - 0x00007ff95d0d5000 	C:\WINDOWS\System32\shlwapi.dll
0x00007ff95b820000 - 0x00007ff95b83f000 	C:\WINDOWS\SYSTEM32\profapi.dll
0x00007ff8f12c0000 - 0x00007ff8f1455000 	C:\Program Files\Java\jdk1.8.0_291\jre\bin\awt.dll
0x00007ff95de80000 - 0x00007ff95df4d000 	C:\WINDOWS\System32\OLEAUT32.dll
0x00007ff954310000 - 0x00007ff9543a0000 	C:\WINDOWS\SYSTEM32\apphelp.dll
0x00007ff958bb0000 - 0x00007ff958c4e000 	C:\WINDOWS\system32\uxtheme.dll
0x00007ff95cd30000 - 0x00007ff95ce45000 	C:\WINDOWS\System32\MSCTF.dll
0x00007ff95dcf0000 - 0x00007ff95de1a000 	C:\WINDOWS\System32\ole32.dll
0x00007ff95b910000 - 0x00007ff95b992000 	C:\WINDOWS\System32\bcryptPrimitives.dll
0x00007ff959250000 - 0x00007ff95927f000 	C:\WINDOWS\system32\DWMAPI.DLL
0x00007ff93ed60000 - 0x00007ff93ee86000 	C:\WINDOWS\system32\opengl32.dll
0x00007ff93ed30000 - 0x00007ff93ed5c000 	C:\WINDOWS\SYSTEM32\GLU32.dll
0x00007ff939a30000 - 0x00007ff939a62000 	C:\Program Files\Java\jdk1.8.0_291\jre\bin\jpeg.dll
0x00007ff938df0000 - 0x00007ff938e39000 	C:\Program Files\Java\jdk1.8.0_291\jre\bin\fontmanager.dll
0x00007ff95e060000 - 0x00007ff95e109000 	C:\WINDOWS\System32\clbcatq.dll
0x00007ff951e30000 - 0x00007ff951fe4000 	C:\WINDOWS\SYSTEM32\WindowsCodecs.dll
0x00007ff95b9a0000 - 0x00007ff95b9c7000 	C:\WINDOWS\System32\bcrypt.dll
0x00007ff9388c0000 - 0x00007ff9388fe000 	C:\WINDOWS\system32\dataexchange.dll
0x00007ff952b50000 - 0x00007ff952db4000 	C:\WINDOWS\system32\d3d11.dll
0x00007ff953380000 - 0x00007ff953565000 	C:\WINDOWS\system32\dcomp.dll
0x00007ff95a300000 - 0x00007ff95a3f3000 	C:\WINDOWS\system32\dxgi.dll
0x00007ff955db0000 - 0x00007ff955fb1000 	C:\WINDOWS\system32\twinapi.appcore.dll
0x00007ff948cb0000 - 0x00007ff948ccc000 	C:\Program Files\Java\jdk1.8.0_291\jre\bin\net.dll
0x00007ff95b0a0000 - 0x00007ff95b10a000 	C:\WINDOWS\system32\mswsock.dll
0x00007ff946780000 - 0x00007ff946793000 	C:\Program Files\Java\jdk1.8.0_291\jre\bin\nio.dll
0x00007ff938cf0000 - 0x00007ff938d33000 	C:\Program Files\Java\jdk1.8.0_291\jre\bin\t2k.dll
0x00007ff945a00000 - 0x00007ff945af9000 	C:\WINDOWS\SYSTEM32\textinputframework.dll
0x00007ff953570000 - 0x00007ff9538ce000 	C:\WINDOWS\System32\CoreUIComponents.dll
0x00007ff953c50000 - 0x00007ff953d42000 	C:\WINDOWS\System32\CoreMessaging.dll
0x00007ff95a5e0000 - 0x00007ff95a613000 	C:\WINDOWS\SYSTEM32\ntmarta.dll
0x00007ff958180000 - 0x00007ff9582d4000 	C:\WINDOWS\SYSTEM32\wintypes.dll
0x00007ff950eb0000 - 0x00007ff950ed4000 	C:\Program Files\Java\jdk1.8.0_291\jre\bin\sunec.dll
0x00007ff95ad40000 - 0x00007ff95ad7b000 	C:\WINDOWS\SYSTEM32\IPHLPAPI.DLL
0x00007ff95c910000 - 0x00007ff95c918000 	C:\WINDOWS\System32\NSI.dll
0x00007ff9551a0000 - 0x00007ff9551b7000 	C:\WINDOWS\SYSTEM32\dhcpcsvc6.DLL
0x00007ff955300000 - 0x00007ff95531d000 	C:\WINDOWS\SYSTEM32\dhcpcsvc.DLL
0x00007ff95ad80000 - 0x00007ff95ae4b000 	C:\WINDOWS\SYSTEM32\DNSAPI.dll
0x00007ff95b290000 - 0x00007ff95b2a8000 	C:\WINDOWS\SYSTEM32\CRYPTSP.dll
0x00007ff95a9b0000 - 0x00007ff95a9e4000 	C:\WINDOWS\system32\rsaenh.dll
0x00007ff95b7a0000 - 0x00007ff95b7ce000 	C:\WINDOWS\SYSTEM32\USERENV.dll
0x00007ff95b2b0000 - 0x00007ff95b2bc000 	C:\WINDOWS\SYSTEM32\CRYPTBASE.dll
0x00007ff9379b0000 - 0x00007ff9379da000 	C:\Program Files\Java\jdk1.8.0_291\jre\bin\dcpr.dll
0x0000000180000000 - 0x0000000180025000 	C:\Program Files\Java\jdk1.8.0_291\jre\bin\rxtxSerial.dll
0x00007ff959ed0000 - 0x00007ff95a0b4000 	C:\WINDOWS\SYSTEM32\dbghelp.dll

VM Arguments:
jvm_args: -Dfile.encoding=UTF-8 
java_command: com.soltelec.Inicio.Inicio
java_class_path (initial): C:\opt\sst\SartRestructurado\lib\slf4j-api-1.7.2.jar;C:\opt\sst\SartRestructurado\lib\axis-1.4.jar;C:\opt\sst\SartRestructurado\lib\axis-wsdl4j-1.5.1.jar;C:\opt\sst\SartRestructurado\lib\GiovynetDriver.jar;C:\opt\sst\SartRestructurado\lib\commons-discovery-0.5.jar;C:\opt\sst\SartRestructurado\lib\eclipselink.jar;C:\opt\sst\SartRestructurado\lib\ini4j-0.5.1.jar;C:\opt\sst\SartRestructurado\lib\javacsv.jar;C:\opt\sst\SartRestructurado\lib\javax.persistence_2.1.0.v201304241213.jar;C:\opt\sst\SartRestructurado\lib\jaxrpc-api-1.1.jar;C:\opt\sst\SartRestructurado\lib\jfreechart-1.0.13.jar;C:\opt\sst\SartRestructurado\lib\jfxtras-labs-2.2-r4.jar;C:\opt\sst\SartRestructurado\lib\jna-3.2.7.jar;C:\opt\sst\SartRestructurado\lib\jna-4.1.0.jar;C:\opt\sst\SartRestructurado\lib\RXTXcomm.jar;C:\opt\sst\SartRestructurado\lib\TrafficLight2.jar;C:\opt\sst\SartRestructurado\lib\org.eclipse.persistence.jpa.jpql_2.5.1.v20130918-f2b9fc5.jar;C:\opt\sst\SartRestructurado\lib\orson-0.5.0.jar;C:\opt\sst\SartRestructurado\lib\platform.jar;C:\opt\sst\SartRestructurado\lib\postgresql-9.3-1103.jdbc41.jar;C:\opt\sst\SartRestructurado\lib\swingx-1.6.jar;C:\opt\sst\SartRestructurado\lib\trident.jar;C:\opt\sst\SartRestructurado\lib\vlcj-1.2.0-test.jar;C:\opt\sst\SartRestructurado\lib\vlcj-1.2.0.jar;C:\opt\sst\SartRestructurado\lib\webcam-capture-0.3.10-RC6.jar;C:\opt\sst\SartRestructurado\lib\xml-apis-1.3.02.jar;C:\opt\sst\SartRestructurado\lib\SteelSeries-3.9.31.0.jar;C:\opt\sst\SartRestructurado\lib\jcommon-1.0.16.jar;C:\Program Files\NetBeans-11.3\netbeans\java\modules\ext\AbsoluteLayout.jar;C:\opt\sst\SartRestructurado\lib\TermoHigrometro.jar;C:\opt\sst\SartRestructurado\lib\AbsoluteLayout.jar;C:\opt\sst\SartRestructurado\lib\ModuloLogin.jar;C:\opt\sst\SartRestructurado\lib\ModuloTermoHigrometro.jar;C:\opt\sst\SartRestructurado\lib\access-bridge-32.jar;C:\opt\sst\SartRestructurado\lib\access-bridge-64.jar;C:\opt\sst\SartRestructurado\lib\activation-1.1.jar;C:\opt\sst\
Launcher Type: SUN_STANDARD

Environment Variables:
JAVA_HOME=C:\Program Files\Java\jdk1.8.0_291
PATH=C:\Program Files\Common Files\Oracle\Java\javapath;C:\ProgramData\Oracle\Java\javapath;C:\Program Files (x86)\Common Files\Oracle\Java\javapath;C:\Program Files (x86)\Intel\Intel(R) Management Engine Components\iCLS\;C:\Program Files\Intel\Intel(R) Management Engine Components\iCLS\;C:\WINDOWS\system32;C:\WINDOWS;C:\WINDOWS\System32\Wbem;C:\WINDOWS\System32\WindowsPowerShell\v1.0\;C:\Program Files (x86)\Intel\Intel(R) Management Engine Components\DAL;C:\Program Files\Intel\Intel(R) Management Engine Components\DAL;C:\Program Files (x86)\Intel\Intel(R) Management Engine Components\IPT;C:\Program Files\Intel\Intel(R) Management Engine Components\IPT;C:\WINDOWS\System32\OpenSSH\;C:\Program Files\Git\cmd;C:\Program Files\MySQL\MySQL Server 5.6\bin;C:\xampp\php;C:\Program Files\010 Editor;C:\Program Files\nodejs\;C:\Users\SOLTELEC\AppData\Local\Microsoft\WindowsApps;C:\Users\SOLTELEC\AppData\Local\GitHubDesktop\bin;C:\Windows\System32\PSTools;;C:\Users\SOLTELEC\AppData\Local\Programs\Microsoft VS Code\bin;C:\Users\SOLTELEC\AppData\Roaming\npm
USERNAME=SOLTELEC
OS=Windows_NT
PROCESSOR_IDENTIFIER=Intel64 Family 6 Model 142 Stepping 10, GenuineIntel



---------------  S Y S T E M  ---------------

OS: Windows 10.0 , 64 bit Build 19041 (10.0.19041.1706)

CPU:total 8 (initial active 8) (4 cores per cpu, 2 threads per core) family 6 model 142 stepping 10, cmov, cx8, fxsr, mmx, sse, sse2, sse3, ssse3, sse4.1, sse4.2, popcnt, avx, avx2, aes, clmul, erms, 3dnowpref, lzcnt, ht, tsc, tscinvbit, bmi1, bmi2, adx

Memory: 4k page, physical 8295652k(886908k free), swap 16422116k(7351488k free)

vm_info: Java HotSpot(TM) 64-Bit Server VM (25.291-b10) for windows-amd64 JRE (1.8.0_291-b10), built on Apr  9 2021 00:02:00 by "java_re" with MS VC++ 15.9 (VS2017)

time: Fri May 27 15:40:22 2022
timezone: Hora est. Pacífico, Sudamérica
elapsed time: 14.885825 seconds (0d 0h 0m 14s)

