#
# A fatal error has been detected by the Java Runtime Environment:
#
#  EXCEPTION_ACCESS_VIOLATION (0xc0000005) at pc=0x0000000180005156, pid=6256, tid=0x0000000000001e5c
#
# JRE version: Java(TM) SE Runtime Environment (8.0_291-b10) (build 1.8.0_291-b10)
# Java VM: Java HotSpot(TM) 64-Bit Server VM (25.291-b10 mixed mode windows-amd64 compressed oops)
# Problematic frame:
# C  [rxtxSerial.dll+0x5156]
#
# Failed to write core dump. Minidumps are not enabled by default on client versions of Windows
#
# If you would like to submit a bug report, please visit:
#   http://bugreport.java.com/bugreport/crash.jsp
# The crash happened outside the Java Virtual Machine in native code.
# See problematic frame for where to report the bug.
#

---------------  T H R E A D  ---------------

Current thread (0x00000137a7f6e000):  JavaThread "Thread-6" [_thread_in_native, id=7772, stack(0x0000001ada500000,0x0000001ada600000)]

siginfo: ExceptionCode=0xc0000005, reading address 0xffffffffda4ff158

Registers:
RAX=0x00000000da4ff150, RBX=0x0000000000000001, RCX=0x000000018001d4d5, RDX=0xfffffffffffff665
RSP=0x0000001ada5fec60, RBP=0x00000137a7f6e200, RSI=0x0000000000000000, RDI=0x0000000000000000
R8 =0x0000000000000002, R9 =0xfffffffffffff63c, R10=0x0000000000000210, R11=0x8101010101010100
R12=0xffffffffda4ff150, R13=0x00000137ac968f70, R14=0x0000001ada5fedb0, R15=0x0000000000000064
RIP=0x0000000180005156, EFLAGS=0x0000000000010206

Top of Stack: (sp=0x0000001ada5fec60)
0x0000001ada5fec60:   0000001ada5fedb0 00000137a7f6e200
0x0000001ada5fec70:   0000000000000000 0000000000000000
0x0000001ada5fec80:   00000000da5fed90 0000000000000001
0x0000001ada5fec90:   0000001ada5fecc0 0000000000000000
0x0000001ada5feca0:   00000137ac968f78 00000137a49b25f0
0x0000001ada5fecb0:   00000137ac968f78 00000137a7f6e000
0x0000001ada5fecc0:   00000137ac968f78 00000137a7f6e000
0x0000001ada5fecd0:   000070ef52e3edaa 0000000000000002
0x0000001ada5fece0:   00000137a7f6e000 0000001ada5fedb0
0x0000001ada5fecf0:   00000137ac968f70 0000000000000000
0x0000001ada5fed00:   000001379016837d 0000000000000002
0x0000001ada5fed10:   0000001ada5fed90 0000013790179f4e
0x0000001ada5fed20:   00000137ac968f78 0000001ada5fed90
0x0000001ada5fed30:   00000137ac968f78 00000137a7f6e000
0x0000001ada5fed40:   0000001ada5fee60 0000013790179c02
0x0000001ada5fed50:   0000001ada5fed50 00000137ac968f70 

Instructions: (pc=0x0000000180005156)
0x0000000180005136:   8d 05 d4 79 01 00 48 8b d3 48 8b cd 44 8b f8 89
0x0000000180005146:   7c 24 24 8b f7 e8 c0 e6 ff ff 8d 5f 01 4c 63 e0
0x0000000180005156:   45 8b 74 24 08 41 89 7c 24 08 45 85 ff 78 0b ff
0x0000000180005166:   15 95 1e 01 00 89 44 24 24 90 8b ce ff c6 83 f9 


Register to memory mapping:

RAX=0x00000000da4ff150 is an oop

[error occurred during error reporting (printing register info), id 0xc0000005]

Stack: [0x0000001ada500000,0x0000001ada600000],  sp=0x0000001ada5fec60,  free space=1019k
Native frames: (J=compiled Java code, j=interpreted, Vv=VM code, C=native code)
C  [rxtxSerial.dll+0x5156]
C  0x0000013790179f4e

Java frames: (J=compiled Java code, j=interpreted, Vv=VM code)
j  gnu.io.RXTXPort.readByte()I+0
j  gnu.io.RXTXPort$SerialInputStream.read()I+81
j  org.soltelec.procesosopacimetro.OpacimetroSensors.enviarRecibirTrama([B)[B+89
j  org.soltelec.procesosopacimetro.OpacimetroSensors.obtenerDatos()Lorg/soltelec/util/MedicionOpacidad;+19
j  org.soltelec.procesosopacimetro.WorkerDatosOpacimetro.doInBackground()Ljava/lang/Integer;+100
j  org.soltelec.procesosopacimetro.WorkerDatosOpacimetro.doInBackground()Ljava/lang/Object;+1
j  javax.swing.SwingWorker$1.call()Ljava/lang/Object;+14
j  java.util.concurrent.FutureTask.run()V+42
j  javax.swing.SwingWorker.run()V+4
j  java.lang.Thread.run()V+11
v  ~StubRoutines::call_stub

---------------  P R O C E S S  ---------------

Java Threads: ( => current thread )
=>0x00000137a7f6e000 JavaThread "Thread-6" [_thread_in_native, id=7772, stack(0x0000001ada500000,0x0000001ada600000)]
  0x00000137a7f6d000 JavaThread "Thread-5" [_thread_in_native, id=16780, stack(0x0000001ada400000,0x0000001ada500000)]
  0x00000137a774d000 JavaThread "SwingWorker-pool-2-thread-1" daemon [_thread_blocked, id=8464, stack(0x0000001ada300000,0x0000001ada400000)]
  0x00000137a8681000 JavaThread "Image Fetcher 0" daemon [_thread_blocked, id=16488, stack(0x0000001ad9d00000,0x0000001ad9e00000)]
  0x00000137a4989800 JavaThread "Abandoned connection cleanup thread" daemon [_thread_blocked, id=9108, stack(0x0000001ada200000,0x0000001ada300000)]
  0x00000137a7915000 JavaThread "TimerQueue" daemon [_thread_blocked, id=9096, stack(0x0000001ada100000,0x0000001ada200000)]
  0x000001378e71a000 JavaThread "DestroyJavaVM" [_thread_blocked, id=4612, stack(0x0000001ad8500000,0x0000001ad8600000)]
  0x00000137a70ae000 JavaThread "AWT-EventQueue-0" [_thread_blocked, id=15076, stack(0x0000001ad9c00000,0x0000001ad9d00000)]
  0x00000137a7098000 JavaThread "AWT-Windows" daemon [_thread_in_native, id=15560, stack(0x0000001ad9b00000,0x0000001ad9c00000)]
  0x00000137a7096800 JavaThread "AWT-Shutdown" [_thread_blocked, id=9116, stack(0x0000001ad9a00000,0x0000001ad9b00000)]
  0x00000137a7096000 JavaThread "Java2D Disposer" daemon [_thread_blocked, id=3984, stack(0x0000001ad9900000,0x0000001ad9a00000)]
  0x00000137a6818800 JavaThread "Service Thread" daemon [_thread_blocked, id=1848, stack(0x0000001ad9700000,0x0000001ad9800000)]
  0x00000137a49a6800 JavaThread "C1 CompilerThread3" daemon [_thread_blocked, id=12236, stack(0x0000001ad9600000,0x0000001ad9700000)]
  0x00000137a49a4800 JavaThread "C2 CompilerThread2" daemon [_thread_blocked, id=5016, stack(0x0000001ad9500000,0x0000001ad9600000)]
  0x00000137a49a2800 JavaThread "C2 CompilerThread1" daemon [_thread_blocked, id=5180, stack(0x0000001ad9400000,0x0000001ad9500000)]
  0x00000137a499e800 JavaThread "C2 CompilerThread0" daemon [_thread_blocked, id=10588, stack(0x0000001ad9300000,0x0000001ad9400000)]
  0x00000137a499c000 JavaThread "Attach Listener" daemon [_thread_blocked, id=4256, stack(0x0000001ad9200000,0x0000001ad9300000)]
  0x00000137a4999000 JavaThread "Signal Dispatcher" daemon [_thread_blocked, id=9792, stack(0x0000001ad9100000,0x0000001ad9200000)]
  0x00000137a4977000 JavaThread "Finalizer" daemon [_thread_blocked, id=9236, stack(0x0000001ad9000000,0x0000001ad9100000)]
  0x00000137a496c800 JavaThread "Reference Handler" daemon [_thread_blocked, id=11276, stack(0x0000001ad8f00000,0x0000001ad9000000)]

Other Threads:
  0x00000137a4944000 VMThread [stack: 0x0000001ad8e00000,0x0000001ad8f00000] [id=12176]
  0x00000137a6854800 WatcherThread [stack: 0x0000001ad9800000,0x0000001ad9900000] [id=6244]

VM state:not at safepoint (normal execution)

VM Mutex/Monitor currently owned by a thread: None

heap address: 0x0000000081600000, size: 2026 MB, Compressed Oops mode: 32-bit
Narrow klass base: 0x0000000000000000, Narrow klass shift: 3
Compressed class space size: 1073741824 Address: 0x0000000100000000

Heap:
 PSYoungGen      total 94208K, used 12039K [0x00000000d5d00000, 0x00000000dd380000, 0x0000000100000000)
  eden space 72192K, 16% used [0x00000000d5d00000,0x00000000d68c1cb0,0x00000000da380000)
  from space 22016K, 0% used [0x00000000db900000,0x00000000db900000,0x00000000dce80000)
  to   space 22016K, 0% used [0x00000000da380000,0x00000000da380000,0x00000000db900000)
 ParOldGen       total 104448K, used 19076K [0x0000000081600000, 0x0000000087c00000, 0x00000000d5d00000)
  object space 104448K, 18% used [0x0000000081600000,0x00000000828a11a8,0x0000000087c00000)
 Metaspace       used 36139K, capacity 36420K, committed 36648K, reserved 1081344K
  class space    used 4466K, capacity 4587K, committed 4648K, reserved 1048576K

Card table byte_map: [0x000001379f520000,0x000001379f920000] byte_map_base: 0x000001379f115000

Marking Bits: (ParMarkBitMap*) 0x000000005ff17fe0
 Begin Bits: [0x000001379fbd0000, 0x00000137a1b78000)
 End Bits:   [0x00000137a1b78000, 0x00000137a3b20000)

Polling page: 0x000001378e940000

CodeCache: size=245760Kb used=11353Kb max_used=11353Kb free=234406Kb
 bounds [0x0000013790160000, 0x0000013790c90000, 0x000001379f160000]
 total_blobs=4453 nmethods=3742 adapters=621
 compilation: enabled

Compilation events (10 events):
Event: 21.174 Thread 0x00000137a49a6800 4103       3       java.awt.Rectangle::intersection (180 bytes)
Event: 21.174 Thread 0x00000137a49a6800 nmethod 4103 0x0000013790c7c690 code [0x0000013790c7c820, 0x0000013790c7cd58]
Event: 21.174 Thread 0x00000137a49a6800 4100       3       java.awt.geom.Point2D$Float::getX (6 bytes)
Event: 21.174 Thread 0x00000137a49a6800 nmethod 4100 0x0000013790c7d010 code [0x0000013790c7d160, 0x0000013790c7d2b8]
Event: 21.174 Thread 0x00000137a49a6800 4102       3       java.awt.geom.Point2D$Float::<init> (15 bytes)
Event: 21.174 Thread 0x00000137a49a6800 nmethod 4102 0x0000013790c7d350 code [0x0000013790c7d4c0, 0x0000013790c7d6d8]
Event: 21.174 Thread 0x00000137a49a6800 4099       1       sun.font.GlyphLayout$SDCache$SDKey::hashCode (5 bytes)
Event: 21.174 Thread 0x00000137a49a6800 nmethod 4099 0x0000013790c7d7d0 code [0x0000013790c7d920, 0x0000013790c7da38]
Event: 21.175 Thread 0x00000137a49a6800 4104       3       java.text.DecimalFormat::expandAffix (188 bytes)
Event: 21.176 Thread 0x00000137a49a6800 nmethod 4104 0x0000013790c7da90 code [0x0000013790c7dd80, 0x0000013790c7fb10]

GC Heap History (10 events):
Event: 7.344 GC heap before
{Heap before GC invocations=5 (full 1):
 PSYoungGen      total 38400K, used 38393K [0x00000000d5d00000, 0x00000000d9880000, 0x0000000100000000)
  eden space 33280K, 100% used [0x00000000d5d00000,0x00000000d7d80000,0x00000000d7d80000)
  from space 5120K, 99% used [0x00000000d7d80000,0x00000000d827e530,0x00000000d8280000)
  to   space 5120K, 0% used [0x00000000d9380000,0x00000000d9380000,0x00000000d9880000)
 ParOldGen       total 76800K, used 16940K [0x0000000081600000, 0x0000000086100000, 0x00000000d5d00000)
  object space 76800K, 22% used [0x0000000081600000,0x000000008268b390,0x0000000086100000)
 Metaspace       used 30809K, capacity 31116K, committed 31280K, reserved 1077248K
  class space    used 3732K, capacity 3845K, committed 3888K, reserved 1048576K
Event: 7.354 GC heap after
Heap after GC invocations=5 (full 1):
 PSYoungGen      total 55296K, used 5115K [0x00000000d5d00000, 0x00000000d9880000, 0x0000000100000000)
  eden space 50176K, 0% used [0x00000000d5d00000,0x00000000d5d00000,0x00000000d8e00000)
  from space 5120K, 99% used [0x00000000d9380000,0x00000000d987ef08,0x00000000d9880000)
  to   space 5120K, 0% used [0x00000000d8e80000,0x00000000d8e80000,0x00000000d9380000)
 ParOldGen       total 76800K, used 19665K [0x0000000081600000, 0x0000000086100000, 0x00000000d5d00000)
  object space 76800K, 25% used [0x0000000081600000,0x0000000082934588,0x0000000086100000)
 Metaspace       used 30809K, capacity 31116K, committed 31280K, reserved 1077248K
  class space    used 3732K, capacity 3845K, committed 3888K, reserved 1048576K
}
Event: 15.091 GC heap before
{Heap before GC invocations=6 (full 1):
 PSYoungGen      total 55296K, used 23721K [0x00000000d5d00000, 0x00000000d9880000, 0x0000000100000000)
  eden space 50176K, 37% used [0x00000000d5d00000,0x00000000d6f2b8b0,0x00000000d8e00000)
  from space 5120K, 99% used [0x00000000d9380000,0x00000000d987ef08,0x00000000d9880000)
  to   space 5120K, 0% used [0x00000000d8e80000,0x00000000d8e80000,0x00000000d9380000)
 ParOldGen       total 76800K, used 19665K [0x0000000081600000, 0x0000000086100000, 0x00000000d5d00000)
  object space 76800K, 25% used [0x0000000081600000,0x0000000082934588,0x0000000086100000)
 Metaspace       used 35017K, capacity 35294K, committed 35496K, reserved 1081344K
  class space    used 4326K, capacity 4426K, committed 4520K, reserved 1048576K
Event: 15.096 GC heap after
Heap after GC invocations=6 (full 1):
 PSYoungGen      total 55808K, used 5115K [0x00000000d5d00000, 0x00000000dce80000, 0x0000000100000000)
  eden space 50688K, 0% used [0x00000000d5d00000,0x00000000d5d00000,0x00000000d8e80000)
  from space 5120K, 99% used [0x00000000d8e80000,0x00000000d937ed28,0x00000000d9380000)
  to   space 22016K, 0% used [0x00000000db900000,0x00000000db900000,0x00000000dce80000)
 ParOldGen       total 76800K, used 22225K [0x0000000081600000, 0x0000000086100000, 0x00000000d5d00000)
  object space 76800K, 28% used [0x0000000081600000,0x0000000082bb45f8,0x0000000086100000)
 Metaspace       used 35017K, capacity 35294K, committed 35496K, reserved 1081344K
  class space    used 4326K, capacity 4426K, committed 4520K, reserved 1048576K
}
Event: 15.096 GC heap before
{Heap before GC invocations=7 (full 2):
 PSYoungGen      total 55808K, used 5115K [0x00000000d5d00000, 0x00000000dce80000, 0x0000000100000000)
  eden space 50688K, 0% used [0x00000000d5d00000,0x00000000d5d00000,0x00000000d8e80000)
  from space 5120K, 99% used [0x00000000d8e80000,0x00000000d937ed28,0x00000000d9380000)
  to   space 22016K, 0% used [0x00000000db900000,0x00000000db900000,0x00000000dce80000)
 ParOldGen       total 76800K, used 22225K [0x0000000081600000, 0x0000000086100000, 0x00000000d5d00000)
  object space 76800K, 28% used [0x0000000081600000,0x0000000082bb45f8,0x0000000086100000)
 Metaspace       used 35017K, capacity 35294K, committed 35496K, reserved 1081344K
  class space    used 4326K, capacity 4426K, committed 4520K, reserved 1048576K
Event: 15.136 GC heap after
Heap after GC invocations=7 (full 2):
 PSYoungGen      total 55808K, used 0K [0x00000000d5d00000, 0x00000000dce80000, 0x0000000100000000)
  eden space 50688K, 0% used [0x00000000d5d00000,0x00000000d5d00000,0x00000000d8e80000)
  from space 5120K, 0% used [0x00000000d8e80000,0x00000000d8e80000,0x00000000d9380000)
  to   space 22016K, 0% used [0x00000000db900000,0x00000000db900000,0x00000000dce80000)
 ParOldGen       total 104448K, used 16523K [0x0000000081600000, 0x0000000087c00000, 0x00000000d5d00000)
  object space 104448K, 15% used [0x0000000081600000,0x0000000082622d38,0x0000000087c00000)
 Metaspace       used 35017K, capacity 35294K, committed 35496K, reserved 1081344K
  class space    used 4326K, capacity 4426K, committed 4520K, reserved 1048576K
}
Event: 16.528 GC heap before
{Heap before GC invocations=8 (full 2):
 PSYoungGen      total 55808K, used 12514K [0x00000000d5d00000, 0x00000000dce80000, 0x0000000100000000)
  eden space 50688K, 24% used [0x00000000d5d00000,0x00000000d6938870,0x00000000d8e80000)
  from space 5120K, 0% used [0x00000000d8e80000,0x00000000d8e80000,0x00000000d9380000)
  to   space 22016K, 0% used [0x00000000db900000,0x00000000db900000,0x00000000dce80000)
 ParOldGen       total 104448K, used 16523K [0x0000000081600000, 0x0000000087c00000, 0x00000000d5d00000)
  object space 104448K, 15% used [0x0000000081600000,0x0000000082622d38,0x0000000087c00000)
 Metaspace       used 35544K, capacity 35870K, committed 36008K, reserved 1081344K
  class space    used 4382K, capacity 4490K, committed 4520K, reserved 1048576K
Event: 16.534 GC heap after
Heap after GC invocations=8 (full 2):
 PSYoungGen      total 94208K, used 5489K [0x00000000d5d00000, 0x00000000dd380000, 0x0000000100000000)
  eden space 72192K, 0% used [0x00000000d5d00000,0x00000000d5d00000,0x00000000da380000)
  from space 22016K, 24% used [0x00000000db900000,0x00000000dbe5c650,0x00000000dce80000)
  to   space 22016K, 0% used [0x00000000da380000,0x00000000da380000,0x00000000db900000)
 ParOldGen       total 104448K, used 16531K [0x0000000081600000, 0x0000000087c00000, 0x00000000d5d00000)
  object space 104448K, 15% used [0x0000000081600000,0x0000000082624d38,0x0000000087c00000)
 Metaspace       used 35544K, capacity 35870K, committed 36008K, reserved 1081344K
  class space    used 4382K, capacity 4490K, committed 4520K, reserved 1048576K
}
Event: 16.534 GC heap before
{Heap before GC invocations=9 (full 3):
 PSYoungGen      total 94208K, used 5489K [0x00000000d5d00000, 0x00000000dd380000, 0x0000000100000000)
  eden space 72192K, 0% used [0x00000000d5d00000,0x00000000d5d00000,0x00000000da380000)
  from space 22016K, 24% used [0x00000000db900000,0x00000000dbe5c650,0x00000000dce80000)
  to   space 22016K, 0% used [0x00000000da380000,0x00000000da380000,0x00000000db900000)
 ParOldGen       total 104448K, used 16531K [0x0000000081600000, 0x0000000087c00000, 0x00000000d5d00000)
  object space 104448K, 15% used [0x0000000081600000,0x0000000082624d38,0x0000000087c00000)
 Metaspace       used 35544K, capacity 35870K, committed 36008K, reserved 1081344K
  class space    used 4382K, capacity 4490K, committed 4520K, reserved 1048576K
Event: 16.685 GC heap after
Heap after GC invocations=9 (full 3):
 PSYoungGen      total 94208K, used 0K [0x00000000d5d00000, 0x00000000dd380000, 0x0000000100000000)
  eden space 72192K, 0% used [0x00000000d5d00000,0x00000000d5d00000,0x00000000da380000)
  from space 22016K, 0% used [0x00000000db900000,0x00000000db900000,0x00000000dce80000)
  to   space 22016K, 0% used [0x00000000da380000,0x00000000da380000,0x00000000db900000)
 ParOldGen       total 104448K, used 19076K [0x0000000081600000, 0x0000000087c00000, 0x00000000d5d00000)
  object space 104448K, 18% used [0x0000000081600000,0x00000000828a11a8,0x0000000087c00000)
 Metaspace       used 35544K, capacity 35870K, committed 36008K, reserved 1081344K
  class space    used 4382K, capacity 4490K, committed 4520K, reserved 1048576K
}

Deoptimization events (10 events):
Event: 15.200 Thread 0x00000137a70ae000 Uncommon trap: reason=unstable_if action=reinterpret pc=0x0000013790935f44 method=java.awt.MultipleGradientPaintContext.indexIntoGradientsArrays(F)I @ 24
Event: 15.221 Thread 0x00000137a70ae000 Uncommon trap: reason=class_check action=maybe_recompile pc=0x0000013790699564 method=java.util.regex.Pattern$Curly.match(Ljava/util/regex/Matcher;ILjava/lang/CharSequence;)Z @ 19
Event: 15.222 Thread 0x00000137a70ae000 Uncommon trap: reason=class_check action=maybe_recompile pc=0x0000013790699564 method=java.util.regex.Pattern$Curly.match(Ljava/util/regex/Matcher;ILjava/lang/CharSequence;)Z @ 19
Event: 15.222 Thread 0x00000137a70ae000 Uncommon trap: reason=class_check action=maybe_recompile pc=0x0000013790699564 method=java.util.regex.Pattern$Curly.match(Ljava/util/regex/Matcher;ILjava/lang/CharSequence;)Z @ 19
Event: 15.222 Thread 0x00000137a70ae000 Uncommon trap: reason=class_check action=maybe_recompile pc=0x0000013790699564 method=java.util.regex.Pattern$Curly.match(Ljava/util/regex/Matcher;ILjava/lang/CharSequence;)Z @ 19
Event: 17.533 Thread 0x00000137a70ae000 Uncommon trap: reason=bimorphic action=maybe_recompile pc=0x000001379064f8b8 method=java.util.regex.Pattern$Start.match(Ljava/util/regex/Matcher;ILjava/lang/CharSequence;)Z @ 44
Event: 17.534 Thread 0x00000137a70ae000 Uncommon trap: reason=bimorphic action=maybe_recompile pc=0x000001379064f8b8 method=java.util.regex.Pattern$Start.match(Ljava/util/regex/Matcher;ILjava/lang/CharSequence;)Z @ 44
Event: 17.535 Thread 0x00000137a70ae000 Uncommon trap: reason=bimorphic action=maybe_recompile pc=0x000001379064f8b8 method=java.util.regex.Pattern$Start.match(Ljava/util/regex/Matcher;ILjava/lang/CharSequence;)Z @ 44
Event: 17.535 Thread 0x00000137a70ae000 Uncommon trap: reason=bimorphic action=maybe_recompile pc=0x000001379064f8b8 method=java.util.regex.Pattern$Start.match(Ljava/util/regex/Matcher;ILjava/lang/CharSequence;)Z @ 44
Event: 18.085 Thread 0x00000137a70ae000 Uncommon trap: reason=unstable_if action=reinterpret pc=0x0000013790b4a75c method=java.awt.Container.findComponentAtImpl(IIZ)Ljava/awt/Component; @ 131

Classes redefined (0 events):
No events

Internal exceptions (10 events):
Event: 7.177 Thread 0x00000137a70ae000 Exception <a 'java/lang/NoClassDefFoundError': android/graphics/Color> (0x00000000d792e758) thrown at [C:\jenkins\workspace\8-2-build-windows-amd64-cygwin\jdk8u291\1294\hotspot\src\share\vm\oops\constantPool.cpp, line 606]
Event: 7.177 Thread 0x00000137a70ae000 Exception <a 'java/lang/NoClassDefFoundError': android/graphics/Point> (0x00000000d792eba0) thrown at [C:\jenkins\workspace\8-2-build-windows-amd64-cygwin\jdk8u291\1294\hotspot\src\share\vm\oops\constantPool.cpp, line 606]
Event: 7.177 Thread 0x00000137a70ae000 Exception <a 'java/lang/NoClassDefFoundError': android/graphics/Rect> (0x00000000d792efe8) thrown at [C:\jenkins\workspace\8-2-build-windows-amd64-cygwin\jdk8u291\1294\hotspot\src\share\vm\oops\constantPool.cpp, line 606]
Event: 7.331 Thread 0x00000137a8681000 Implicit null exception at 0x00000137908d94c3 to 0x00000137908da455
Event: 14.907 Thread 0x00000137a70ae000 Exception <a 'java/io/FileNotFoundException'> (0x00000000d6dfa3c8) thrown at [C:\jenkins\workspace\8-2-build-windows-amd64-cygwin\jdk8u291\1294\hotspot\src\share\vm\prims\jni.cpp, line 710]
Event: 14.996 Thread 0x00000137a70ae000 Exception <a 'java/io/FileNotFoundException'> (0x00000000d6e11268) thrown at [C:\jenkins\workspace\8-2-build-windows-amd64-cygwin\jdk8u291\1294\hotspot\src\share\vm\prims\jni.cpp, line 710]
Event: 14.996 Thread 0x00000137a70ae000 Exception <a 'java/io/FileNotFoundException'> (0x00000000d6e21898) thrown at [C:\jenkins\workspace\8-2-build-windows-amd64-cygwin\jdk8u291\1294\hotspot\src\share\vm\prims\jni.cpp, line 710]
Event: 15.080 Thread 0x00000137a70ae000 Exception <a 'java/io/FileNotFoundException'> (0x00000000d6e38240) thrown at [C:\jenkins\workspace\8-2-build-windows-amd64-cygwin\jdk8u291\1294\hotspot\src\share\vm\prims\jni.cpp, line 710]
Event: 16.694 Thread 0x00000137a70ae000 Exception <a 'java/io/FileNotFoundException'> (0x00000000d5d63128) thrown at [C:\jenkins\workspace\8-2-build-windows-amd64-cygwin\jdk8u291\1294\hotspot\src\share\vm\prims\jni.cpp, line 710]
Event: 16.779 Thread 0x00000137a70ae000 Exception <a 'java/io/FileNotFoundException'> (0x00000000d5d79cb8) thrown at [C:\jenkins\workspace\8-2-build-windows-amd64-cygwin\jdk8u291\1294\hotspot\src\share\vm\prims\jni.cpp, line 710]

Events (10 events):
Event: 21.153 Executing VM operation: RevokeBias
Event: 21.153 Executing VM operation: RevokeBias done
Event: 21.153 Executing VM operation: BulkRevokeBias
Event: 21.154 Executing VM operation: BulkRevokeBias done
Event: 21.154 loading class org/soltelec/util/UtilGasesModelo
Event: 21.154 loading class org/soltelec/util/UtilGasesModelo done
Event: 21.154 Executing VM operation: RevokeBias
Event: 21.154 Executing VM operation: RevokeBias done
Event: 21.160 loading class eu/hansolo/steelseries/gauges/DisplayMulti$2
Event: 21.160 loading class eu/hansolo/steelseries/gauges/DisplayMulti$2 done


Dynamic libraries:
0x00007ff6c2c10000 - 0x00007ff6c2c57000 	C:\Program Files\Java\jdk1.8.0_291\jre\bin\java.exe
0x00007ffade5f0000 - 0x00007ffade7e5000 	C:\WINDOWS\SYSTEM32\ntdll.dll
0x00007ffadc800000 - 0x00007ffadc8bd000 	C:\WINDOWS\System32\KERNEL32.DLL
0x00007ffadbda0000 - 0x00007ffadc06d000 	C:\WINDOWS\System32\KERNELBASE.dll
0x00007ffadde10000 - 0x00007ffaddebe000 	C:\WINDOWS\System32\ADVAPI32.dll
0x00007ffadcfc0000 - 0x00007ffadd05e000 	C:\WINDOWS\System32\msvcrt.dll
0x00007ffadc640000 - 0x00007ffadc6dc000 	C:\WINDOWS\System32\sechost.dll
0x00007ffadce90000 - 0x00007ffadcfb5000 	C:\WINDOWS\System32\RPCRT4.dll
0x00007ffaddfb0000 - 0x00007ffade150000 	C:\WINDOWS\System32\USER32.dll
0x00007ffadc360000 - 0x00007ffadc382000 	C:\WINDOWS\System32\win32u.dll
0x00007ffade420000 - 0x00007ffade44a000 	C:\WINDOWS\System32\GDI32.dll
0x00007ffadc250000 - 0x00007ffadc35b000 	C:\WINDOWS\System32\gdi32full.dll
0x00007ffadbd00000 - 0x00007ffadbd9d000 	C:\WINDOWS\System32\msvcp_win.dll
0x00007ffadc070000 - 0x00007ffadc170000 	C:\WINDOWS\System32\ucrtbase.dll
0x00007ffac58d0000 - 0x00007ffac5b6a000 	C:\WINDOWS\WinSxS\amd64_microsoft.windows.common-controls_6595b64144ccf1df_6.0.19041.1110_none_60b5254171f9507e\COMCTL32.dll
0x00007ffade4b0000 - 0x00007ffade4e0000 	C:\WINDOWS\System32\IMM32.DLL
0x00007ffabdb20000 - 0x00007ffabdb35000 	C:\Program Files\Java\jdk1.8.0_291\jre\bin\vcruntime140.dll
0x00007ffa960c0000 - 0x00007ffa9615b000 	C:\Program Files\Java\jdk1.8.0_291\jre\bin\msvcp140.dll
0x000000005f730000 - 0x000000005ff90000 	C:\Program Files\Java\jdk1.8.0_291\jre\bin\server\jvm.dll
0x00007ffadc920000 - 0x00007ffadc928000 	C:\WINDOWS\System32\PSAPI.DLL
0x00007ffad6e20000 - 0x00007ffad6e29000 	C:\WINDOWS\SYSTEM32\WSOCK32.dll
0x00007ffac1d90000 - 0x00007ffac1db7000 	C:\WINDOWS\SYSTEM32\WINMM.dll
0x00007ffad49a0000 - 0x00007ffad49aa000 	C:\WINDOWS\SYSTEM32\VERSION.dll
0x00007ffade200000 - 0x00007ffade26b000 	C:\WINDOWS\System32\WS2_32.dll
0x00007ffada590000 - 0x00007ffada5a2000 	C:\WINDOWS\SYSTEM32\kernel.appcore.dll
0x00007ffacaa60000 - 0x00007ffacaa70000 	C:\Program Files\Java\jdk1.8.0_291\jre\bin\verify.dll
0x00007ffab9650000 - 0x00007ffab967b000 	C:\Program Files\Java\jdk1.8.0_291\jre\bin\java.dll
0x00007ffab9e80000 - 0x00007ffab9e98000 	C:\Program Files\Java\jdk1.8.0_291\jre\bin\zip.dll
0x00007ffadd090000 - 0x00007ffadd7d4000 	C:\WINDOWS\System32\SHELL32.dll
0x00007ffad9a30000 - 0x00007ffada1c4000 	C:\WINDOWS\SYSTEM32\windows.storage.dll
0x00007ffadd7e0000 - 0x00007ffaddb34000 	C:\WINDOWS\System32\combase.dll
0x00007ffadb760000 - 0x00007ffadb78c000 	C:\WINDOWS\SYSTEM32\Wldp.dll
0x00007ffaddd60000 - 0x00007ffadde0d000 	C:\WINDOWS\System32\SHCORE.dll
0x00007ffadc930000 - 0x00007ffadc985000 	C:\WINDOWS\System32\shlwapi.dll
0x00007ffadbc40000 - 0x00007ffadbc5f000 	C:\WINDOWS\SYSTEM32\profapi.dll
0x00007ffa93de0000 - 0x00007ffa93f75000 	C:\Program Files\Java\jdk1.8.0_291\jre\bin\awt.dll
0x00007ffade4e0000 - 0x00007ffade5ad000 	C:\WINDOWS\System32\OLEAUT32.dll
0x00007ffad8b50000 - 0x00007ffad8be0000 	C:\WINDOWS\SYSTEM32\apphelp.dll
0x00007ffad8c90000 - 0x00007ffad8d2e000 	C:\WINDOWS\system32\uxtheme.dll
0x00007ffadc6e0000 - 0x00007ffadc7f5000 	C:\WINDOWS\System32\MSCTF.dll
0x00007ffaddb40000 - 0x00007ffaddc6a000 	C:\WINDOWS\System32\ole32.dll
0x00007ffadc1c0000 - 0x00007ffadc242000 	C:\WINDOWS\System32\bcryptPrimitives.dll
0x00007ffad9560000 - 0x00007ffad958f000 	C:\WINDOWS\system32\DWMAPI.DLL
0x00007ffac9500000 - 0x00007ffac9626000 	C:\WINDOWS\system32\opengl32.dll
0x00007ffad48b0000 - 0x00007ffad48dc000 	C:\WINDOWS\SYSTEM32\GLU32.dll
0x00007ffaadf00000 - 0x00007ffaadf32000 	C:\Program Files\Java\jdk1.8.0_291\jre\bin\jpeg.dll
0x00007ffaaffa0000 - 0x00007ffaaffe9000 	C:\Program Files\Java\jdk1.8.0_291\jre\bin\fontmanager.dll
0x00007ffade150000 - 0x00007ffade1f9000 	C:\WINDOWS\System32\clbcatq.dll
0x00007ffad5170000 - 0x00007ffad5324000 	C:\WINDOWS\SYSTEM32\WindowsCodecs.dll
0x00007ffadc440000 - 0x00007ffadc467000 	C:\WINDOWS\System32\bcrypt.dll
0x00007ffabd2c0000 - 0x00007ffabd2fe000 	C:\WINDOWS\system32\dataexchange.dll
0x00007ffad7820000 - 0x00007ffad7a84000 	C:\WINDOWS\system32\d3d11.dll
0x00007ffad8050000 - 0x00007ffad8235000 	C:\WINDOWS\system32\dcomp.dll
0x00007ffada600000 - 0x00007ffada6f3000 	C:\WINDOWS\system32\dxgi.dll
0x00007ffad4eb0000 - 0x00007ffad50b1000 	C:\WINDOWS\system32\twinapi.appcore.dll
0x00007ffab9630000 - 0x00007ffab964c000 	C:\Program Files\Java\jdk1.8.0_291\jre\bin\net.dll
0x00007ffadb4c0000 - 0x00007ffadb52a000 	C:\WINDOWS\system32\mswsock.dll
0x00007ffab9610000 - 0x00007ffab9623000 	C:\Program Files\Java\jdk1.8.0_291\jre\bin\nio.dll
0x00007ffa996d0000 - 0x00007ffa99713000 	C:\Program Files\Java\jdk1.8.0_291\jre\bin\t2k.dll
0x00007ffad1240000 - 0x00007ffad1339000 	C:\WINDOWS\SYSTEM32\textinputframework.dll
0x00007ffad8920000 - 0x00007ffad8a12000 	C:\WINDOWS\System32\CoreMessaging.dll
0x00007ffad8240000 - 0x00007ffad859e000 	C:\WINDOWS\System32\CoreUIComponents.dll
0x00007ffadaa00000 - 0x00007ffadaa33000 	C:\WINDOWS\SYSTEM32\ntmarta.dll
0x00007ffad7260000 - 0x00007ffad73b4000 	C:\WINDOWS\SYSTEM32\wintypes.dll
0x00007ffab5850000 - 0x00007ffab5874000 	C:\Program Files\Java\jdk1.8.0_291\jre\bin\sunec.dll
0x00007ffadb160000 - 0x00007ffadb19b000 	C:\WINDOWS\SYSTEM32\IPHLPAPI.DLL
0x00007ffaddd50000 - 0x00007ffaddd58000 	C:\WINDOWS\System32\NSI.dll
0x00007ffad0f00000 - 0x00007ffad0f17000 	C:\WINDOWS\SYSTEM32\dhcpcsvc6.DLL
0x00007ffad1890000 - 0x00007ffad18ad000 	C:\WINDOWS\SYSTEM32\dhcpcsvc.DLL
0x00007ffadb1b0000 - 0x00007ffadb27b000 	C:\WINDOWS\SYSTEM32\DNSAPI.dll
0x00007ffadb6b0000 - 0x00007ffadb6c8000 	C:\WINDOWS\SYSTEM32\CRYPTSP.dll
0x00007ffadadd0000 - 0x00007ffadae04000 	C:\WINDOWS\system32\rsaenh.dll
0x00007ffadbc00000 - 0x00007ffadbc2e000 	C:\WINDOWS\SYSTEM32\USERENV.dll
0x00007ffadb6d0000 - 0x00007ffadb6dc000 	C:\WINDOWS\SYSTEM32\CRYPTBASE.dll
0x00007ffac0080000 - 0x00007ffac00aa000 	C:\Program Files\Java\jdk1.8.0_291\jre\bin\dcpr.dll
0x0000000180000000 - 0x0000000180025000 	C:\Program Files\Java\jdk1.8.0_291\jre\bin\rxtxSerial.dll
0x00007ffada290000 - 0x00007ffada474000 	C:\WINDOWS\SYSTEM32\dbghelp.dll

VM Arguments:
jvm_args: -Dfile.encoding=UTF-8 
java_command: com.soltelec.Inicio.Inicio
java_class_path (initial): C:\opt\sst\SartRestructurado\lib\slf4j-api-1.7.2.jar;C:\opt\sst\SartRestructurado\lib\axis-1.4.jar;C:\opt\sst\SartRestructurado\lib\axis-wsdl4j-1.5.1.jar;C:\opt\sst\SartRestructurado\lib\GiovynetDriver.jar;C:\opt\sst\SartRestructurado\lib\commons-discovery-0.5.jar;C:\opt\sst\SartRestructurado\lib\eclipselink.jar;C:\opt\sst\SartRestructurado\lib\ini4j-0.5.1.jar;C:\opt\sst\SartRestructurado\lib\javacsv.jar;C:\opt\sst\SartRestructurado\lib\javax.persistence_2.1.0.v201304241213.jar;C:\opt\sst\SartRestructurado\lib\jaxrpc-api-1.1.jar;C:\opt\sst\SartRestructurado\lib\jfreechart-1.0.13.jar;C:\opt\sst\SartRestructurado\lib\jfxtras-labs-2.2-r4.jar;C:\opt\sst\SartRestructurado\lib\jna-3.2.7.jar;C:\opt\sst\SartRestructurado\lib\jna-4.1.0.jar;C:\opt\sst\SartRestructurado\lib\RXTXcomm.jar;C:\opt\sst\SartRestructurado\lib\TrafficLight2.jar;C:\opt\sst\SartRestructurado\lib\org.eclipse.persistence.jpa.jpql_2.5.1.v20130918-f2b9fc5.jar;C:\opt\sst\SartRestructurado\lib\orson-0.5.0.jar;C:\opt\sst\SartRestructurado\lib\platform.jar;C:\opt\sst\SartRestructurado\lib\postgresql-9.3-1103.jdbc41.jar;C:\opt\sst\SartRestructurado\lib\swingx-1.6.jar;C:\opt\sst\SartRestructurado\lib\trident.jar;C:\opt\sst\SartRestructurado\lib\vlcj-1.2.0-test.jar;C:\opt\sst\SartRestructurado\lib\vlcj-1.2.0.jar;C:\opt\sst\SartRestructurado\lib\webcam-capture-0.3.10-RC6.jar;C:\opt\sst\SartRestructurado\lib\xml-apis-1.3.02.jar;C:\opt\sst\SartRestructurado\lib\SteelSeries-3.9.31.0.jar;C:\opt\sst\SartRestructurado\lib\jcommon-1.0.16.jar;C:\Program Files\NetBeans-11.3\netbeans\java\modules\ext\AbsoluteLayout.jar;C:\opt\sst\SartRestructurado\lib\TermoHigrometro.jar;C:\opt\sst\SartRestructurado\lib\AbsoluteLayout.jar;C:\opt\sst\SartRestructurado\lib\ModuloLogin.jar;C:\opt\sst\SartRestructurado\lib\ModuloTermoHigrometro.jar;C:\opt\sst\SartRestructurado\lib\access-bridge-32.jar;C:\opt\sst\SartRestructurado\lib\access-bridge-64.jar;C:\opt\sst\SartRestructurado\lib\activation-1.1.jar;C:\opt\sst\
Launcher Type: SUN_STANDARD

Environment Variables:
JAVA_HOME=C:\Program Files\Java\jdk1.8.0_291
PATH=C:\ProgramData\Oracle\Java\javapath;C:\Program Files (x86)\Common Files\Oracle\Java\javapath;C:\Program Files (x86)\Intel\Intel(R) Management Engine Components\iCLS\;C:\Program Files\Intel\Intel(R) Management Engine Components\iCLS\;C:\WINDOWS\system32;C:\WINDOWS;C:\WINDOWS\System32\Wbem;C:\WINDOWS\System32\WindowsPowerShell\v1.0\;C:\Program Files (x86)\Intel\Intel(R) Management Engine Components\DAL;C:\Program Files\Intel\Intel(R) Management Engine Components\DAL;C:\Program Files (x86)\Intel\Intel(R) Management Engine Components\IPT;C:\Program Files\Intel\Intel(R) Management Engine Components\IPT;C:\WINDOWS\System32\OpenSSH\;C:\Program Files\Git\cmd;C:\Program Files\MySQL\MySQL Server 5.6\bin;C:\xampp\php;C:\Program Files\010 Editor;C:\Program Files\nodejs\;C:\Users\SOLTELEC\AppData\Local\Microsoft\WindowsApps;C:\Users\SOLTELEC\AppData\Local\GitHubDesktop\bin;C:\Windows\System32\PSTools;;C:\Users\SOLTELEC\AppData\Local\Programs\Microsoft VS Code\bin;C:\Users\SOLTELEC\AppData\Roaming\npm
USERNAME=SOLTELEC
OS=Windows_NT
PROCESSOR_IDENTIFIER=Intel64 Family 6 Model 142 Stepping 10, GenuineIntel



---------------  S Y S T E M  ---------------

OS: Windows 10.0 , 64 bit Build 19041 (10.0.19041.1706)

CPU:total 8 (initial active 8) (4 cores per cpu, 2 threads per core) family 6 model 142 stepping 10, cmov, cx8, fxsr, mmx, sse, sse2, sse3, ssse3, sse4.1, sse4.2, popcnt, avx, avx2, aes, clmul, erms, 3dnowpref, lzcnt, ht, tsc, tscinvbit, bmi1, bmi2, adx

Memory: 4k page, physical 8295652k(1734536k free), swap 17208548k(8537972k free)

vm_info: Java HotSpot(TM) 64-Bit Server VM (25.291-b10) for windows-amd64 JRE (1.8.0_291-b10), built on Apr  9 2021 00:02:00 by "java_re" with MS VC++ 15.9 (VS2017)

time: Thu May 26 15:48:35 2022
timezone: Hora est. Pacífico, Sudamérica
elapsed time: 21.236765 seconds (0d 0h 0m 21s)

