#
# A fatal error has been detected by the Java Runtime Environment:
#
#  EXCEPTION_ACCESS_VIOLATION (0xc0000005) at pc=0x0000000180003990, pid=11776, tid=0x00000000000022c8
#
# JRE version: Java(TM) SE Runtime Environment (8.0_301-b09) (build 1.8.0_301-b09)
# Java VM: Java HotSpot(TM) 64-Bit Server VM (25.301-b09 mixed mode windows-amd64 compressed oops)
# Problematic frame:
# C  [rxtxSerial.dll+0x3990]
#
# Failed to write core dump. Minidumps are not enabled by default on client versions of Windows
#
# If you would like to submit a bug report, please visit:
#   http://bugreport.java.com/bugreport/crash.jsp
# The crash happened outside the Java Virtual Machine in native code.
# See problematic frame for where to report the bug.
#

---------------  T H R E A D  ---------------

Current thread (0x000001cff35fb000):  JavaThread "AWT-EventQueue-0" [_thread_in_native, id=8904, stack(0x0000005520500000,0x0000005520600000)]

siginfo: ExceptionCode=0xc0000005, reading address 0x0000000020dfeb78

Registers:
RAX=0x0000000020dfeb70, RBX=0x0000000000000000, RCX=0x000000018001d4d5, RDX=0xfffffffffffff665
RSP=0x00000055205f5020, RBP=0x00000000ffffffff, RSI=0x0000000000000400, RDI=0x0000000000000000
R8 =0x0000000000000002, R9 =0xfffffffffffff63c, R10=0x0000000000000178, R11=0x8101010101010100
R12=0x0000000020dfeb70, R13=0x0000000000000001, R14=0x0000000000000400, R15=0x0000000000000000
RIP=0x0000000180003990, EFLAGS=0x0000000000010202

Top of Stack: (sp=0x00000055205f5020)
0x00000055205f5020:   0000000000000000 00000055205f51f0
0x00000055205f5030:   0000000000000400 0000000000000000
0x00000055205f5040:   000001cff35fb000 00000000ffffffff
0x00000055205f5050:   0000000000000001 0000000000000000
0x00000055205f5060:   000001cff35fb200 0000000000000400
0x00000055205f5070:   00000055205f51f0 000000018000535a
0x00000055205f5080:   000001cff6adf790 00000055205f51f0
0x00000055205f5090:   0000000000000001 000001cff6adf790
0x00000055205f50a0:   0000005500000400 00000000ffffffff
0x00000055205f50b0:   00000055205f51f8 0000000000000000
0x00000055205f50c0:   000001cff35fb000 000001cff1c95b80
0x00000055205f50d0:   000001cff81dd578 000001cff35fb000
0x00000055205f50e0:   000001cff81dd578 000001cff35fb000
0x00000055205f50f0:   000001cfdc977dc0 0000756615f51e28
0x00000055205f5100:   00000055205f51f8 000001cff81dd570
0x00000055205f5110:   0000000000000000 000001cfdc977dc0 

Instructions: (pc=0x0000000180003990)
0x0000000180003970:   00 44 8b fb 8b fb e8 95 fe ff ff 8b ac 24 88 00
0x0000000180003980:   00 00 44 8b b4 24 80 00 00 00 4c 63 e0 41 8b f6
0x0000000180003990:   45 8b 6c 24 08 41 89 5c 24 08 85 ed 78 09 ff 15
0x00000001800039a0:   5c 36 01 00 44 8b f8 45 85 f6 7e 4d 0f 1f 40 00 


Register to memory mapping:

RAX=0x0000000020dfeb70 is an unknown value
RBX=0x0000000000000000 is an unknown value
RCX=0x000000018001d4d5 is an unknown value
RDX=0xfffffffffffff665 is an unknown value
RSP=0x00000055205f5020 is pointing into the stack for thread: 0x000001cff35fb000
RBP=0x00000000ffffffff is an unallocated location in the heap
RSI=0x0000000000000400 is an unknown value
RDI=0x0000000000000000 is an unknown value
R8 =0x0000000000000002 is an unknown value
R9 =0xfffffffffffff63c is an unknown value
R10=0x0000000000000178 is an unknown value
R11=0x8101010101010100 is an unknown value
R12=0x0000000020dfeb70 is an unknown value
R13=0x0000000000000001 is an unknown value
R14=0x0000000000000400 is an unknown value
R15=0x0000000000000000 is an unknown value


Stack: [0x0000005520500000,0x0000005520600000],  sp=0x00000055205f5020,  free space=980k
Native frames: (J=compiled Java code, j=interpreted, Vv=VM code, C=native code)
C  [rxtxSerial.dll+0x3990]
C  [rxtxSerial.dll+0x535a]
C  0x000001cfdc989fae

Java frames: (J=compiled Java code, j=interpreted, Vv=VM code)
j  gnu.io.RXTXPort.readArray([BII)I+0
j  gnu.io.RXTXPort$SerialInputStream.read([BII)I+212
j  gnu.io.RXTXPort$SerialInputStream.read([B)I+60
j  vistas.DlgServicio.PruebaConexion()Z+25
j  vistas.DlgServicio.BotonConectarActionPerformed(Ljava/awt/event/ActionEvent;)V+15
j  vistas.DlgServicio.access$600(Lvistas/DlgServicio;Ljava/awt/event/ActionEvent;)V+2
j  vistas.DlgServicio$7.actionPerformed(Ljava/awt/event/ActionEvent;)V+5
j  javax.swing.AbstractButton.fireActionPerformed(Ljava/awt/event/ActionEvent;)V+83
j  javax.swing.AbstractButton$Handler.actionPerformed(Ljava/awt/event/ActionEvent;)V+5
j  javax.swing.DefaultButtonModel.fireActionPerformed(Ljava/awt/event/ActionEvent;)V+34
j  javax.swing.DefaultButtonModel.setPressed(Z)V+117
j  javax.swing.plaf.basic.BasicButtonListener.mouseReleased(Ljava/awt/event/MouseEvent;)V+35
j  java.awt.Component.processMouseEvent(Ljava/awt/event/MouseEvent;)V+64
j  javax.swing.JComponent.processMouseEvent(Ljava/awt/event/MouseEvent;)V+23
j  java.awt.Component.processEvent(Ljava/awt/AWTEvent;)V+81
j  java.awt.Container.processEvent(Ljava/awt/AWTEvent;)V+18
j  java.awt.Component.dispatchEventImpl(Ljava/awt/AWTEvent;)V+589
J 3231 C1 java.awt.Container.dispatchEventImpl(Ljava/awt/AWTEvent;)V (129 bytes) @ 0x000001cfdcb1c004 [0x000001cfdcb1bec0+0x144]
J 3230 C1 java.awt.Component.dispatchEvent(Ljava/awt/AWTEvent;)V (6 bytes) @ 0x000001cfdce24144 [0x000001cfdce24040+0x104]
j  java.awt.LightweightDispatcher.retargetMouseEvent(Ljava/awt/Component;ILjava/awt/event/MouseEvent;)V+349
j  java.awt.LightweightDispatcher.processMouseEvent(Ljava/awt/event/MouseEvent;)Z+155
j  java.awt.LightweightDispatcher.dispatchEvent(Ljava/awt/AWTEvent;)Z+50
J 3231 C1 java.awt.Container.dispatchEventImpl(Ljava/awt/AWTEvent;)V (129 bytes) @ 0x000001cfdcb1bfa4 [0x000001cfdcb1bec0+0xe4]
j  java.awt.Window.dispatchEventImpl(Ljava/awt/AWTEvent;)V+19
J 3363 C1 java.awt.EventQueue.dispatchEventImpl(Ljava/awt/AWTEvent;Ljava/lang/Object;)V (149 bytes) @ 0x000001cfdd24543c [0x000001cfdd243c00+0x183c]
J 3361 C1 java.awt.EventQueue$3.run()Ljava/lang/Void; (60 bytes) @ 0x000001cfdce99d4c [0x000001cfdce99b40+0x20c]
J 3360 C1 java.awt.EventQueue$3.run()Ljava/lang/Object; (5 bytes) @ 0x000001cfdce9a40c [0x000001cfdce9a380+0x8c]
v  ~StubRoutines::call_stub
J 492  java.security.AccessController.doPrivileged(Ljava/security/PrivilegedAction;Ljava/security/AccessControlContext;)Ljava/lang/Object; (0 bytes) @ 0x000001cfdcb82ca6 [0x000001cfdcb82c40+0x66]
J 2709 C1 java.security.ProtectionDomain$JavaSecurityAccessImpl.doIntersectionPrivilege(Ljava/security/PrivilegedAction;Ljava/security/AccessControlContext;Ljava/security/AccessControlContext;)Ljava/lang/Object; (22 bytes) @ 0x000001cfdd1320ac [0x000001cfdd131c40+0x46c]
j  java.security.ProtectionDomain$JavaSecurityAccessImpl.doIntersectionPrivilege(Ljava/security/PrivilegedAction;Ljava/security/AccessControlContext;)Ljava/lang/Object;+6
j  java.awt.EventQueue$4.run()Ljava/lang/Void;+11
j  java.awt.EventQueue$4.run()Ljava/lang/Object;+1
v  ~StubRoutines::call_stub
J 492  java.security.AccessController.doPrivileged(Ljava/security/PrivilegedAction;Ljava/security/AccessControlContext;)Ljava/lang/Object; (0 bytes) @ 0x000001cfdcb82ca6 [0x000001cfdcb82c40+0x66]
J 2918 C1 java.awt.EventQueue.dispatchEvent(Ljava/awt/AWTEvent;)V (80 bytes) @ 0x000001cfdd1b923c [0x000001cfdd1b83c0+0xe7c]
J 2927 C1 java.awt.EventDispatchThread.pumpOneEventForFilters(I)V (190 bytes) @ 0x000001cfdd1bf94c [0x000001cfdd1be800+0x114c]
j  java.awt.EventDispatchThread.pumpEventsForFilter(ILjava/awt/Conditional;Ljava/awt/EventFilter;)V+35
j  java.awt.EventDispatchThread.pumpEventsForFilter(Ljava/awt/Conditional;Ljava/awt/EventFilter;)V+4
j  java.awt.WaitDispatchSupport$2.run()V+59
j  java.awt.WaitDispatchSupport$4.run()Ljava/lang/Void;+4
j  java.awt.WaitDispatchSupport$4.run()Ljava/lang/Object;+1
v  ~StubRoutines::call_stub
J 454  java.security.AccessController.doPrivileged(Ljava/security/PrivilegedAction;)Ljava/lang/Object; (0 bytes) @ 0x000001cfdcb6ef12 [0x000001cfdcb6eec0+0x52]
j  java.awt.WaitDispatchSupport.enter()Z+325
j  java.awt.Dialog.show()V+233
j  java.awt.Component.show(Z)V+5
j  java.awt.Component.setVisible(Z)V+2
j  java.awt.Window.setVisible(Z)V+2
j  java.awt.Dialog.setVisible(Z)V+2
j  com.soltelec.igrafica.Frm_UICentral.btnServicioFrenosActionPerformed(Ljava/awt/event/ActionEvent;)V+23
j  com.soltelec.igrafica.Frm_UICentral.access$3400(Lcom/soltelec/igrafica/Frm_UICentral;Ljava/awt/event/ActionEvent;)V+2
j  com.soltelec.igrafica.Frm_UICentral$13.actionPerformed(Ljava/awt/event/ActionEvent;)V+5
j  javax.swing.AbstractButton.fireActionPerformed(Ljava/awt/event/ActionEvent;)V+83
j  javax.swing.AbstractButton$Handler.actionPerformed(Ljava/awt/event/ActionEvent;)V+5
j  javax.swing.DefaultButtonModel.fireActionPerformed(Ljava/awt/event/ActionEvent;)V+34
j  javax.swing.DefaultButtonModel.setPressed(Z)V+117
j  javax.swing.plaf.basic.BasicButtonListener.mouseReleased(Ljava/awt/event/MouseEvent;)V+35
j  java.awt.Component.processMouseEvent(Ljava/awt/event/MouseEvent;)V+64
j  javax.swing.JComponent.processMouseEvent(Ljava/awt/event/MouseEvent;)V+23
j  java.awt.Component.processEvent(Ljava/awt/AWTEvent;)V+81
j  java.awt.Container.processEvent(Ljava/awt/AWTEvent;)V+18
j  java.awt.Component.dispatchEventImpl(Ljava/awt/AWTEvent;)V+589
j  java.awt.Container.dispatchEventImpl(Ljava/awt/AWTEvent;)V+42
j  java.awt.Component.dispatchEvent(Ljava/awt/AWTEvent;)V+2
j  java.awt.LightweightDispatcher.retargetMouseEvent(Ljava/awt/Component;ILjava/awt/event/MouseEvent;)V+349
j  java.awt.LightweightDispatcher.processMouseEvent(Ljava/awt/event/MouseEvent;)Z+155
j  java.awt.LightweightDispatcher.dispatchEvent(Ljava/awt/AWTEvent;)Z+50
j  java.awt.Container.dispatchEventImpl(Ljava/awt/AWTEvent;)V+12
j  java.awt.Window.dispatchEventImpl(Ljava/awt/AWTEvent;)V+19
j  java.awt.Component.dispatchEvent(Ljava/awt/AWTEvent;)V+2
j  java.awt.EventQueue.dispatchEventImpl(Ljava/awt/AWTEvent;Ljava/lang/Object;)V+41
j  java.awt.EventQueue.access$500(Ljava/awt/EventQueue;Ljava/awt/AWTEvent;Ljava/lang/Object;)V+3
j  java.awt.EventQueue$3.run()Ljava/lang/Void;+32
j  java.awt.EventQueue$3.run()Ljava/lang/Object;+1
v  ~StubRoutines::call_stub
J 492  java.security.AccessController.doPrivileged(Ljava/security/PrivilegedAction;Ljava/security/AccessControlContext;)Ljava/lang/Object; (0 bytes) @ 0x000001cfdcb82ca6 [0x000001cfdcb82c40+0x66]
J 2709 C1 java.security.ProtectionDomain$JavaSecurityAccessImpl.doIntersectionPrivilege(Ljava/security/PrivilegedAction;Ljava/security/AccessControlContext;Ljava/security/AccessControlContext;)Ljava/lang/Object; (22 bytes) @ 0x000001cfdd1320ac [0x000001cfdd131c40+0x46c]
j  java.security.ProtectionDomain$JavaSecurityAccessImpl.doIntersectionPrivilege(Ljava/security/PrivilegedAction;Ljava/security/AccessControlContext;)Ljava/lang/Object;+6
j  java.awt.EventQueue$4.run()Ljava/lang/Void;+11
j  java.awt.EventQueue$4.run()Ljava/lang/Object;+1
v  ~StubRoutines::call_stub
J 492  java.security.AccessController.doPrivileged(Ljava/security/PrivilegedAction;Ljava/security/AccessControlContext;)Ljava/lang/Object; (0 bytes) @ 0x000001cfdcb82ca6 [0x000001cfdcb82c40+0x66]
J 2709 C1 java.security.ProtectionDomain$JavaSecurityAccessImpl.doIntersectionPrivilege(Ljava/security/PrivilegedAction;Ljava/security/AccessControlContext;Ljava/security/AccessControlContext;)Ljava/lang/Object; (22 bytes) @ 0x000001cfdd1320ac [0x000001cfdd131c40+0x46c]
j  java.awt.EventQueue.dispatchEvent(Ljava/awt/AWTEvent;)V+73
j  java.awt.EventDispatchThread.pumpOneEventForFilters(I)V+140
j  java.awt.EventDispatchThread.pumpEventsForFilter(ILjava/awt/Conditional;Ljava/awt/EventFilter;)V+35
j  java.awt.EventDispatchThread.pumpEventsForFilter(Ljava/awt/Conditional;Ljava/awt/EventFilter;)V+4
j  java.awt.WaitDispatchSupport$2.run()V+59
j  java.awt.WaitDispatchSupport$4.run()Ljava/lang/Void;+4
j  java.awt.WaitDispatchSupport$4.run()Ljava/lang/Object;+1
v  ~StubRoutines::call_stub
J 454  java.security.AccessController.doPrivileged(Ljava/security/PrivilegedAction;)Ljava/lang/Object; (0 bytes) @ 0x000001cfdcb6ef12 [0x000001cfdcb6eec0+0x52]
j  java.awt.WaitDispatchSupport.enter()Z+325
j  java.awt.Dialog.show()V+233
j  java.awt.Component.show(Z)V+5
j  java.awt.Component.setVisible(Z)V+2
j  java.awt.Window.setVisible(Z)V+2
j  java.awt.Dialog.setVisible(Z)V+2
j  com.soltelec.igrafica.FrmLogin.btn_ingresarActionPerformed(Ljava/awt/event/ActionEvent;)V+504
j  com.soltelec.igrafica.FrmLogin.access$000(Lcom/soltelec/igrafica/FrmLogin;Ljava/awt/event/ActionEvent;)V+2
j  com.soltelec.igrafica.FrmLogin$1.actionPerformed(Ljava/awt/event/ActionEvent;)V+5
j  javax.swing.AbstractButton.fireActionPerformed(Ljava/awt/event/ActionEvent;)V+83
j  javax.swing.AbstractButton$Handler.actionPerformed(Ljava/awt/event/ActionEvent;)V+5
j  javax.swing.DefaultButtonModel.fireActionPerformed(Ljava/awt/event/ActionEvent;)V+34
j  javax.swing.DefaultButtonModel.setPressed(Z)V+117
j  javax.swing.plaf.basic.BasicButtonListener$Actions.actionPerformed(Ljava/awt/event/ActionEvent;)V+70
j  javax.swing.SwingUtilities.notifyAction(Ljavax/swing/Action;Ljavax/swing/KeyStroke;Ljava/awt/event/KeyEvent;Ljava/lang/Object;I)Z+132
j  javax.swing.JComponent.processKeyBinding(Ljavax/swing/KeyStroke;Ljava/awt/event/KeyEvent;IZ)Z+72
j  javax.swing.JComponent.processKeyBindings(Ljava/awt/event/KeyEvent;Z)Z+111
j  javax.swing.JComponent.processKeyEvent(Ljava/awt/event/KeyEvent;)V+51
j  java.awt.Component.processEvent(Ljava/awt/AWTEvent;)V+121
j  java.awt.Container.processEvent(Ljava/awt/AWTEvent;)V+18
j  java.awt.Component.dispatchEventImpl(Ljava/awt/AWTEvent;)V+589
j  java.awt.Container.dispatchEventImpl(Ljava/awt/AWTEvent;)V+42
j  java.awt.Component.dispatchEvent(Ljava/awt/AWTEvent;)V+2
j  java.awt.KeyboardFocusManager.redispatchEvent(Ljava/awt/Component;Ljava/awt/AWTEvent;)V+7
j  java.awt.DefaultKeyboardFocusManager.dispatchKeyEvent(Ljava/awt/event/KeyEvent;)Z+63
j  java.awt.DefaultKeyboardFocusManager.preDispatchKeyEvent(Ljava/awt/event/KeyEvent;)Z+137
j  java.awt.DefaultKeyboardFocusManager.typeAheadAssertions(Ljava/awt/Component;Ljava/awt/AWTEvent;)Z+166
j  java.awt.DefaultKeyboardFocusManager.dispatchEvent(Ljava/awt/AWTEvent;)Z+1637
j  java.awt.Component.dispatchEventImpl(Ljava/awt/AWTEvent;)V+151
j  java.awt.Container.dispatchEventImpl(Ljava/awt/AWTEvent;)V+42
j  java.awt.Window.dispatchEventImpl(Ljava/awt/AWTEvent;)V+19
j  java.awt.Component.dispatchEvent(Ljava/awt/AWTEvent;)V+2
j  java.awt.EventQueue.dispatchEventImpl(Ljava/awt/AWTEvent;Ljava/lang/Object;)V+41
j  java.awt.EventQueue.access$500(Ljava/awt/EventQueue;Ljava/awt/AWTEvent;Ljava/lang/Object;)V+3
j  java.awt.EventQueue$3.run()Ljava/lang/Void;+32
j  java.awt.EventQueue$3.run()Ljava/lang/Object;+1
v  ~StubRoutines::call_stub
J 492  java.security.AccessController.doPrivileged(Ljava/security/PrivilegedAction;Ljava/security/AccessControlContext;)Ljava/lang/Object; (0 bytes) @ 0x000001cfdcb82ca6 [0x000001cfdcb82c40+0x66]
j  java.security.ProtectionDomain$JavaSecurityAccessImpl.doIntersectionPrivilege(Ljava/security/PrivilegedAction;Ljava/security/AccessControlContext;Ljava/security/AccessControlContext;)Ljava/lang/Object;+18
j  java.security.ProtectionDomain$JavaSecurityAccessImpl.doIntersectionPrivilege(Ljava/security/PrivilegedAction;Ljava/security/AccessControlContext;)Ljava/lang/Object;+6
j  java.awt.EventQueue$4.run()Ljava/lang/Void;+11
j  java.awt.EventQueue$4.run()Ljava/lang/Object;+1
v  ~StubRoutines::call_stub
J 492  java.security.AccessController.doPrivileged(Ljava/security/PrivilegedAction;Ljava/security/AccessControlContext;)Ljava/lang/Object; (0 bytes) @ 0x000001cfdcb82ca6 [0x000001cfdcb82c40+0x66]
j  java.security.ProtectionDomain$JavaSecurityAccessImpl.doIntersectionPrivilege(Ljava/security/PrivilegedAction;Ljava/security/AccessControlContext;Ljava/security/AccessControlContext;)Ljava/lang/Object;+18
j  java.awt.EventQueue.dispatchEvent(Ljava/awt/AWTEvent;)V+73
j  java.awt.EventDispatchThread.pumpOneEventForFilters(I)V+140
j  java.awt.EventDispatchThread.pumpEventsForFilter(ILjava/awt/Conditional;Ljava/awt/EventFilter;)V+35
j  java.awt.EventDispatchThread.pumpEventsForHierarchy(ILjava/awt/Conditional;Ljava/awt/Component;)V+11
j  java.awt.EventDispatchThread.pumpEvents(ILjava/awt/Conditional;)V+4
j  java.awt.EventDispatchThread.pumpEvents(Ljava/awt/Conditional;)V+3
j  java.awt.EventDispatchThread.run()V+9
v  ~StubRoutines::call_stub

---------------  P R O C E S S  ---------------

Java Threads: ( => current thread )
  0x000001cff6e88800 JavaThread "Thread-6" [_thread_in_native, id=4344, stack(0x0000005520d00000,0x0000005520e00000)]
  0x000001cff702e800 JavaThread "SwingWorker-pool-2-thread-1" daemon [_thread_blocked, id=13560, stack(0x0000005520c00000,0x0000005520d00000)]
  0x000001cff6e28000 JavaThread "Image Fetcher 0" daemon [_thread_blocked, id=9968, stack(0x0000005520600000,0x0000005520700000)]
  0x000001cff6a71800 JavaThread "Abandoned connection cleanup thread" daemon [_thread_blocked, id=4592, stack(0x0000005520b00000,0x0000005520c00000)]
  0x000001cff38a3000 JavaThread "TimerQueue" daemon [_thread_blocked, id=12956, stack(0x0000005520a00000,0x0000005520b00000)]
  0x000001cfdafe0000 JavaThread "DestroyJavaVM" [_thread_blocked, id=14996, stack(0x000000551ee00000,0x000000551ef00000)]
=>0x000001cff35fb000 JavaThread "AWT-EventQueue-0" [_thread_in_native, id=8904, stack(0x0000005520500000,0x0000005520600000)]
  0x000001cff360e000 JavaThread "AWT-Windows" daemon [_thread_in_native, id=11464, stack(0x0000005520400000,0x0000005520500000)]
  0x000001cff360d000 JavaThread "AWT-Shutdown" [_thread_blocked, id=12576, stack(0x0000005520300000,0x0000005520400000)]
  0x000001cff360c800 JavaThread "Java2D Disposer" daemon [_thread_blocked, id=2088, stack(0x0000005520200000,0x0000005520300000)]
  0x000001cff3040800 JavaThread "Service Thread" daemon [_thread_blocked, id=13208, stack(0x0000005520000000,0x0000005520100000)]
  0x000001cff1c58800 JavaThread "C1 CompilerThread3" daemon [_thread_blocked, id=4648, stack(0x000000551ff00000,0x0000005520000000)]
  0x000001cff1c55800 JavaThread "C2 CompilerThread2" daemon [_thread_blocked, id=9908, stack(0x000000551fe00000,0x000000551ff00000)]
  0x000001cff1c46000 JavaThread "C2 CompilerThread1" daemon [_thread_blocked, id=11832, stack(0x000000551fd00000,0x000000551fe00000)]
  0x000001cff1c41800 JavaThread "C2 CompilerThread0" daemon [_thread_blocked, id=14256, stack(0x000000551fc00000,0x000000551fd00000)]
  0x000001cff1c3c000 JavaThread "Attach Listener" daemon [_thread_blocked, id=10744, stack(0x000000551fb00000,0x000000551fc00000)]
  0x000001cff1c3b000 JavaThread "Signal Dispatcher" daemon [_thread_blocked, id=10688, stack(0x000000551fa00000,0x000000551fb00000)]
  0x000001cff102d000 JavaThread "Finalizer" daemon [_thread_blocked, id=13708, stack(0x000000551f900000,0x000000551fa00000)]
  0x000001cff1025800 JavaThread "Reference Handler" daemon [_thread_blocked, id=10208, stack(0x000000551f800000,0x000000551f900000)]

Other Threads:
  0x000001cff1bf3000 VMThread [stack: 0x000000551f700000,0x000000551f800000] [id=11140]
  0x000001cff305b000 WatcherThread [stack: 0x0000005520100000,0x0000005520200000] [id=952]

VM state:not at safepoint (normal execution)

VM Mutex/Monitor currently owned by a thread: None

heap address: 0x0000000081600000, size: 2026 MB, Compressed Oops mode: 32-bit
Narrow klass base: 0x0000000000000000, Narrow klass shift: 3
Compressed class space size: 1073741824 Address: 0x0000000100000000

Heap:
 PSYoungGen      total 53248K, used 12238K [0x00000000d5d00000, 0x00000000d9780000, 0x0000000100000000)
  eden space 48128K, 25% used [0x00000000d5d00000,0x00000000d68f39c0,0x00000000d8c00000)
  from space 5120K, 0% used [0x00000000d9280000,0x00000000d9280000,0x00000000d9780000)
  to   space 5120K, 0% used [0x00000000d8d80000,0x00000000d8d80000,0x00000000d9280000)
 ParOldGen       total 107520K, used 17390K [0x0000000081600000, 0x0000000087f00000, 0x00000000d5d00000)
  object space 107520K, 16% used [0x0000000081600000,0x00000000826fbb20,0x0000000087f00000)
 Metaspace       used 35846K, capacity 36196K, committed 36568K, reserved 1081344K
  class space    used 4504K, capacity 4619K, committed 4736K, reserved 1048576K

Card table byte_map: [0x000001cfebd30000,0x000001cfec130000] byte_map_base: 0x000001cfeb925000

Marking Bits: (ParMarkBitMap*) 0x000000005ac97fe0
 Begin Bits: [0x000001cfec3e0000, 0x000001cfee388000)
 End Bits:   [0x000001cfee388000, 0x000001cff0330000)

Polling page: 0x000001cfdb120000

CodeCache: size=245760Kb used=9229Kb max_used=9241Kb free=236530Kb
 bounds [0x000001cfdc970000, 0x000001cfdd280000, 0x000001cfeb970000]
 total_blobs=3851 nmethods=3136 adapters=626
 compilation: enabled

Compilation events (10 events):
Event: 12.168 Thread 0x000001cff1c58800 nmethod 3404 0x000001cfdd2789d0 code [0x000001cfdd278b40, 0x000001cfdd278d18]
Event: 12.168 Thread 0x000001cff1c58800 3405       3       javax.swing.GroupLayout$ComponentInfo::setBounds (75 bytes)
Event: 12.168 Thread 0x000001cff1c58800 nmethod 3405 0x000001cfdd278210 code [0x000001cfdd278380, 0x000001cfdd278870]
Event: 12.169 Thread 0x000001cff1c58800 3406   !   3       sun.java2d.SunGraphics2D::draw (64 bytes)
Event: 12.169 Thread 0x000001cff1c58800 nmethod 3406 0x000001cfdd2791d0 code [0x000001cfdd2793a0, 0x000001cfdd279d30]
Event: 12.169 Thread 0x000001cff1c58800 3407       3       sun.java2d.pipe.PixelToParallelogramConverter::draw (162 bytes)
Event: 12.171 Thread 0x000001cff1c58800 nmethod 3407 0x000001cfdd27a190 code [0x000001cfdd27a420, 0x000001cfdd27b8e0]
Event: 12.171 Thread 0x000001cff1c58800 3408       3       java.awt.Window::isModalExcluded (43 bytes)
Event: 12.172 Thread 0x000001cff1c58800 nmethod 3408 0x000001cfdd2778d0 code [0x000001cfdd277a60, 0x000001cfdd278040]
Event: 12.172 Thread 0x000001cff1c55800 nmethod 3401 0x000001cfdd27f110 code [0x000001cfdd27f260, 0x000001cfdd27f798]

GC Heap History (10 events):
Event: 3.239 GC heap before
{Heap before GC invocations=2 (full 0):
 PSYoungGen      total 38400K, used 18712K [0x00000000d5d00000, 0x00000000d8780000, 0x0000000100000000)
  eden space 33280K, 40% used [0x00000000d5d00000,0x00000000d6a4ae18,0x00000000d7d80000)
  from space 5120K, 99% used [0x00000000d7d80000,0x00000000d827b370,0x00000000d8280000)
  to   space 5120K, 0% used [0x00000000d8280000,0x00000000d8280000,0x00000000d8780000)
 ParOldGen       total 87552K, used 14304K [0x0000000081600000, 0x0000000086b80000, 0x00000000d5d00000)
  object space 87552K, 16% used [0x0000000081600000,0x00000000823f81f8,0x0000000086b80000)
 Metaspace       used 20943K, capacity 21136K, committed 21248K, reserved 1067008K
  class space    used 2664K, capacity 2741K, committed 2816K, reserved 1048576K
Event: 3.250 GC heap after
Heap after GC invocations=2 (full 0):
 PSYoungGen      total 38400K, used 5092K [0x00000000d5d00000, 0x00000000da800000, 0x0000000100000000)
  eden space 33280K, 0% used [0x00000000d5d00000,0x00000000d5d00000,0x00000000d7d80000)
  from space 5120K, 99% used [0x00000000d8280000,0x00000000d8779190,0x00000000d8780000)
  to   space 5120K, 0% used [0x00000000d7d80000,0x00000000d7d80000,0x00000000d8280000)
 ParOldGen       total 87552K, used 16445K [0x0000000081600000, 0x0000000086b80000, 0x00000000d5d00000)
  object space 87552K, 18% used [0x0000000081600000,0x000000008260f4c8,0x0000000086b80000)
 Metaspace       used 20943K, capacity 21136K, committed 21248K, reserved 1067008K
  class space    used 2664K, capacity 2741K, committed 2816K, reserved 1048576K
}
Event: 3.250 GC heap before
{Heap before GC invocations=3 (full 1):
 PSYoungGen      total 38400K, used 5092K [0x00000000d5d00000, 0x00000000da800000, 0x0000000100000000)
  eden space 33280K, 0% used [0x00000000d5d00000,0x00000000d5d00000,0x00000000d7d80000)
  from space 5120K, 99% used [0x00000000d8280000,0x00000000d8779190,0x00000000d8780000)
  to   space 5120K, 0% used [0x00000000d7d80000,0x00000000d7d80000,0x00000000d8280000)
 ParOldGen       total 87552K, used 16445K [0x0000000081600000, 0x0000000086b80000, 0x00000000d5d00000)
  object space 87552K, 18% used [0x0000000081600000,0x000000008260f4c8,0x0000000086b80000)
 Metaspace       used 20943K, capacity 21136K, committed 21248K, reserved 1067008K
  class space    used 2664K, capacity 2741K, committed 2816K, reserved 1048576K
Event: 3.297 GC heap after
Heap after GC invocations=3 (full 1):
 PSYoungGen      total 38400K, used 0K [0x00000000d5d00000, 0x00000000da800000, 0x0000000100000000)
  eden space 33280K, 0% used [0x00000000d5d00000,0x00000000d5d00000,0x00000000d7d80000)
  from space 5120K, 0% used [0x00000000d8280000,0x00000000d8280000,0x00000000d8780000)
  to   space 5120K, 0% used [0x00000000d7d80000,0x00000000d7d80000,0x00000000d8280000)
 ParOldGen       total 77312K, used 10995K [0x0000000081600000, 0x0000000086180000, 0x00000000d5d00000)
  object space 77312K, 14% used [0x0000000081600000,0x00000000820bcc38,0x0000000086180000)
 Metaspace       used 20943K, capacity 21136K, committed 21248K, reserved 1067008K
  class space    used 2664K, capacity 2741K, committed 2816K, reserved 1048576K
}
Event: 5.160 GC heap before
{Heap before GC invocations=4 (full 1):
 PSYoungGen      total 38400K, used 33280K [0x00000000d5d00000, 0x00000000da800000, 0x0000000100000000)
  eden space 33280K, 100% used [0x00000000d5d00000,0x00000000d7d80000,0x00000000d7d80000)
  from space 5120K, 0% used [0x00000000d8280000,0x00000000d8280000,0x00000000d8780000)
  to   space 5120K, 0% used [0x00000000d7d80000,0x00000000d7d80000,0x00000000d8280000)
 ParOldGen       total 77312K, used 10995K [0x0000000081600000, 0x0000000086180000, 0x00000000d5d00000)
  object space 77312K, 14% used [0x0000000081600000,0x00000000820bcc38,0x0000000086180000)
 Metaspace       used 29368K, capacity 29624K, committed 29952K, reserved 1075200K
  class space    used 3623K, capacity 3715K, committed 3840K, reserved 1048576K
Event: 5.173 GC heap after
Heap after GC invocations=4 (full 1):
 PSYoungGen      total 38400K, used 5093K [0x00000000d5d00000, 0x00000000d9780000, 0x0000000100000000)
  eden space 33280K, 0% used [0x00000000d5d00000,0x00000000d5d00000,0x00000000d7d80000)
  from space 5120K, 99% used [0x00000000d7d80000,0x00000000d8279520,0x00000000d8280000)
  to   space 5120K, 0% used [0x00000000d9280000,0x00000000d9280000,0x00000000d9780000)
 ParOldGen       total 77312K, used 14542K [0x0000000081600000, 0x0000000086180000, 0x00000000d5d00000)
  object space 77312K, 18% used [0x0000000081600000,0x0000000082433980,0x0000000086180000)
 Metaspace       used 29368K, capacity 29624K, committed 29952K, reserved 1075200K
  class space    used 3623K, capacity 3715K, committed 3840K, reserved 1048576K
}
Event: 9.909 GC heap before
{Heap before GC invocations=5 (full 1):
 PSYoungGen      total 38400K, used 34018K [0x00000000d5d00000, 0x00000000d9780000, 0x0000000100000000)
  eden space 33280K, 86% used [0x00000000d5d00000,0x00000000d793f4f8,0x00000000d7d80000)
  from space 5120K, 99% used [0x00000000d7d80000,0x00000000d8279520,0x00000000d8280000)
  to   space 5120K, 0% used [0x00000000d9280000,0x00000000d9280000,0x00000000d9780000)
 ParOldGen       total 77312K, used 14542K [0x0000000081600000, 0x0000000086180000, 0x00000000d5d00000)
  object space 77312K, 18% used [0x0000000081600000,0x0000000082433980,0x0000000086180000)
 Metaspace       used 34856K, capacity 35102K, committed 35416K, reserved 1081344K
  class space    used 4399K, capacity 4490K, committed 4608K, reserved 1048576K
Event: 9.923 GC heap after
Heap after GC invocations=5 (full 1):
 PSYoungGen      total 53248K, used 5105K [0x00000000d5d00000, 0x00000000d9780000, 0x0000000100000000)
  eden space 48128K, 0% used [0x00000000d5d00000,0x00000000d5d00000,0x00000000d8c00000)
  from space 5120K, 99% used [0x00000000d9280000,0x00000000d977c628,0x00000000d9780000)
  to   space 5120K, 0% used [0x00000000d8d80000,0x00000000d8d80000,0x00000000d9280000)
 ParOldGen       total 77312K, used 19894K [0x0000000081600000, 0x0000000086180000, 0x00000000d5d00000)
  object space 77312K, 25% used [0x0000000081600000,0x000000008296dbd8,0x0000000086180000)
 Metaspace       used 34856K, capacity 35102K, committed 35416K, reserved 1081344K
  class space    used 4399K, capacity 4490K, committed 4608K, reserved 1048576K
}
Event: 9.923 GC heap before
{Heap before GC invocations=6 (full 2):
 PSYoungGen      total 53248K, used 5105K [0x00000000d5d00000, 0x00000000d9780000, 0x0000000100000000)
  eden space 48128K, 0% used [0x00000000d5d00000,0x00000000d5d00000,0x00000000d8c00000)
  from space 5120K, 99% used [0x00000000d9280000,0x00000000d977c628,0x00000000d9780000)
  to   space 5120K, 0% used [0x00000000d8d80000,0x00000000d8d80000,0x00000000d9280000)
 ParOldGen       total 77312K, used 19894K [0x0000000081600000, 0x0000000086180000, 0x00000000d5d00000)
  object space 77312K, 25% used [0x0000000081600000,0x000000008296dbd8,0x0000000086180000)
 Metaspace       used 34856K, capacity 35102K, committed 35416K, reserved 1081344K
  class space    used 4399K, capacity 4490K, committed 4608K, reserved 1048576K
Event: 10.010 GC heap after
Heap after GC invocations=6 (full 2):
 PSYoungGen      total 53248K, used 0K [0x00000000d5d00000, 0x00000000d9780000, 0x0000000100000000)
  eden space 48128K, 0% used [0x00000000d5d00000,0x00000000d5d00000,0x00000000d8c00000)
  from space 5120K, 0% used [0x00000000d9280000,0x00000000d9280000,0x00000000d9780000)
  to   space 5120K, 0% used [0x00000000d8d80000,0x00000000d8d80000,0x00000000d9280000)
 ParOldGen       total 107520K, used 17390K [0x0000000081600000, 0x0000000087f00000, 0x00000000d5d00000)
  object space 107520K, 16% used [0x0000000081600000,0x00000000826fbb20,0x0000000087f00000)
 Metaspace       used 34856K, capacity 35102K, committed 35416K, reserved 1081344K
  class space    used 4399K, capacity 4490K, committed 4608K, reserved 1048576K
}

Deoptimization events (10 events):
Event: 6.174 Thread 0x000001cff35fb000 Uncommon trap: reason=unstable_if action=reinterpret pc=0x000001cfdd06fbe0 method=sun.font.TrueTypeFont.getTableBuffer(I)Ljava/nio/ByteBuffer; @ 9
Event: 6.189 Thread 0x000001cff35fb000 Uncommon trap: reason=unstable_if action=reinterpret pc=0x000001cfdd0c3c0c method=java.util.concurrent.ConcurrentHashMap.get(Ljava/lang/Object;)Ljava/lang/Object; @ 76
Event: 7.876 Thread 0x000001cff35fb000 Uncommon trap: reason=unstable_if action=reinterpret pc=0x000001cfdd0e66e4 method=java.util.Properties$LineReader.readLine()I @ 174
Event: 7.876 Thread 0x000001cff35fb000 Uncommon trap: reason=unstable_if action=reinterpret pc=0x000001cfdce50b70 method=java.util.Properties.loadConvert([CII[C)Ljava/lang/String; @ 72
Event: 7.939 Thread 0x000001cff35fb000 Uncommon trap: reason=predicate action=maybe_recompile pc=0x000001cfdd0b3464 method=java.lang.String.regionMatches(ZILjava/lang/String;II)Z @ 63
Event: 8.013 Thread 0x000001cff35fb000 Uncommon trap: reason=class_check action=maybe_recompile pc=0x000001cfdd153640 method=java.util.Hashtable.put(Ljava/lang/Object;Ljava/lang/Object;)Ljava/lang/Object; @ 60
Event: 8.013 Thread 0x000001cff35fb000 Uncommon trap: reason=class_check action=maybe_recompile pc=0x000001cfdd153640 method=java.util.Hashtable.put(Ljava/lang/Object;Ljava/lang/Object;)Ljava/lang/Object; @ 60
Event: 8.013 Thread 0x000001cff35fb000 Uncommon trap: reason=class_check action=maybe_recompile pc=0x000001cfdd153640 method=java.util.Hashtable.put(Ljava/lang/Object;Ljava/lang/Object;)Ljava/lang/Object; @ 60
Event: 8.013 Thread 0x000001cff35fb000 Uncommon trap: reason=class_check action=maybe_recompile pc=0x000001cfdd153640 method=java.util.Hashtable.put(Ljava/lang/Object;Ljava/lang/Object;)Ljava/lang/Object; @ 60
Event: 9.657 Thread 0x000001cff702e800 Uncommon trap: reason=unstable_if action=reinterpret pc=0x000001cfdcd8f514 method=java.lang.CharacterDataLatin1.digit(II)I @ 82

Classes redefined (0 events):
No events

Internal exceptions (10 events):
Event: 5.853 Thread 0x000001cff35fb000 Exception <a 'java/lang/reflect/InvocationTargetException'> (0x00000000d693e108) thrown at [C:\jenkins\workspace\8-2-build-windows-amd64-cygwin\jdk8u301\1513\hotspot\src\share\vm\runtime\reflection.cpp, line 1092]
Event: 5.853 Thread 0x000001cff35fb000 Exception <a 'java/lang/NoClassDefFoundError'> (0x00000000d693dd18) thrown at [C:\jenkins\workspace\8-2-build-windows-amd64-cygwin\jdk8u301\1513\hotspot\src\share\vm\prims\jni.cpp, line 710]
Event: 5.854 Thread 0x000001cff35fb000 Exception <a 'java/lang/NoClassDefFoundError': android/view/View> (0x00000000d6941cd0) thrown at [C:\jenkins\workspace\8-2-build-windows-amd64-cygwin\jdk8u301\1513\hotspot\src\share\vm\classfile\systemDictionary.cpp, line 201]
Event: 5.856 Thread 0x000001cff35fb000 Exception <a 'java/lang/NoClassDefFoundError': android/graphics/Point> (0x00000000d6953d50) thrown at [C:\jenkins\workspace\8-2-build-windows-amd64-cygwin\jdk8u301\1513\hotspot\src\share\vm\classfile\systemDictionary.cpp, line 201]
Event: 5.856 Thread 0x000001cff35fb000 Exception <a 'java/lang/NoClassDefFoundError': android/graphics/RectF> (0x00000000d6954e50) thrown at [C:\jenkins\workspace\8-2-build-windows-amd64-cygwin\jdk8u301\1513\hotspot\src\share\vm\classfile\systemDictionary.cpp, line 201]
Event: 5.857 Thread 0x000001cff35fb000 Exception <a 'java/lang/NoClassDefFoundError': android/graphics/Rect> (0x00000000d6955f50) thrown at [C:\jenkins\workspace\8-2-build-windows-amd64-cygwin\jdk8u301\1513\hotspot\src\share\vm\classfile\systemDictionary.cpp, line 201]
Event: 5.857 Thread 0x000001cff35fb000 Exception <a 'java/lang/NoClassDefFoundError': android/graphics/Color> (0x00000000d6957050) thrown at [C:\jenkins\workspace\8-2-build-windows-amd64-cygwin\jdk8u301\1513\hotspot\src\share\vm\classfile\systemDictionary.cpp, line 201]
Event: 5.996 Thread 0x000001cff6e28000 Implicit null exception at 0x000001cfdd04fd03 to 0x000001cfdd050c31
Event: 10.421 Thread 0x000001cff35fb000 Exception <a 'java/io/FileNotFoundException'> (0x00000000d62b5e38) thrown at [C:\jenkins\workspace\8-2-build-windows-amd64-cygwin\jdk8u301\1513\hotspot\src\share\vm\prims\jni.cpp, line 710]
Event: 10.506 Thread 0x000001cff35fb000 Exception <a 'java/io/FileNotFoundException'> (0x00000000d62ccc70) thrown at [C:\jenkins\workspace\8-2-build-windows-amd64-cygwin\jdk8u301\1513\hotspot\src\share\vm\prims\jni.cpp, line 710]

Events (10 events):
Event: 10.706 loading class java/text/DigitList$1
Event: 10.707 loading class java/text/DigitList$1 done
Event: 10.712 loading class org/jfree/chart/axis/AxisCollection
Event: 10.712 loading class org/jfree/chart/axis/AxisCollection done
Event: 10.721 loading class org/jfree/chart/plot/CrosshairState
Event: 10.721 loading class org/jfree/chart/plot/CrosshairState done
Event: 10.730 loading class org/jfree/ui/Layer
Event: 10.730 loading class org/jfree/ui/Layer done
Event: 10.750 loading class javax/swing/event/AncestorEvent
Event: 10.750 loading class javax/swing/event/AncestorEvent done


Dynamic libraries:
0x00007ff724340000 - 0x00007ff724387000 	C:\Program Files (x86)\Common Files\Oracle\Java\javapath\java.exe
0x00007ffea93d0000 - 0x00007ffea95c5000 	C:\WINDOWS\SYSTEM32\ntdll.dll
0x00007ffea89f0000 - 0x00007ffea8aad000 	C:\WINDOWS\System32\KERNEL32.DLL
0x00007ffea6e70000 - 0x00007ffea713d000 	C:\WINDOWS\System32\KERNELBASE.dll
0x00007ffea7fd0000 - 0x00007ffea807e000 	C:\WINDOWS\System32\ADVAPI32.dll
0x00007ffea8d80000 - 0x00007ffea8e1e000 	C:\WINDOWS\System32\msvcrt.dll
0x00007ffea7f20000 - 0x00007ffea7fbc000 	C:\WINDOWS\System32\sechost.dll
0x00007ffea8ab0000 - 0x00007ffea8bd5000 	C:\WINDOWS\System32\RPCRT4.dll
0x00007ffea8be0000 - 0x00007ffea8d80000 	C:\WINDOWS\System32\USER32.dll
0x00007ffea6ae0000 - 0x00007ffea6b02000 	C:\WINDOWS\System32\win32u.dll
0x00007ffea8e20000 - 0x00007ffea8e4a000 	C:\WINDOWS\System32\GDI32.dll
0x00007ffea7170000 - 0x00007ffea727b000 	C:\WINDOWS\System32\gdi32full.dll
0x00007ffea7280000 - 0x00007ffea731d000 	C:\WINDOWS\System32\msvcp_win.dll
0x00007ffea7320000 - 0x00007ffea7420000 	C:\WINDOWS\System32\ucrtbase.dll
0x00007ffe98f20000 - 0x00007ffe991ba000 	C:\WINDOWS\WinSxS\amd64_microsoft.windows.common-controls_6595b64144ccf1df_6.0.19041.1110_none_60b5254171f9507e\COMCTL32.dll
0x00007ffea7ef0000 - 0x00007ffea7f20000 	C:\WINDOWS\System32\IMM32.DLL
0x00007ffe8f740000 - 0x00007ffe8f755000 	C:\Program Files\Java\jre1.8.0_301\bin\vcruntime140.dll
0x00007ffe7dc40000 - 0x00007ffe7dcdb000 	C:\Program Files\Java\jre1.8.0_301\bin\msvcp140.dll
0x000000005a4b0000 - 0x000000005ad10000 	C:\Program Files\Java\jre1.8.0_301\bin\server\jvm.dll
0x00007ffea92a0000 - 0x00007ffea92a8000 	C:\WINDOWS\System32\PSAPI.DLL
0x00007ffe9e120000 - 0x00007ffe9e129000 	C:\WINDOWS\SYSTEM32\WSOCK32.dll
0x00007ffe9f360000 - 0x00007ffe9f36a000 	C:\WINDOWS\SYSTEM32\VERSION.dll
0x00007ffe90ae0000 - 0x00007ffe90b07000 	C:\WINDOWS\SYSTEM32\WINMM.dll
0x00007ffea91d0000 - 0x00007ffea923b000 	C:\WINDOWS\System32\WS2_32.dll
0x00007ffea53a0000 - 0x00007ffea53b2000 	C:\WINDOWS\SYSTEM32\kernel.appcore.dll
0x00007ffea2d00000 - 0x00007ffea2d10000 	C:\Program Files\Java\jre1.8.0_301\bin\verify.dll
0x00007ffe88870000 - 0x00007ffe8889b000 	C:\Program Files\Java\jre1.8.0_301\bin\java.dll
0x00007ffe88e70000 - 0x00007ffe88e88000 	C:\Program Files\Java\jre1.8.0_301\bin\zip.dll
0x00007ffea8230000 - 0x00007ffea8974000 	C:\WINDOWS\System32\SHELL32.dll
0x00007ffea4bc0000 - 0x00007ffea5354000 	C:\WINDOWS\SYSTEM32\windows.storage.dll
0x00007ffea7540000 - 0x00007ffea7894000 	C:\WINDOWS\System32\combase.dll
0x00007ffea6470000 - 0x00007ffea649c000 	C:\WINDOWS\SYSTEM32\Wldp.dll
0x00007ffea8f20000 - 0x00007ffea8fcd000 	C:\WINDOWS\System32\SHCORE.dll
0x00007ffea8990000 - 0x00007ffea89e5000 	C:\WINDOWS\System32\shlwapi.dll
0x00007ffea6a20000 - 0x00007ffea6a3f000 	C:\WINDOWS\SYSTEM32\profapi.dll
0x00007ffe61460000 - 0x00007ffe615f5000 	C:\Program Files\Java\jre1.8.0_301\bin\awt.dll
0x00007ffea8e50000 - 0x00007ffea8f1d000 	C:\WINDOWS\System32\OLEAUT32.dll
0x00007ffea3aa0000 - 0x00007ffea3b30000 	C:\WINDOWS\SYSTEM32\apphelp.dll
0x00007ffea3ee0000 - 0x00007ffea3f7e000 	C:\WINDOWS\system32\uxtheme.dll
0x00007ffea7420000 - 0x00007ffea7535000 	C:\WINDOWS\System32\MSCTF.dll
0x00007ffea8100000 - 0x00007ffea822a000 	C:\WINDOWS\System32\ole32.dll
0x00007ffea6c70000 - 0x00007ffea6cf2000 	C:\WINDOWS\System32\bcryptPrimitives.dll
0x00007ffea4490000 - 0x00007ffea44bf000 	C:\WINDOWS\system32\DWMAPI.DLL
0x00007ffe81f00000 - 0x00007ffe82026000 	C:\WINDOWS\system32\opengl32.dll
0x00007ffe85550000 - 0x00007ffe8557c000 	C:\WINDOWS\SYSTEM32\GLU32.dll
0x00007ffe81ca0000 - 0x00007ffe81cd2000 	C:\Program Files\Java\jre1.8.0_301\bin\jpeg.dll
0x00007ffe75920000 - 0x00007ffe75969000 	C:\Program Files\Java\jre1.8.0_301\bin\fontmanager.dll
0x00007ffea9120000 - 0x00007ffea91c9000 	C:\WINDOWS\System32\clbcatq.dll
0x00007ffe9b3f0000 - 0x00007ffe9b5a4000 	C:\WINDOWS\SYSTEM32\WindowsCodecs.dll
0x00007ffea7140000 - 0x00007ffea7167000 	C:\WINDOWS\System32\bcrypt.dll
0x00007ffe81bd0000 - 0x00007ffe81c0e000 	C:\WINDOWS\system32\dataexchange.dll
0x00007ffea1920000 - 0x00007ffea1b84000 	C:\WINDOWS\system32\d3d11.dll
0x00007ffea1dd0000 - 0x00007ffea1fb5000 	C:\WINDOWS\system32\dcomp.dll
0x00007ffea5500000 - 0x00007ffea55f3000 	C:\WINDOWS\system32\dxgi.dll
0x00007ffe9e550000 - 0x00007ffe9e751000 	C:\WINDOWS\system32\twinapi.appcore.dll
0x00007ffe88590000 - 0x00007ffe885ac000 	C:\Program Files\Java\jre1.8.0_301\bin\net.dll
0x00007ffea61d0000 - 0x00007ffea623a000 	C:\WINDOWS\system32\mswsock.dll
0x00007ffe873f0000 - 0x00007ffe87403000 	C:\Program Files\Java\jre1.8.0_301\bin\nio.dll
0x00007ffe72330000 - 0x00007ffe72373000 	C:\Program Files\Java\jre1.8.0_301\bin\t2k.dll
0x00007ffe9e450000 - 0x00007ffe9e549000 	C:\WINDOWS\SYSTEM32\textinputframework.dll
0x00007ffea3370000 - 0x00007ffea3462000 	C:\WINDOWS\System32\CoreMessaging.dll
0x00007ffea3010000 - 0x00007ffea336e000 	C:\WINDOWS\System32\CoreUIComponents.dll
0x00007ffea2eb0000 - 0x00007ffea3004000 	C:\WINDOWS\SYSTEM32\wintypes.dll
0x00007ffea5820000 - 0x00007ffea5853000 	C:\WINDOWS\SYSTEM32\ntmarta.dll
0x00007ffe81c70000 - 0x00007ffe81c94000 	C:\Program Files\Java\jre1.8.0_301\bin\sunec.dll
0x00007ffea5ec0000 - 0x00007ffea5efb000 	C:\WINDOWS\SYSTEM32\IPHLPAPI.DLL
0x00007ffea8980000 - 0x00007ffea8988000 	C:\WINDOWS\System32\NSI.dll
0x00007ffe9f470000 - 0x00007ffe9f487000 	C:\WINDOWS\SYSTEM32\dhcpcsvc6.DLL
0x00007ffe9f5d0000 - 0x00007ffe9f5ed000 	C:\WINDOWS\SYSTEM32\dhcpcsvc.DLL
0x00007ffea5f00000 - 0x00007ffea5fcb000 	C:\WINDOWS\SYSTEM32\DNSAPI.dll
0x00007ffea63c0000 - 0x00007ffea63d8000 	C:\WINDOWS\SYSTEM32\CRYPTSP.dll
0x00007ffea5b50000 - 0x00007ffea5b84000 	C:\WINDOWS\system32\rsaenh.dll
0x00007ffea69e0000 - 0x00007ffea6a0e000 	C:\WINDOWS\SYSTEM32\USERENV.dll
0x00007ffea63e0000 - 0x00007ffea63ec000 	C:\WINDOWS\SYSTEM32\CRYPTBASE.dll
0x00007ffe7f570000 - 0x00007ffe7f59a000 	C:\Program Files\Java\jre1.8.0_301\bin\dcpr.dll
0x0000000180000000 - 0x0000000180025000 	C:\Program Files\Java\jre1.8.0_301\bin\rxtxSerial.dll
0x00007ffea48d0000 - 0x00007ffea4ab4000 	C:\WINDOWS\SYSTEM32\dbghelp.dll

VM Arguments:
java_command: SART.jar
java_class_path (initial): SART.jar
Launcher Type: SUN_STANDARD

Environment Variables:
JAVA_HOME=C:\Program Files\Java\jdk1.8.0_291
PATH=C:\Program Files (x86)\Common Files\Oracle\Java\javapath;C:\ProgramData\Oracle\Java\javapath;C:\Program Files (x86)\Intel\Intel(R) Management Engine Components\iCLS\;C:\Program Files\Intel\Intel(R) Management Engine Components\iCLS\;C:\WINDOWS\system32;C:\WINDOWS;C:\WINDOWS\System32\Wbem;C:\WINDOWS\System32\WindowsPowerShell\v1.0\;C:\Program Files (x86)\Intel\Intel(R) Management Engine Components\DAL;C:\Program Files\Intel\Intel(R) Management Engine Components\DAL;C:\Program Files (x86)\Intel\Intel(R) Management Engine Components\IPT;C:\Program Files\Intel\Intel(R) Management Engine Components\IPT;C:\WINDOWS\System32\OpenSSH\;C:\Program Files\Git\cmd;C:\Program Files\MySQL\MySQL Server 5.6\bin;C:\xampp\php;C:\Program Files\010 Editor;C:\Program Files\nodejs\;C:\Users\SOLTELEC\AppData\Local\Microsoft\WindowsApps;C:\Users\SOLTELEC\AppData\Local\GitHubDesktop\bin;C:\Windows\System32\PSTools;;C:\Users\SOLTELEC\AppData\Local\Programs\Microsoft VS Code\bin;C:\Users\SOLTELEC\AppData\Roaming\npm
USERNAME=SOLTELEC
OS=Windows_NT
PROCESSOR_IDENTIFIER=Intel64 Family 6 Model 142 Stepping 10, GenuineIntel



---------------  S Y S T E M  ---------------

OS: Windows 10.0 , 64 bit Build 19041 (10.0.19041.1706)

CPU:total 8 (initial active 8) (4 cores per cpu, 2 threads per core) family 6 model 142 stepping 10, cmov, cx8, fxsr, mmx, sse, sse2, sse3, ssse3, sse4.1, sse4.2, popcnt, avx, avx2, aes, clmul, erms, 3dnowpref, lzcnt, ht, tsc, tscinvbit, bmi1, bmi2, adx

Memory: 4k page, physical 8295652k(1088360k free), swap 15897828k(7820832k free)

vm_info: Java HotSpot(TM) 64-Bit Server VM (25.301-b09) for windows-amd64 JRE (1.8.0_301-b09), built on Jun  9 2021 06:46:21 by "java_re" with MS VC++ 15.9 (VS2017)

time: Tue May 31 15:24:11 2022
timezone: Hora est. Pacífico, Sudamérica
elapsed time: 12.470473 seconds (0d 0h 0m 12s)

