#
# A fatal error has been detected by the Java Runtime Environment:
#
#  EXCEPTION_ACCESS_VIOLATION (0xc0000005) at pc=0x0000000180005b00, pid=3280, tid=0x00000000000034cc
#
# JRE version: Java(TM) SE Runtime Environment (8.0_301-b09) (build 1.8.0_301-b09)
# Java VM: Java HotSpot(TM) 64-Bit Server VM (25.301-b09 mixed mode windows-amd64 compressed oops)
# Problematic frame:
# C  [rxtxSerial.dll+0x5b00]
#
# Failed to write core dump. Minidumps are not enabled by default on client versions of Windows
#
# If you would like to submit a bug report, please visit:
#   http://bugreport.java.com/bugreport/crash.jsp
# The crash happened outside the Java Virtual Machine in native code.
# See problematic frame for where to report the bug.
#

---------------  T H R E A D  ---------------

Current thread (0x000001fe7b334800):  JavaThread "AWT-EventQueue-0" [_thread_in_native, id=13516, stack(0x00000084cda00000,0x00000084cdb00000)]

siginfo: ExceptionCode=0xc0000005, reading address 0xffffffffce2feec8

Registers:
RAX=0x0000000000000001, RBX=0x0000000000000000, RCX=0x000000018001d4d5, RDX=0xfffffffffffff665
RSP=0x00000084cdaf4bc0, RBP=0x00000000ffffffff, RSI=0x0000000000000000, RDI=0x000001fe7b334a00
R8 =0x0000000000000002, R9 =0xfffffffffffff63c, R10=0x00000000000001aa, R11=0x8101010101010100
R12=0xffffffffce2feec0, R13=0x0000000000000006, R14=0x00000084cdaf4da0, R15=0x0000000000000000
RIP=0x0000000180005b00, EFLAGS=0x0000000000010202

Top of Stack: (sp=0x00000084cdaf4bc0)
0x00000084cdaf4bc0:   0000000000000000 ffffffffce2feec0
0x00000084cdaf4bd0:   0000000000000000 0000000000000000
0x00000084cdaf4be0:   0000000000000000 00000084cdaf4da0
0x00000084cdaf4bf0:   000001fe7bed48d8 0000000000000001
0x00000084cdaf4c00:   000001fe7b334a00 0000000000000006
0x00000084cdaf4c10:   ffffffffffffffff 0000000180006211
0x00000084cdaf4c20:   000001fe7e8aacd0 ffffffffffffffff
0x00000084cdaf4c30:   0000000000000001 000001fe7e8aacd0
0x00000084cdaf4c40:   000001fe00000006 00000084ffffffff
0x00000084cdaf4c50:   00000084cdaf4da8 000000005a57309b
0x00000084cdaf4c60:   00000084cdaf4c90 0000000000000000
0x00000084cdaf4c70:   000001fe7b334800 000001fe7999aec0
0x00000084cdaf4c80:   000001fe7bed48e0 000001fe7b334800
0x00000084cdaf4c90:   000001fe7bed48e0 00007597c069c474
0x00000084cdaf4ca0:   000001fe00007dc0 000001fe7bed48d8
0x00000084cdaf4cb0:   000001fe7b334800 00000084cdaf4da8 

Instructions: (pc=0x0000000180005b00)
0x0000000180005ae0:   15 23 7a 01 00 48 8d 48 60 e8 3a 5d 00 00 4c 8b
0x0000000180005af0:   e5 8b ac 24 88 00 00 00 44 8b ac 24 80 00 00 00
0x0000000180005b00:   45 8b 74 24 08 41 89 5c 24 08 41 8b fd 85 ed 78
0x0000000180005b10:   09 ff 15 e9 14 01 00 44 8b f8 45 85 ed 7e 4a 90 


Register to memory mapping:

RAX=0x0000000000000001 is an unknown value
RBX=0x0000000000000000 is an unknown value
RCX=0x000000018001d4d5 is an unknown value
RDX=0xfffffffffffff665 is an unknown value
RSP=0x00000084cdaf4bc0 is pointing into the stack for thread: 0x000001fe7b334800
RBP=0x00000000ffffffff is an unallocated location in the heap
RSI=0x0000000000000000 is an unknown value
RDI=0x000001fe7b334a00 is an unknown value
R8 =0x0000000000000002 is an unknown value
R9 =0xfffffffffffff63c is an unknown value
R10=0x00000000000001aa is an unknown value
R11=0x8101010101010100 is an unknown value
R12=0xffffffffce2feec0 is an unknown value
R13=0x0000000000000006 is an unknown value
R14=0x00000084cdaf4da0 is pointing into the stack for thread: 0x000001fe7b334800
R15=0x0000000000000000 is an unknown value


Stack: [0x00000084cda00000,0x00000084cdb00000],  sp=0x00000084cdaf4bc0,  free space=978k
Native frames: (J=compiled Java code, j=interpreted, Vv=VM code, C=native code)
C  [rxtxSerial.dll+0x5b00]
C  [rxtxSerial.dll+0x6211]
C  0x000001fe00019fae

Java frames: (J=compiled Java code, j=interpreted, Vv=VM code)
j  gnu.io.RXTXPort.readArray([BII)I+0
j  gnu.io.RXTXPort$SerialInputStream.read([BII)I+212
j  gnu.io.RXTXPort$SerialInputStream.read([B)I+60
j  vistas.DlgServicio.PruebaConexion()Z+25
j  vistas.DlgServicio.BotonConectarActionPerformed(Ljava/awt/event/ActionEvent;)V+15
j  vistas.DlgServicio.access$600(Lvistas/DlgServicio;Ljava/awt/event/ActionEvent;)V+2
j  vistas.DlgServicio$7.actionPerformed(Ljava/awt/event/ActionEvent;)V+5
j  javax.swing.AbstractButton.fireActionPerformed(Ljava/awt/event/ActionEvent;)V+83
j  javax.swing.AbstractButton$Handler.actionPerformed(Ljava/awt/event/ActionEvent;)V+5
j  javax.swing.DefaultButtonModel.fireActionPerformed(Ljava/awt/event/ActionEvent;)V+34
j  javax.swing.DefaultButtonModel.setPressed(Z)V+117
j  javax.swing.plaf.basic.BasicButtonListener.mouseReleased(Ljava/awt/event/MouseEvent;)V+35
j  java.awt.Component.processMouseEvent(Ljava/awt/event/MouseEvent;)V+64
j  javax.swing.JComponent.processMouseEvent(Ljava/awt/event/MouseEvent;)V+23
j  java.awt.Component.processEvent(Ljava/awt/AWTEvent;)V+81
j  java.awt.Container.processEvent(Ljava/awt/AWTEvent;)V+18
J 3402 C1 java.awt.Component.dispatchEventImpl(Ljava/awt/AWTEvent;)V (921 bytes) @ 0x000001fe008ea9e4 [0x000001fe008e5500+0x54e4]
J 2994 C1 java.awt.Container.dispatchEventImpl(Ljava/awt/AWTEvent;)V (129 bytes) @ 0x000001fe0042f9c4 [0x000001fe0042f880+0x144]
J 2993 C1 java.awt.Component.dispatchEvent(Ljava/awt/AWTEvent;)V (6 bytes) @ 0x000001fe001b6d84 [0x000001fe001b6c80+0x104]
j  java.awt.LightweightDispatcher.retargetMouseEvent(Ljava/awt/Component;ILjava/awt/event/MouseEvent;)V+349
j  java.awt.LightweightDispatcher.processMouseEvent(Ljava/awt/event/MouseEvent;)Z+155
j  java.awt.LightweightDispatcher.dispatchEvent(Ljava/awt/AWTEvent;)Z+50
J 2994 C1 java.awt.Container.dispatchEventImpl(Ljava/awt/AWTEvent;)V (129 bytes) @ 0x000001fe0042f964 [0x000001fe0042f880+0xe4]
J 3440 C1 java.awt.Window.dispatchEventImpl(Ljava/awt/AWTEvent;)V (23 bytes) @ 0x000001fe0077a7e4 [0x000001fe0077a200+0x5e4]
J 3335 C1 java.awt.EventQueue.dispatchEventImpl(Ljava/awt/AWTEvent;Ljava/lang/Object;)V (149 bytes) @ 0x000001fe0088d17c [0x000001fe0088b940+0x183c]
J 3333 C1 java.awt.EventQueue$3.run()Ljava/lang/Void; (60 bytes) @ 0x000001fe0088a94c [0x000001fe0088a740+0x20c]
J 3332 C1 java.awt.EventQueue$3.run()Ljava/lang/Object; (5 bytes) @ 0x000001fe00889c4c [0x000001fe00889bc0+0x8c]
v  ~StubRoutines::call_stub
J 478  java.security.AccessController.doPrivileged(Ljava/security/PrivilegedAction;Ljava/security/AccessControlContext;)Ljava/lang/Object; (0 bytes) @ 0x000001fe002095e6 [0x000001fe00209580+0x66]
J 2696 C1 java.security.ProtectionDomain$JavaSecurityAccessImpl.doIntersectionPrivilege(Ljava/security/PrivilegedAction;Ljava/security/AccessControlContext;Ljava/security/AccessControlContext;)Ljava/lang/Object; (22 bytes) @ 0x000001fe007bbeec [0x000001fe007bba80+0x46c]
j  java.security.ProtectionDomain$JavaSecurityAccessImpl.doIntersectionPrivilege(Ljava/security/PrivilegedAction;Ljava/security/AccessControlContext;)Ljava/lang/Object;+6
j  java.awt.EventQueue$4.run()Ljava/lang/Void;+11
j  java.awt.EventQueue$4.run()Ljava/lang/Object;+1
v  ~StubRoutines::call_stub
J 478  java.security.AccessController.doPrivileged(Ljava/security/PrivilegedAction;Ljava/security/AccessControlContext;)Ljava/lang/Object; (0 bytes) @ 0x000001fe002095e6 [0x000001fe00209580+0x66]
J 2935 C1 java.awt.EventQueue.dispatchEvent(Ljava/awt/AWTEvent;)V (80 bytes) @ 0x000001fe0023153c [0x000001fe002306c0+0xe7c]
J 3419 C1 java.awt.EventDispatchThread.pumpOneEventForFilters(I)V (190 bytes) @ 0x000001fe008fc90c [0x000001fe008fb7c0+0x114c]
j  java.awt.EventDispatchThread.pumpEventsForFilter(ILjava/awt/Conditional;Ljava/awt/EventFilter;)V+35
j  java.awt.EventDispatchThread.pumpEventsForFilter(Ljava/awt/Conditional;Ljava/awt/EventFilter;)V+4
j  java.awt.WaitDispatchSupport$2.run()V+59
j  java.awt.WaitDispatchSupport$4.run()Ljava/lang/Void;+4
j  java.awt.WaitDispatchSupport$4.run()Ljava/lang/Object;+1
v  ~StubRoutines::call_stub
J 439  java.security.AccessController.doPrivileged(Ljava/security/PrivilegedAction;)Ljava/lang/Object; (0 bytes) @ 0x000001fe001f4d52 [0x000001fe001f4d00+0x52]
j  java.awt.WaitDispatchSupport.enter()Z+325
j  java.awt.Dialog.show()V+233
j  java.awt.Component.show(Z)V+5
j  java.awt.Component.setVisible(Z)V+2
j  java.awt.Window.setVisible(Z)V+2
j  java.awt.Dialog.setVisible(Z)V+2
j  com.soltelec.igrafica.Frm_UICentral.btnServicioFrenosActionPerformed(Ljava/awt/event/ActionEvent;)V+23
j  com.soltelec.igrafica.Frm_UICentral.access$3400(Lcom/soltelec/igrafica/Frm_UICentral;Ljava/awt/event/ActionEvent;)V+2
j  com.soltelec.igrafica.Frm_UICentral$13.actionPerformed(Ljava/awt/event/ActionEvent;)V+5
j  javax.swing.AbstractButton.fireActionPerformed(Ljava/awt/event/ActionEvent;)V+83
j  javax.swing.AbstractButton$Handler.actionPerformed(Ljava/awt/event/ActionEvent;)V+5
j  javax.swing.DefaultButtonModel.fireActionPerformed(Ljava/awt/event/ActionEvent;)V+34
j  javax.swing.DefaultButtonModel.setPressed(Z)V+117
j  javax.swing.plaf.basic.BasicButtonListener.mouseReleased(Ljava/awt/event/MouseEvent;)V+35
j  java.awt.Component.processMouseEvent(Ljava/awt/event/MouseEvent;)V+64
j  javax.swing.JComponent.processMouseEvent(Ljava/awt/event/MouseEvent;)V+23
j  java.awt.Component.processEvent(Ljava/awt/AWTEvent;)V+81
j  java.awt.Container.processEvent(Ljava/awt/AWTEvent;)V+18
j  java.awt.Component.dispatchEventImpl(Ljava/awt/AWTEvent;)V+589
j  java.awt.Container.dispatchEventImpl(Ljava/awt/AWTEvent;)V+42
j  java.awt.Component.dispatchEvent(Ljava/awt/AWTEvent;)V+2
j  java.awt.LightweightDispatcher.retargetMouseEvent(Ljava/awt/Component;ILjava/awt/event/MouseEvent;)V+349
j  java.awt.LightweightDispatcher.processMouseEvent(Ljava/awt/event/MouseEvent;)Z+155
j  java.awt.LightweightDispatcher.dispatchEvent(Ljava/awt/AWTEvent;)Z+50
j  java.awt.Container.dispatchEventImpl(Ljava/awt/AWTEvent;)V+12
j  java.awt.Window.dispatchEventImpl(Ljava/awt/AWTEvent;)V+19
j  java.awt.Component.dispatchEvent(Ljava/awt/AWTEvent;)V+2
j  java.awt.EventQueue.dispatchEventImpl(Ljava/awt/AWTEvent;Ljava/lang/Object;)V+41
j  java.awt.EventQueue.access$500(Ljava/awt/EventQueue;Ljava/awt/AWTEvent;Ljava/lang/Object;)V+3
j  java.awt.EventQueue$3.run()Ljava/lang/Void;+32
j  java.awt.EventQueue$3.run()Ljava/lang/Object;+1
v  ~StubRoutines::call_stub
J 478  java.security.AccessController.doPrivileged(Ljava/security/PrivilegedAction;Ljava/security/AccessControlContext;)Ljava/lang/Object; (0 bytes) @ 0x000001fe002095e6 [0x000001fe00209580+0x66]
J 2696 C1 java.security.ProtectionDomain$JavaSecurityAccessImpl.doIntersectionPrivilege(Ljava/security/PrivilegedAction;Ljava/security/AccessControlContext;Ljava/security/AccessControlContext;)Ljava/lang/Object; (22 bytes) @ 0x000001fe007bbeec [0x000001fe007bba80+0x46c]
j  java.security.ProtectionDomain$JavaSecurityAccessImpl.doIntersectionPrivilege(Ljava/security/PrivilegedAction;Ljava/security/AccessControlContext;)Ljava/lang/Object;+6
j  java.awt.EventQueue$4.run()Ljava/lang/Void;+11
j  java.awt.EventQueue$4.run()Ljava/lang/Object;+1
v  ~StubRoutines::call_stub
J 478  java.security.AccessController.doPrivileged(Ljava/security/PrivilegedAction;Ljava/security/AccessControlContext;)Ljava/lang/Object; (0 bytes) @ 0x000001fe002095e6 [0x000001fe00209580+0x66]
J 2696 C1 java.security.ProtectionDomain$JavaSecurityAccessImpl.doIntersectionPrivilege(Ljava/security/PrivilegedAction;Ljava/security/AccessControlContext;Ljava/security/AccessControlContext;)Ljava/lang/Object; (22 bytes) @ 0x000001fe007bbeec [0x000001fe007bba80+0x46c]
j  java.awt.EventQueue.dispatchEvent(Ljava/awt/AWTEvent;)V+73
j  java.awt.EventDispatchThread.pumpOneEventForFilters(I)V+140
j  java.awt.EventDispatchThread.pumpEventsForFilter(ILjava/awt/Conditional;Ljava/awt/EventFilter;)V+35
j  java.awt.EventDispatchThread.pumpEventsForFilter(Ljava/awt/Conditional;Ljava/awt/EventFilter;)V+4
j  java.awt.WaitDispatchSupport$2.run()V+59
j  java.awt.WaitDispatchSupport$4.run()Ljava/lang/Void;+4
j  java.awt.WaitDispatchSupport$4.run()Ljava/lang/Object;+1
v  ~StubRoutines::call_stub
J 439  java.security.AccessController.doPrivileged(Ljava/security/PrivilegedAction;)Ljava/lang/Object; (0 bytes) @ 0x000001fe001f4d52 [0x000001fe001f4d00+0x52]
j  java.awt.WaitDispatchSupport.enter()Z+325
j  java.awt.Dialog.show()V+233
j  java.awt.Component.show(Z)V+5
j  java.awt.Component.setVisible(Z)V+2
j  java.awt.Window.setVisible(Z)V+2
j  java.awt.Dialog.setVisible(Z)V+2
j  com.soltelec.igrafica.FrmLogin.btn_ingresarActionPerformed(Ljava/awt/event/ActionEvent;)V+504
j  com.soltelec.igrafica.FrmLogin.access$000(Lcom/soltelec/igrafica/FrmLogin;Ljava/awt/event/ActionEvent;)V+2
j  com.soltelec.igrafica.FrmLogin$1.actionPerformed(Ljava/awt/event/ActionEvent;)V+5
j  javax.swing.AbstractButton.fireActionPerformed(Ljava/awt/event/ActionEvent;)V+83
j  javax.swing.AbstractButton$Handler.actionPerformed(Ljava/awt/event/ActionEvent;)V+5
j  javax.swing.DefaultButtonModel.fireActionPerformed(Ljava/awt/event/ActionEvent;)V+34
j  javax.swing.DefaultButtonModel.setPressed(Z)V+117
j  javax.swing.plaf.basic.BasicButtonListener$Actions.actionPerformed(Ljava/awt/event/ActionEvent;)V+70
j  javax.swing.SwingUtilities.notifyAction(Ljavax/swing/Action;Ljavax/swing/KeyStroke;Ljava/awt/event/KeyEvent;Ljava/lang/Object;I)Z+132
j  javax.swing.JComponent.processKeyBinding(Ljavax/swing/KeyStroke;Ljava/awt/event/KeyEvent;IZ)Z+72
j  javax.swing.JComponent.processKeyBindings(Ljava/awt/event/KeyEvent;Z)Z+111
j  javax.swing.JComponent.processKeyEvent(Ljava/awt/event/KeyEvent;)V+51
j  java.awt.Component.processEvent(Ljava/awt/AWTEvent;)V+121
j  java.awt.Container.processEvent(Ljava/awt/AWTEvent;)V+18
j  java.awt.Component.dispatchEventImpl(Ljava/awt/AWTEvent;)V+589
j  java.awt.Container.dispatchEventImpl(Ljava/awt/AWTEvent;)V+42
j  java.awt.Component.dispatchEvent(Ljava/awt/AWTEvent;)V+2
j  java.awt.KeyboardFocusManager.redispatchEvent(Ljava/awt/Component;Ljava/awt/AWTEvent;)V+7
j  java.awt.DefaultKeyboardFocusManager.dispatchKeyEvent(Ljava/awt/event/KeyEvent;)Z+63
j  java.awt.DefaultKeyboardFocusManager.preDispatchKeyEvent(Ljava/awt/event/KeyEvent;)Z+137
j  java.awt.DefaultKeyboardFocusManager.typeAheadAssertions(Ljava/awt/Component;Ljava/awt/AWTEvent;)Z+166
j  java.awt.DefaultKeyboardFocusManager.dispatchEvent(Ljava/awt/AWTEvent;)Z+1637
j  java.awt.Component.dispatchEventImpl(Ljava/awt/AWTEvent;)V+151
j  java.awt.Container.dispatchEventImpl(Ljava/awt/AWTEvent;)V+42
j  java.awt.Window.dispatchEventImpl(Ljava/awt/AWTEvent;)V+19
j  java.awt.Component.dispatchEvent(Ljava/awt/AWTEvent;)V+2
j  java.awt.EventQueue.dispatchEventImpl(Ljava/awt/AWTEvent;Ljava/lang/Object;)V+41
j  java.awt.EventQueue.access$500(Ljava/awt/EventQueue;Ljava/awt/AWTEvent;Ljava/lang/Object;)V+3
j  java.awt.EventQueue$3.run()Ljava/lang/Void;+32
j  java.awt.EventQueue$3.run()Ljava/lang/Object;+1
v  ~StubRoutines::call_stub
J 478  java.security.AccessController.doPrivileged(Ljava/security/PrivilegedAction;Ljava/security/AccessControlContext;)Ljava/lang/Object; (0 bytes) @ 0x000001fe002095e6 [0x000001fe00209580+0x66]
j  java.security.ProtectionDomain$JavaSecurityAccessImpl.doIntersectionPrivilege(Ljava/security/PrivilegedAction;Ljava/security/AccessControlContext;Ljava/security/AccessControlContext;)Ljava/lang/Object;+18
j  java.security.ProtectionDomain$JavaSecurityAccessImpl.doIntersectionPrivilege(Ljava/security/PrivilegedAction;Ljava/security/AccessControlContext;)Ljava/lang/Object;+6
j  java.awt.EventQueue$4.run()Ljava/lang/Void;+11
j  java.awt.EventQueue$4.run()Ljava/lang/Object;+1
v  ~StubRoutines::call_stub
J 478  java.security.AccessController.doPrivileged(Ljava/security/PrivilegedAction;Ljava/security/AccessControlContext;)Ljava/lang/Object; (0 bytes) @ 0x000001fe002095e6 [0x000001fe00209580+0x66]
j  java.security.ProtectionDomain$JavaSecurityAccessImpl.doIntersectionPrivilege(Ljava/security/PrivilegedAction;Ljava/security/AccessControlContext;Ljava/security/AccessControlContext;)Ljava/lang/Object;+18
j  java.awt.EventQueue.dispatchEvent(Ljava/awt/AWTEvent;)V+73
j  java.awt.EventDispatchThread.pumpOneEventForFilters(I)V+140
j  java.awt.EventDispatchThread.pumpEventsForFilter(ILjava/awt/Conditional;Ljava/awt/EventFilter;)V+35
j  java.awt.EventDispatchThread.pumpEventsForHierarchy(ILjava/awt/Conditional;Ljava/awt/Component;)V+11
j  java.awt.EventDispatchThread.pumpEvents(ILjava/awt/Conditional;)V+4
j  java.awt.EventDispatchThread.pumpEvents(Ljava/awt/Conditional;)V+3
j  java.awt.EventDispatchThread.run()V+9
v  ~StubRoutines::call_stub

---------------  P R O C E S S  ---------------

Java Threads: ( => current thread )
  0x000001fe7e80e800 JavaThread "Thread-6" [_thread_in_native, id=13416, stack(0x00000084ce200000,0x00000084ce300000)]
  0x000001fe7e80d800 JavaThread "SwingWorker-pool-2-thread-1" daemon [_thread_blocked, id=3144, stack(0x00000084ce100000,0x00000084ce200000)]
  0x000001fe7e80d000 JavaThread "Image Fetcher 0" daemon [_thread_blocked, id=6912, stack(0x00000084cdb00000,0x00000084cdc00000)]
  0x000001fe7e3c2000 JavaThread "Abandoned connection cleanup thread" daemon [_thread_blocked, id=11880, stack(0x00000084ce000000,0x00000084ce100000)]
  0x000001fe7b593000 JavaThread "TimerQueue" daemon [_thread_blocked, id=5484, stack(0x00000084cdf00000,0x00000084ce000000)]
  0x000001fe71c6e800 JavaThread "DestroyJavaVM" [_thread_blocked, id=12544, stack(0x00000084cc300000,0x00000084cc400000)]
=>0x000001fe7b334800 JavaThread "AWT-EventQueue-0" [_thread_in_native, id=13516, stack(0x00000084cda00000,0x00000084cdb00000)]
  0x000001fe7b2de800 JavaThread "AWT-Windows" daemon [_thread_in_native, id=4928, stack(0x00000084cd900000,0x00000084cda00000)]
  0x000001fe7b2dd800 JavaThread "AWT-Shutdown" [_thread_blocked, id=6444, stack(0x00000084cd800000,0x00000084cd900000)]
  0x000001fe7b2dd000 JavaThread "Java2D Disposer" daemon [_thread_blocked, id=7524, stack(0x00000084cd700000,0x00000084cd800000)]
  0x000001fe7ad40800 JavaThread "Service Thread" daemon [_thread_blocked, id=9804, stack(0x00000084cd500000,0x00000084cd600000)]
  0x000001fe7995b800 JavaThread "C1 CompilerThread3" daemon [_thread_blocked, id=9580, stack(0x00000084cd400000,0x00000084cd500000)]
  0x000001fe79959800 JavaThread "C2 CompilerThread2" daemon [_thread_blocked, id=14152, stack(0x00000084cd300000,0x00000084cd400000)]
  0x000001fe79956800 JavaThread "C2 CompilerThread1" daemon [_thread_blocked, id=12520, stack(0x00000084cd200000,0x00000084cd300000)]
  0x000001fe79955000 JavaThread "C2 CompilerThread0" daemon [_thread_blocked, id=8156, stack(0x00000084cd100000,0x00000084cd200000)]
  0x000001fe79950000 JavaThread "Attach Listener" daemon [_thread_blocked, id=13800, stack(0x00000084cd000000,0x00000084cd100000)]
  0x000001fe7994e800 JavaThread "Signal Dispatcher" daemon [_thread_blocked, id=13036, stack(0x00000084ccf00000,0x00000084cd000000)]
  0x000001fe7992f800 JavaThread "Finalizer" daemon [_thread_blocked, id=13628, stack(0x00000084cce00000,0x00000084ccf00000)]
  0x000001fe79909000 JavaThread "Reference Handler" daemon [_thread_blocked, id=14228, stack(0x00000084ccd00000,0x00000084cce00000)]

Other Threads:
  0x000001fe79902800 VMThread [stack: 0x00000084ccc00000,0x00000084ccd00000] [id=9396]
  0x000001fe799de000 WatcherThread [stack: 0x00000084cd600000,0x00000084cd700000] [id=6356]

VM state:not at safepoint (normal execution)

VM Mutex/Monitor currently owned by a thread: None

heap address: 0x0000000081600000, size: 2026 MB, Compressed Oops mode: 32-bit
Narrow klass base: 0x0000000000000000, Narrow klass shift: 3
Compressed class space size: 1073741824 Address: 0x0000000100000000

Heap:
 PSYoungGen      total 55296K, used 11685K [0x00000000d5d00000, 0x00000000d9a00000, 0x0000000100000000)
  eden space 50176K, 23% used [0x00000000d5d00000,0x00000000d6869718,0x00000000d8e00000)
  from space 5120K, 0% used [0x00000000d9500000,0x00000000d9500000,0x00000000d9a00000)
  to   space 5120K, 0% used [0x00000000d9000000,0x00000000d9000000,0x00000000d9500000)
 ParOldGen       total 99840K, used 17514K [0x0000000081600000, 0x0000000087780000, 0x00000000d5d00000)
  object space 99840K, 17% used [0x0000000081600000,0x000000008271aba0,0x0000000087780000)
 Metaspace       used 35892K, capacity 36196K, committed 36568K, reserved 1081344K
  class space    used 4504K, capacity 4619K, committed 4736K, reserved 1048576K

Card table byte_map: [0x000001fe73a10000,0x000001fe73e10000] byte_map_base: 0x000001fe73605000

Marking Bits: (ParMarkBitMap*) 0x000000005ac97fe0
 Begin Bits: [0x000001fe740c0000, 0x000001fe76068000)
 End Bits:   [0x000001fe76068000, 0x000001fe78010000)

Polling page: 0x000001fe71e70000

CodeCache: size=245760Kb used=9247Kb max_used=9247Kb free=236512Kb
 bounds [0x000001fe00000000, 0x000001fe00920000, 0x000001fe0f000000]
 total_blobs=3847 nmethods=3132 adapters=626
 compilation: enabled

Compilation events (10 events):
Event: 21.495 Thread 0x000001fe7995b800 3442       1       java.awt.AWTEvent::isConsumed (5 bytes)
Event: 21.495 Thread 0x000001fe7995b800 nmethod 3442 0x000001fe007a4fd0 code [0x000001fe007a5120, 0x000001fe007a5238]
Event: 21.496 Thread 0x000001fe7995b800 3443       3       javax.swing.JComponent::paintBorder (28 bytes)
Event: 21.497 Thread 0x000001fe7995b800 nmethod 3443 0x000001fe004e6cd0 code [0x000001fe004e6e60, 0x000001fe004e7310]
Event: 21.570 Thread 0x000001fe7995b800 3444       3       java.util.concurrent.locks.AbstractQueuedSynchronizer::unparkSuccessor (84 bytes)
Event: 21.571 Thread 0x000001fe7995b800 nmethod 3444 0x000001fe0090ff50 code [0x000001fe009100e0, 0x000001fe00910630]
Event: 21.714 Thread 0x000001fe7995b800 3445       3       sun.awt.windows.WComponentPeer::postEvent (17 bytes)
Event: 21.715 Thread 0x000001fe7995b800 nmethod 3445 0x000001fe00910850 code [0x000001fe00910a20, 0x000001fe00911160]
Event: 21.715 Thread 0x000001fe7995b800 3446       3       sun.awt.windows.WWindowPeer::preprocessPostEvent (72 bytes)
Event: 21.715 Thread 0x000001fe7995b800 nmethod 3446 0x000001fe00911450 code [0x000001fe00911600, 0x000001fe00911d00]

GC Heap History (10 events):
Event: 5.752 GC heap before
{Heap before GC invocations=2 (full 0):
 PSYoungGen      total 38400K, used 18735K [0x00000000d5d00000, 0x00000000d8780000, 0x0000000100000000)
  eden space 33280K, 40% used [0x00000000d5d00000,0x00000000d6a4c058,0x00000000d7d80000)
  from space 5120K, 99% used [0x00000000d7d80000,0x00000000d827fd68,0x00000000d8280000)
  to   space 5120K, 0% used [0x00000000d8280000,0x00000000d8280000,0x00000000d8780000)
 ParOldGen       total 87552K, used 14327K [0x0000000081600000, 0x0000000086b80000, 0x00000000d5d00000)
  object space 87552K, 16% used [0x0000000081600000,0x00000000823fdc78,0x0000000086b80000)
 Metaspace       used 20936K, capacity 21136K, committed 21248K, reserved 1067008K
  class space    used 2659K, capacity 2741K, committed 2816K, reserved 1048576K
Event: 5.762 GC heap after
Heap after GC invocations=2 (full 0):
 PSYoungGen      total 38400K, used 5106K [0x00000000d5d00000, 0x00000000da800000, 0x0000000100000000)
  eden space 33280K, 0% used [0x00000000d5d00000,0x00000000d5d00000,0x00000000d7d80000)
  from space 5120K, 99% used [0x00000000d8280000,0x00000000d877c910,0x00000000d8780000)
  to   space 5120K, 0% used [0x00000000d7d80000,0x00000000d7d80000,0x00000000d8280000)
 ParOldGen       total 87552K, used 16549K [0x0000000081600000, 0x0000000086b80000, 0x00000000d5d00000)
  object space 87552K, 18% used [0x0000000081600000,0x00000000826295c8,0x0000000086b80000)
 Metaspace       used 20936K, capacity 21136K, committed 21248K, reserved 1067008K
  class space    used 2659K, capacity 2741K, committed 2816K, reserved 1048576K
}
Event: 5.762 GC heap before
{Heap before GC invocations=3 (full 1):
 PSYoungGen      total 38400K, used 5106K [0x00000000d5d00000, 0x00000000da800000, 0x0000000100000000)
  eden space 33280K, 0% used [0x00000000d5d00000,0x00000000d5d00000,0x00000000d7d80000)
  from space 5120K, 99% used [0x00000000d8280000,0x00000000d877c910,0x00000000d8780000)
  to   space 5120K, 0% used [0x00000000d7d80000,0x00000000d7d80000,0x00000000d8280000)
 ParOldGen       total 87552K, used 16549K [0x0000000081600000, 0x0000000086b80000, 0x00000000d5d00000)
  object space 87552K, 18% used [0x0000000081600000,0x00000000826295c8,0x0000000086b80000)
 Metaspace       used 20936K, capacity 21136K, committed 21248K, reserved 1067008K
  class space    used 2659K, capacity 2741K, committed 2816K, reserved 1048576K
Event: 5.807 GC heap after
Heap after GC invocations=3 (full 1):
 PSYoungGen      total 38400K, used 0K [0x00000000d5d00000, 0x00000000da800000, 0x0000000100000000)
  eden space 33280K, 0% used [0x00000000d5d00000,0x00000000d5d00000,0x00000000d7d80000)
  from space 5120K, 0% used [0x00000000d8280000,0x00000000d8280000,0x00000000d8780000)
  to   space 5120K, 0% used [0x00000000d7d80000,0x00000000d7d80000,0x00000000d8280000)
 ParOldGen       total 74752K, used 11010K [0x0000000081600000, 0x0000000085f00000, 0x00000000d5d00000)
  object space 74752K, 14% used [0x0000000081600000,0x00000000820c0b68,0x0000000085f00000)
 Metaspace       used 20936K, capacity 21136K, committed 21248K, reserved 1067008K
  class space    used 2659K, capacity 2741K, committed 2816K, reserved 1048576K
}
Event: 8.844 GC heap before
{Heap before GC invocations=4 (full 1):
 PSYoungGen      total 38400K, used 33280K [0x00000000d5d00000, 0x00000000da800000, 0x0000000100000000)
  eden space 33280K, 100% used [0x00000000d5d00000,0x00000000d7d80000,0x00000000d7d80000)
  from space 5120K, 0% used [0x00000000d8280000,0x00000000d8280000,0x00000000d8780000)
  to   space 5120K, 0% used [0x00000000d7d80000,0x00000000d7d80000,0x00000000d8280000)
 ParOldGen       total 74752K, used 11010K [0x0000000081600000, 0x0000000085f00000, 0x00000000d5d00000)
  object space 74752K, 14% used [0x0000000081600000,0x00000000820c0b68,0x0000000085f00000)
 Metaspace       used 29351K, capacity 29624K, committed 29952K, reserved 1075200K
  class space    used 3624K, capacity 3715K, committed 3840K, reserved 1048576K
Event: 8.855 GC heap after
Heap after GC invocations=4 (full 1):
 PSYoungGen      total 38400K, used 5107K [0x00000000d5d00000, 0x00000000d9a00000, 0x0000000100000000)
  eden space 33280K, 0% used [0x00000000d5d00000,0x00000000d5d00000,0x00000000d7d80000)
  from space 5120K, 99% used [0x00000000d7d80000,0x00000000d827ce00,0x00000000d8280000)
  to   space 5120K, 0% used [0x00000000d9500000,0x00000000d9500000,0x00000000d9a00000)
 ParOldGen       total 74752K, used 14560K [0x0000000081600000, 0x0000000085f00000, 0x00000000d5d00000)
  object space 74752K, 19% used [0x0000000081600000,0x0000000082438100,0x0000000085f00000)
 Metaspace       used 29351K, capacity 29624K, committed 29952K, reserved 1075200K
  class space    used 3624K, capacity 3715K, committed 3840K, reserved 1048576K
}
Event: 18.836 GC heap before
{Heap before GC invocations=5 (full 1):
 PSYoungGen      total 38400K, used 35188K [0x00000000d5d00000, 0x00000000d9a00000, 0x0000000100000000)
  eden space 33280K, 90% used [0x00000000d5d00000,0x00000000d7a60530,0x00000000d7d80000)
  from space 5120K, 99% used [0x00000000d7d80000,0x00000000d827ce00,0x00000000d8280000)
  to   space 5120K, 0% used [0x00000000d9500000,0x00000000d9500000,0x00000000d9a00000)
 ParOldGen       total 74752K, used 14560K [0x0000000081600000, 0x0000000085f00000, 0x00000000d5d00000)
  object space 74752K, 19% used [0x0000000081600000,0x0000000082438100,0x0000000085f00000)
 Metaspace       used 34842K, capacity 35102K, committed 35416K, reserved 1081344K
  class space    used 4394K, capacity 4490K, committed 4608K, reserved 1048576K
Event: 18.849 GC heap after
Heap after GC invocations=5 (full 1):
 PSYoungGen      total 55296K, used 5111K [0x00000000d5d00000, 0x00000000d9a00000, 0x0000000100000000)
  eden space 50176K, 0% used [0x00000000d5d00000,0x00000000d5d00000,0x00000000d8e00000)
  from space 5120K, 99% used [0x00000000d9500000,0x00000000d99fdd48,0x00000000d9a00000)
  to   space 5120K, 0% used [0x00000000d9000000,0x00000000d9000000,0x00000000d9500000)
 ParOldGen       total 74752K, used 19805K [0x0000000081600000, 0x0000000085f00000, 0x00000000d5d00000)
  object space 74752K, 26% used [0x0000000081600000,0x0000000082957468,0x0000000085f00000)
 Metaspace       used 34842K, capacity 35102K, committed 35416K, reserved 1081344K
  class space    used 4394K, capacity 4490K, committed 4608K, reserved 1048576K
}
Event: 18.849 GC heap before
{Heap before GC invocations=6 (full 2):
 PSYoungGen      total 55296K, used 5111K [0x00000000d5d00000, 0x00000000d9a00000, 0x0000000100000000)
  eden space 50176K, 0% used [0x00000000d5d00000,0x00000000d5d00000,0x00000000d8e00000)
  from space 5120K, 99% used [0x00000000d9500000,0x00000000d99fdd48,0x00000000d9a00000)
  to   space 5120K, 0% used [0x00000000d9000000,0x00000000d9000000,0x00000000d9500000)
 ParOldGen       total 74752K, used 19805K [0x0000000081600000, 0x0000000085f00000, 0x00000000d5d00000)
  object space 74752K, 26% used [0x0000000081600000,0x0000000082957468,0x0000000085f00000)
 Metaspace       used 34842K, capacity 35102K, committed 35416K, reserved 1081344K
  class space    used 4394K, capacity 4490K, committed 4608K, reserved 1048576K
Event: 18.932 GC heap after
Heap after GC invocations=6 (full 2):
 PSYoungGen      total 55296K, used 0K [0x00000000d5d00000, 0x00000000d9a00000, 0x0000000100000000)
  eden space 50176K, 0% used [0x00000000d5d00000,0x00000000d5d00000,0x00000000d8e00000)
  from space 5120K, 0% used [0x00000000d9500000,0x00000000d9500000,0x00000000d9a00000)
  to   space 5120K, 0% used [0x00000000d9000000,0x00000000d9000000,0x00000000d9500000)
 ParOldGen       total 99840K, used 17514K [0x0000000081600000, 0x0000000087780000, 0x00000000d5d00000)
  object space 99840K, 17% used [0x0000000081600000,0x000000008271aba0,0x0000000087780000)
 Metaspace       used 34842K, capacity 35102K, committed 35416K, reserved 1081344K
  class space    used 4394K, capacity 4490K, committed 4608K, reserved 1048576K
}

Deoptimization events (10 events):
Event: 13.968 Thread 0x000001fe7b334800 Uncommon trap: reason=unstable_if action=reinterpret pc=0x000001fe004fa8e4 method=java.util.Properties$LineReader.readLine()I @ 252
Event: 13.968 Thread 0x000001fe7b334800 Uncommon trap: reason=unstable_if action=reinterpret pc=0x000001fe004e6340 method=java.util.Properties$LineReader.readLine()I @ 252
Event: 14.106 Thread 0x000001fe7b334800 Uncommon trap: reason=unstable_if action=reinterpret pc=0x000001fe006e6e84 method=java.util.concurrent.ConcurrentHashMap.get(Ljava/lang/Object;)Ljava/lang/Object; @ 76
Event: 16.399 Thread 0x000001fe7b334800 Uncommon trap: reason=unstable_if action=reinterpret pc=0x000001fe004e74f4 method=java.util.Properties.loadConvert([CII[C)Ljava/lang/String; @ 72
Event: 16.482 Thread 0x000001fe7b334800 Uncommon trap: reason=predicate action=maybe_recompile pc=0x000001fe0077ab20 method=java.lang.String.regionMatches(ZILjava/lang/String;II)Z @ 63
Event: 16.565 Thread 0x000001fe7b334800 Uncommon trap: reason=class_check action=maybe_recompile pc=0x000001fe00181f40 method=java.util.Hashtable.put(Ljava/lang/Object;Ljava/lang/Object;)Ljava/lang/Object; @ 60
Event: 16.565 Thread 0x000001fe7b334800 Uncommon trap: reason=class_check action=maybe_recompile pc=0x000001fe00181f40 method=java.util.Hashtable.put(Ljava/lang/Object;Ljava/lang/Object;)Ljava/lang/Object; @ 60
Event: 16.565 Thread 0x000001fe7b334800 Uncommon trap: reason=class_check action=maybe_recompile pc=0x000001fe00181f40 method=java.util.Hashtable.put(Ljava/lang/Object;Ljava/lang/Object;)Ljava/lang/Object; @ 60
Event: 16.566 Thread 0x000001fe7b334800 Uncommon trap: reason=class_check action=maybe_recompile pc=0x000001fe00181f40 method=java.util.Hashtable.put(Ljava/lang/Object;Ljava/lang/Object;)Ljava/lang/Object; @ 60
Event: 18.573 Thread 0x000001fe7e80d800 Uncommon trap: reason=unstable_if action=reinterpret pc=0x000001fe00411854 method=java.lang.CharacterDataLatin1.digit(II)I @ 82

Classes redefined (0 events):
No events

Internal exceptions (10 events):
Event: 13.722 Thread 0x000001fe7b334800 Exception <a 'java/lang/reflect/InvocationTargetException'> (0x00000000d692e588) thrown at [C:\jenkins\workspace\8-2-build-windows-amd64-cygwin\jdk8u301\1513\hotspot\src\share\vm\runtime\reflection.cpp, line 1092]
Event: 13.722 Thread 0x000001fe7b334800 Exception <a 'java/lang/NoClassDefFoundError'> (0x00000000d692e198) thrown at [C:\jenkins\workspace\8-2-build-windows-amd64-cygwin\jdk8u301\1513\hotspot\src\share\vm\prims\jni.cpp, line 710]
Event: 13.723 Thread 0x000001fe7b334800 Exception <a 'java/lang/NoClassDefFoundError': android/view/View> (0x00000000d6932150) thrown at [C:\jenkins\workspace\8-2-build-windows-amd64-cygwin\jdk8u301\1513\hotspot\src\share\vm\classfile\systemDictionary.cpp, line 201]
Event: 13.726 Thread 0x000001fe7b334800 Exception <a 'java/lang/NoClassDefFoundError': android/graphics/RectF> (0x00000000d69441c0) thrown at [C:\jenkins\workspace\8-2-build-windows-amd64-cygwin\jdk8u301\1513\hotspot\src\share\vm\classfile\systemDictionary.cpp, line 201]
Event: 13.726 Thread 0x000001fe7b334800 Exception <a 'java/lang/NoClassDefFoundError': android/graphics/Point> (0x00000000d69452c0) thrown at [C:\jenkins\workspace\8-2-build-windows-amd64-cygwin\jdk8u301\1513\hotspot\src\share\vm\classfile\systemDictionary.cpp, line 201]
Event: 13.727 Thread 0x000001fe7b334800 Exception <a 'java/lang/NoClassDefFoundError': android/graphics/Color> (0x00000000d69463c0) thrown at [C:\jenkins\workspace\8-2-build-windows-amd64-cygwin\jdk8u301\1513\hotspot\src\share\vm\classfile\systemDictionary.cpp, line 201]
Event: 13.727 Thread 0x000001fe7b334800 Exception <a 'java/lang/NoClassDefFoundError': android/graphics/Rect> (0x00000000d69474c0) thrown at [C:\jenkins\workspace\8-2-build-windows-amd64-cygwin\jdk8u301\1513\hotspot\src\share\vm\classfile\systemDictionary.cpp, line 201]
Event: 13.882 Thread 0x000001fe7e80d000 Implicit null exception at 0x000001fe006e8e83 to 0x000001fe006e9dad
Event: 19.647 Thread 0x000001fe7b334800 Exception <a 'java/io/FileNotFoundException'> (0x00000000d62e7ce8) thrown at [C:\jenkins\workspace\8-2-build-windows-amd64-cygwin\jdk8u301\1513\hotspot\src\share\vm\prims\jni.cpp, line 710]
Event: 19.736 Thread 0x000001fe7b334800 Exception <a 'java/io/FileNotFoundException'> (0x00000000d62feb20) thrown at [C:\jenkins\workspace\8-2-build-windows-amd64-cygwin\jdk8u301\1513\hotspot\src\share\vm\prims\jni.cpp, line 710]

Events (10 events):
Event: 20.875 Thread 0x000001fe7995b800 flushing nmethod 0x000001fe001d69d0
Event: 20.892 Thread 0x000001fe7995b800 flushing nmethod 0x000001fe001dfb90
Event: 20.892 Thread 0x000001fe7995b800 flushing nmethod 0x000001fe001e91d0
Event: 20.892 Thread 0x000001fe7995b800 flushing nmethod 0x000001fe001f5650
Event: 21.051 Thread 0x000001fe7995b800 flushing nmethod 0x000001fe0039ec10
Event: 21.053 Thread 0x000001fe7995b800 flushing nmethod 0x000001fe003ff090
Event: 21.054 Thread 0x000001fe7995b800 flushing nmethod 0x000001fe004e6cd0
Event: 21.059 Thread 0x000001fe7995b800 flushing nmethod 0x000001fe00779dd0
Event: 21.059 Thread 0x000001fe7995b800 flushing nmethod 0x000001fe0077a390
Event: 21.059 Thread 0x000001fe7995b800 flushing nmethod 0x000001fe007a4e50


Dynamic libraries:
0x00007ff74a390000 - 0x00007ff74a3d7000 	C:\Program Files (x86)\Common Files\Oracle\Java\javapath\java.exe
0x00007ffea93d0000 - 0x00007ffea95c5000 	C:\WINDOWS\SYSTEM32\ntdll.dll
0x00007ffea89f0000 - 0x00007ffea8aad000 	C:\WINDOWS\System32\KERNEL32.DLL
0x00007ffea6e70000 - 0x00007ffea713d000 	C:\WINDOWS\System32\KERNELBASE.dll
0x00007ffea7fd0000 - 0x00007ffea807e000 	C:\WINDOWS\System32\ADVAPI32.dll
0x00007ffea8d80000 - 0x00007ffea8e1e000 	C:\WINDOWS\System32\msvcrt.dll
0x00007ffea7f20000 - 0x00007ffea7fbc000 	C:\WINDOWS\System32\sechost.dll
0x00007ffea8ab0000 - 0x00007ffea8bd5000 	C:\WINDOWS\System32\RPCRT4.dll
0x00007ffea8be0000 - 0x00007ffea8d80000 	C:\WINDOWS\System32\USER32.dll
0x00007ffea6ae0000 - 0x00007ffea6b02000 	C:\WINDOWS\System32\win32u.dll
0x00007ffea8e20000 - 0x00007ffea8e4a000 	C:\WINDOWS\System32\GDI32.dll
0x00007ffea7170000 - 0x00007ffea727b000 	C:\WINDOWS\System32\gdi32full.dll
0x00007ffea7280000 - 0x00007ffea731d000 	C:\WINDOWS\System32\msvcp_win.dll
0x00007ffea7320000 - 0x00007ffea7420000 	C:\WINDOWS\System32\ucrtbase.dll
0x00007ffe98f20000 - 0x00007ffe991ba000 	C:\WINDOWS\WinSxS\amd64_microsoft.windows.common-controls_6595b64144ccf1df_6.0.19041.1110_none_60b5254171f9507e\COMCTL32.dll
0x00007ffea7ef0000 - 0x00007ffea7f20000 	C:\WINDOWS\System32\IMM32.DLL
0x00007ffe8ac60000 - 0x00007ffe8ac75000 	C:\Program Files\Java\jre1.8.0_301\bin\vcruntime140.dll
0x00007ffe71e90000 - 0x00007ffe71f2b000 	C:\Program Files\Java\jre1.8.0_301\bin\msvcp140.dll
0x000000005a4b0000 - 0x000000005ad10000 	C:\Program Files\Java\jre1.8.0_301\bin\server\jvm.dll
0x00007ffea92a0000 - 0x00007ffea92a8000 	C:\WINDOWS\System32\PSAPI.DLL
0x00007ffe90ae0000 - 0x00007ffe90b07000 	C:\WINDOWS\SYSTEM32\WINMM.dll
0x00007ffe9f360000 - 0x00007ffe9f36a000 	C:\WINDOWS\SYSTEM32\VERSION.dll
0x00007ffe9e120000 - 0x00007ffe9e129000 	C:\WINDOWS\SYSTEM32\WSOCK32.dll
0x00007ffea91d0000 - 0x00007ffea923b000 	C:\WINDOWS\System32\WS2_32.dll
0x00007ffea53a0000 - 0x00007ffea53b2000 	C:\WINDOWS\SYSTEM32\kernel.appcore.dll
0x00007ffea2d00000 - 0x00007ffea2d10000 	C:\Program Files\Java\jre1.8.0_301\bin\verify.dll
0x00007ffe8ac30000 - 0x00007ffe8ac5b000 	C:\Program Files\Java\jre1.8.0_301\bin\java.dll
0x00007ffe8ab60000 - 0x00007ffe8ab78000 	C:\Program Files\Java\jre1.8.0_301\bin\zip.dll
0x00007ffea8230000 - 0x00007ffea8974000 	C:\WINDOWS\System32\SHELL32.dll
0x00007ffea4bc0000 - 0x00007ffea5354000 	C:\WINDOWS\SYSTEM32\windows.storage.dll
0x00007ffea7540000 - 0x00007ffea7894000 	C:\WINDOWS\System32\combase.dll
0x00007ffea6470000 - 0x00007ffea649c000 	C:\WINDOWS\SYSTEM32\Wldp.dll
0x00007ffea8f20000 - 0x00007ffea8fcd000 	C:\WINDOWS\System32\SHCORE.dll
0x00007ffea8990000 - 0x00007ffea89e5000 	C:\WINDOWS\System32\shlwapi.dll
0x00007ffea6a20000 - 0x00007ffea6a3f000 	C:\WINDOWS\SYSTEM32\profapi.dll
0x00007ffe61460000 - 0x00007ffe615f5000 	C:\Program Files\Java\jre1.8.0_301\bin\awt.dll
0x00007ffea8e50000 - 0x00007ffea8f1d000 	C:\WINDOWS\System32\OLEAUT32.dll
0x00007ffea3aa0000 - 0x00007ffea3b30000 	C:\WINDOWS\SYSTEM32\apphelp.dll
0x00007ffea3ee0000 - 0x00007ffea3f7e000 	C:\WINDOWS\system32\uxtheme.dll
0x00007ffea7420000 - 0x00007ffea7535000 	C:\WINDOWS\System32\MSCTF.dll
0x00007ffea8100000 - 0x00007ffea822a000 	C:\WINDOWS\System32\ole32.dll
0x00007ffea6c70000 - 0x00007ffea6cf2000 	C:\WINDOWS\System32\bcryptPrimitives.dll
0x00007ffea4490000 - 0x00007ffea44bf000 	C:\WINDOWS\system32\DWMAPI.DLL
0x00007ffe81f00000 - 0x00007ffe82026000 	C:\WINDOWS\system32\opengl32.dll
0x00007ffe85550000 - 0x00007ffe8557c000 	C:\WINDOWS\SYSTEM32\GLU32.dll
0x00007ffe81ca0000 - 0x00007ffe81cd2000 	C:\Program Files\Java\jre1.8.0_301\bin\jpeg.dll
0x00007ffe7dc90000 - 0x00007ffe7dcd9000 	C:\Program Files\Java\jre1.8.0_301\bin\fontmanager.dll
0x00007ffea9120000 - 0x00007ffea91c9000 	C:\WINDOWS\System32\clbcatq.dll
0x00007ffe9b3f0000 - 0x00007ffe9b5a4000 	C:\WINDOWS\SYSTEM32\WindowsCodecs.dll
0x00007ffea7140000 - 0x00007ffea7167000 	C:\WINDOWS\System32\bcrypt.dll
0x00007ffe81bd0000 - 0x00007ffe81c0e000 	C:\WINDOWS\system32\dataexchange.dll
0x00007ffea1920000 - 0x00007ffea1b84000 	C:\WINDOWS\system32\d3d11.dll
0x00007ffea1dd0000 - 0x00007ffea1fb5000 	C:\WINDOWS\system32\dcomp.dll
0x00007ffea5500000 - 0x00007ffea55f3000 	C:\WINDOWS\system32\dxgi.dll
0x00007ffe9e550000 - 0x00007ffe9e751000 	C:\WINDOWS\system32\twinapi.appcore.dll
0x00007ffe8ab40000 - 0x00007ffe8ab5c000 	C:\Program Files\Java\jre1.8.0_301\bin\net.dll
0x00007ffea61d0000 - 0x00007ffea623a000 	C:\WINDOWS\system32\mswsock.dll
0x00007ffe88e70000 - 0x00007ffe88e83000 	C:\Program Files\Java\jre1.8.0_301\bin\nio.dll
0x00007ffe75920000 - 0x00007ffe75963000 	C:\Program Files\Java\jre1.8.0_301\bin\t2k.dll
0x00007ffe9e450000 - 0x00007ffe9e549000 	C:\WINDOWS\SYSTEM32\textinputframework.dll
0x00007ffea3010000 - 0x00007ffea336e000 	C:\WINDOWS\System32\CoreUIComponents.dll
0x00007ffea3370000 - 0x00007ffea3462000 	C:\WINDOWS\System32\CoreMessaging.dll
0x00007ffea5820000 - 0x00007ffea5853000 	C:\WINDOWS\SYSTEM32\ntmarta.dll
0x00007ffea2eb0000 - 0x00007ffea3004000 	C:\WINDOWS\SYSTEM32\wintypes.dll
0x00007ffe88870000 - 0x00007ffe88894000 	C:\Program Files\Java\jre1.8.0_301\bin\sunec.dll
0x00007ffea5ec0000 - 0x00007ffea5efb000 	C:\WINDOWS\SYSTEM32\IPHLPAPI.DLL
0x00007ffea8980000 - 0x00007ffea8988000 	C:\WINDOWS\System32\NSI.dll
0x00007ffe9f470000 - 0x00007ffe9f487000 	C:\WINDOWS\SYSTEM32\dhcpcsvc6.DLL
0x00007ffe9f5d0000 - 0x00007ffe9f5ed000 	C:\WINDOWS\SYSTEM32\dhcpcsvc.DLL
0x00007ffea5f00000 - 0x00007ffea5fcb000 	C:\WINDOWS\SYSTEM32\DNSAPI.dll
0x00007ffea63c0000 - 0x00007ffea63d8000 	C:\WINDOWS\SYSTEM32\CRYPTSP.dll
0x00007ffea5b50000 - 0x00007ffea5b84000 	C:\WINDOWS\system32\rsaenh.dll
0x00007ffea69e0000 - 0x00007ffea6a0e000 	C:\WINDOWS\SYSTEM32\USERENV.dll
0x00007ffea63e0000 - 0x00007ffea63ec000 	C:\WINDOWS\SYSTEM32\CRYPTBASE.dll
0x00007ffe81c70000 - 0x00007ffe81c9a000 	C:\Program Files\Java\jre1.8.0_301\bin\dcpr.dll
0x0000000180000000 - 0x0000000180025000 	C:\Program Files\Java\jre1.8.0_301\bin\rxtxSerial.dll
0x00007ffea48d0000 - 0x00007ffea4ab4000 	C:\WINDOWS\SYSTEM32\dbghelp.dll

VM Arguments:
java_command: SART.jar
java_class_path (initial): SART.jar
Launcher Type: SUN_STANDARD

Environment Variables:
JAVA_HOME=C:\Program Files\Java\jdk1.8.0_291
PATH=C:\Program Files (x86)\Common Files\Oracle\Java\javapath;C:\ProgramData\Oracle\Java\javapath;C:\Program Files (x86)\Intel\Intel(R) Management Engine Components\iCLS\;C:\Program Files\Intel\Intel(R) Management Engine Components\iCLS\;C:\WINDOWS\system32;C:\WINDOWS;C:\WINDOWS\System32\Wbem;C:\WINDOWS\System32\WindowsPowerShell\v1.0\;C:\Program Files (x86)\Intel\Intel(R) Management Engine Components\DAL;C:\Program Files\Intel\Intel(R) Management Engine Components\DAL;C:\Program Files (x86)\Intel\Intel(R) Management Engine Components\IPT;C:\Program Files\Intel\Intel(R) Management Engine Components\IPT;C:\WINDOWS\System32\OpenSSH\;C:\Program Files\Git\cmd;C:\Program Files\MySQL\MySQL Server 5.6\bin;C:\xampp\php;C:\Program Files\010 Editor;C:\Program Files\nodejs\;C:\Users\SOLTELEC\AppData\Local\Microsoft\WindowsApps;C:\Users\SOLTELEC\AppData\Local\GitHubDesktop\bin;C:\Windows\System32\PSTools;;C:\Users\SOLTELEC\AppData\Local\Programs\Microsoft VS Code\bin;C:\Users\SOLTELEC\AppData\Roaming\npm
USERNAME=SOLTELEC
OS=Windows_NT
PROCESSOR_IDENTIFIER=Intel64 Family 6 Model 142 Stepping 10, GenuineIntel



---------------  S Y S T E M  ---------------

OS: Windows 10.0 , 64 bit Build 19041 (10.0.19041.1706)

CPU:total 8 (initial active 8) (4 cores per cpu, 2 threads per core) family 6 model 142 stepping 10, cmov, cx8, fxsr, mmx, sse, sse2, sse3, ssse3, sse4.1, sse4.2, popcnt, avx, avx2, aes, clmul, erms, 3dnowpref, lzcnt, ht, tsc, tscinvbit, bmi1, bmi2, adx

Memory: 4k page, physical 8295652k(1935264k free), swap 15897828k(8288100k free)

vm_info: Java HotSpot(TM) 64-Bit Server VM (25.301-b09) for windows-amd64 JRE (1.8.0_301-b09), built on Jun  9 2021 06:46:21 by "java_re" with MS VC++ 15.9 (VS2017)

time: Tue May 31 15:51:19 2022
timezone: Hora est. Pacífico, Sudamérica
elapsed time: 21.936688 seconds (0d 0h 0m 21s)

