#
# A fatal error has been detected by the Java Runtime Environment:
#
#  EXCEPTION_ACCESS_VIOLATION (0xc0000005) at pc=0x0000000180003990, pid=1612, tid=0x0000000000003ef0
#
# JRE version: Java(TM) SE Runtime Environment (8.0_291-b10) (build 1.8.0_291-b10)
# Java VM: Java HotSpot(TM) 64-Bit Server VM (25.291-b10 mixed mode windows-amd64 compressed oops)
# Problematic frame:
# C  [rxtxSerial.dll+0x3990]
#
# Failed to write core dump. Minidumps are not enabled by default on client versions of Windows
#
# If you would like to submit a bug report, please visit:
#   http://bugreport.java.com/bugreport/crash.jsp
# The crash happened outside the Java Virtual Machine in native code.
# See problematic frame for where to report the bug.
#

---------------  T H R E A D  ---------------

Current thread (0x000001ad064de000):  JavaThread "AWT-EventQueue-0" [_thread_in_native, id=16112, stack(0x0000002734500000,0x0000002734600000)]

siginfo: ExceptionCode=0xc0000005, reading address 0x0000000034dfef78

Registers:
RAX=0x0000000034dfef70, RBX=0x0000000000000000, RCX=0x000000018001d4d5, RDX=0xfffffffffffff665
RSP=0x00000027345f5580, RBP=0x00000000ffffffff, RSI=0x0000000000000001, RDI=0x0000000000000000
R8 =0x0000000000000002, R9 =0xfffffffffffff63c, R10=0x00000000000001c6, R11=0x8101010101010100
R12=0x0000000034dfef70, R13=0x0000000000000001, R14=0x0000000000000001, R15=0x0000000000000000
RIP=0x0000000180003990, EFLAGS=0x0000000000010202

Top of Stack: (sp=0x00000027345f5580)
0x00000027345f5580:   0000000000000000 00000027345f5750
0x00000027345f5590:   0000000000000001 0000000000000000
0x00000027345f55a0:   000001ad064de000 00000000ffffffff
0x00000027345f55b0:   0000000000000001 0000000000000000
0x00000027345f55c0:   000001ad064de200 0000000000000001
0x00000027345f55d0:   00000027345f5750 000000018000535a
0x00000027345f55e0:   000001ad0715bb00 00000027345f5750
0x00000027345f55f0:   0000000000000001 000001ad0715bb00
0x00000027345f5600:   0000002700000001 00000000ffffffff
0x00000027345f5610:   00000027345f5758 0000000000000000
0x00000027345f5620:   000001ad064de000 000001ad0485b260
0x00000027345f5630:   000001ad0b292890 000001ad064de000
0x00000027345f5640:   000001ad0b292890 000001ad064de000
0x00000027345f5650:   000001ad6f487dc0 000071facf3589ed
0x00000027345f5660:   00000027345f5758 000001ad0b292888
0x00000027345f5670:   0000000000000000 000001ad6f487dc0 

Instructions: (pc=0x0000000180003990)
0x0000000180003970:   00 44 8b fb 8b fb e8 95 fe ff ff 8b ac 24 88 00
0x0000000180003980:   00 00 44 8b b4 24 80 00 00 00 4c 63 e0 41 8b f6
0x0000000180003990:   45 8b 6c 24 08 41 89 5c 24 08 85 ed 78 09 ff 15
0x00000001800039a0:   5c 36 01 00 44 8b f8 45 85 f6 7e 4d 0f 1f 40 00 


Register to memory mapping:

RAX=0x0000000034dfef70 is an unknown value
RBX=0x0000000000000000 is an unknown value
RCX=0x000000018001d4d5 is an unknown value
RDX=0xfffffffffffff665 is an unknown value
RSP=0x00000027345f5580 is pointing into the stack for thread: 0x000001ad064de000
RBP=0x00000000ffffffff is an unallocated location in the heap
RSI=0x0000000000000001 is an unknown value
RDI=0x0000000000000000 is an unknown value
R8 =0x0000000000000002 is an unknown value
R9 =0xfffffffffffff63c is an unknown value
R10=0x00000000000001c6 is an unknown value
R11=0x8101010101010100 is an unknown value
R12=0x0000000034dfef70 is an unknown value
R13=0x0000000000000001 is an unknown value
R14=0x0000000000000001 is an unknown value
R15=0x0000000000000000 is an unknown value


Stack: [0x0000002734500000,0x0000002734600000],  sp=0x00000027345f5580,  free space=981k
Native frames: (J=compiled Java code, j=interpreted, Vv=VM code, C=native code)
C  [rxtxSerial.dll+0x3990]
C  [rxtxSerial.dll+0x535a]
C  0x000001ad6f499f4e

Java frames: (J=compiled Java code, j=interpreted, Vv=VM code)
j  gnu.io.RXTXPort.readArray([BII)I+0
j  gnu.io.RXTXPort$SerialInputStream.read([BII)I+212
j  gnu.io.RXTXPort$SerialInputStream.read([B)I+60
j  vistas.DlgServicio.PruebaConexion()Z+25
j  vistas.DlgServicio.BotonConectarActionPerformed(Ljava/awt/event/ActionEvent;)V+15
j  vistas.DlgServicio.access$600(Lvistas/DlgServicio;Ljava/awt/event/ActionEvent;)V+2
j  vistas.DlgServicio$7.actionPerformed(Ljava/awt/event/ActionEvent;)V+5
j  javax.swing.AbstractButton.fireActionPerformed(Ljava/awt/event/ActionEvent;)V+83
j  javax.swing.AbstractButton$Handler.actionPerformed(Ljava/awt/event/ActionEvent;)V+5
j  javax.swing.DefaultButtonModel.fireActionPerformed(Ljava/awt/event/ActionEvent;)V+34
j  javax.swing.DefaultButtonModel.setPressed(Z)V+117
j  javax.swing.plaf.basic.BasicButtonListener.mouseReleased(Ljava/awt/event/MouseEvent;)V+35
j  java.awt.Component.processMouseEvent(Ljava/awt/event/MouseEvent;)V+64
j  javax.swing.JComponent.processMouseEvent(Ljava/awt/event/MouseEvent;)V+23
j  java.awt.Component.processEvent(Ljava/awt/AWTEvent;)V+81
j  java.awt.Container.processEvent(Ljava/awt/AWTEvent;)V+18
J 3563 C1 java.awt.Component.dispatchEventImpl(Ljava/awt/AWTEvent;)V (921 bytes) @ 0x000001ad6fe0bb24 [0x000001ad6fe06640+0x54e4]
J 3105 C1 java.awt.Container.dispatchEventImpl(Ljava/awt/AWTEvent;)V (129 bytes) @ 0x000001ad6fa63404 [0x000001ad6fa632c0+0x144]
J 3104 C1 java.awt.Component.dispatchEvent(Ljava/awt/AWTEvent;)V (6 bytes) @ 0x000001ad6f8d9884 [0x000001ad6f8d9780+0x104]
j  java.awt.LightweightDispatcher.retargetMouseEvent(Ljava/awt/Component;ILjava/awt/event/MouseEvent;)V+349
j  java.awt.LightweightDispatcher.processMouseEvent(Ljava/awt/event/MouseEvent;)Z+155
j  java.awt.LightweightDispatcher.dispatchEvent(Ljava/awt/AWTEvent;)Z+50
J 3105 C1 java.awt.Container.dispatchEventImpl(Ljava/awt/AWTEvent;)V (129 bytes) @ 0x000001ad6fa633a4 [0x000001ad6fa632c0+0xe4]
j  java.awt.Window.dispatchEventImpl(Ljava/awt/AWTEvent;)V+19
J 3208 C1 java.awt.EventQueue.dispatchEventImpl(Ljava/awt/AWTEvent;Ljava/lang/Object;)V (149 bytes) @ 0x000001ad6fd1277c [0x000001ad6fd10f40+0x183c]
J 3206 C1 java.awt.EventQueue$3.run()Ljava/lang/Void; (60 bytes) @ 0x000001ad6fd1034c [0x000001ad6fd10140+0x20c]
J 3205 C1 java.awt.EventQueue$3.run()Ljava/lang/Object; (5 bytes) @ 0x000001ad6fd0fdcc [0x000001ad6fd0fd40+0x8c]
v  ~StubRoutines::call_stub
J 604  java.security.AccessController.doPrivileged(Ljava/security/PrivilegedAction;Ljava/security/AccessControlContext;)Ljava/lang/Object; (0 bytes) @ 0x000001ad6f6f1926 [0x000001ad6f6f18c0+0x66]
J 3573 C1 java.awt.EventQueue$4.run()Ljava/lang/Object; (5 bytes) @ 0x000001ad6fe18cec [0x000001ad6fe188c0+0x42c]
v  ~StubRoutines::call_stub
J 604  java.security.AccessController.doPrivileged(Ljava/security/PrivilegedAction;Ljava/security/AccessControlContext;)Ljava/lang/Object; (0 bytes) @ 0x000001ad6f6f1926 [0x000001ad6f6f18c0+0x66]
J 2951 C1 java.awt.EventQueue.dispatchEvent(Ljava/awt/AWTEvent;)V (80 bytes) @ 0x000001ad6fc8903c [0x000001ad6fc881c0+0xe7c]
J 2955 C1 java.awt.EventDispatchThread.pumpOneEventForFilters(I)V (190 bytes) @ 0x000001ad6fc8ce0c [0x000001ad6fc8bcc0+0x114c]
j  java.awt.EventDispatchThread.pumpEventsForFilter(ILjava/awt/Conditional;Ljava/awt/EventFilter;)V+35
j  java.awt.EventDispatchThread.pumpEventsForFilter(Ljava/awt/Conditional;Ljava/awt/EventFilter;)V+4
j  java.awt.WaitDispatchSupport$2.run()V+59
j  java.awt.WaitDispatchSupport$4.run()Ljava/lang/Void;+4
j  java.awt.WaitDispatchSupport$4.run()Ljava/lang/Object;+1
v  ~StubRoutines::call_stub
J 566  java.security.AccessController.doPrivileged(Ljava/security/PrivilegedAction;)Ljava/lang/Object; (0 bytes) @ 0x000001ad6f6dafd2 [0x000001ad6f6daf80+0x52]
j  java.awt.WaitDispatchSupport.enter()Z+325
j  java.awt.Dialog.show()V+233
j  java.awt.Component.show(Z)V+5
j  java.awt.Component.setVisible(Z)V+2
j  java.awt.Window.setVisible(Z)V+2
j  java.awt.Dialog.setVisible(Z)V+2
j  com.soltelec.igrafica.Frm_UICentral.btnServicioFrenosActionPerformed(Ljava/awt/event/ActionEvent;)V+23
j  com.soltelec.igrafica.Frm_UICentral.access$3400(Lcom/soltelec/igrafica/Frm_UICentral;Ljava/awt/event/ActionEvent;)V+2
j  com.soltelec.igrafica.Frm_UICentral$13.actionPerformed(Ljava/awt/event/ActionEvent;)V+5
j  javax.swing.AbstractButton.fireActionPerformed(Ljava/awt/event/ActionEvent;)V+83
j  javax.swing.AbstractButton$Handler.actionPerformed(Ljava/awt/event/ActionEvent;)V+5
j  javax.swing.DefaultButtonModel.fireActionPerformed(Ljava/awt/event/ActionEvent;)V+34
j  javax.swing.DefaultButtonModel.setPressed(Z)V+117
j  javax.swing.plaf.basic.BasicButtonListener.mouseReleased(Ljava/awt/event/MouseEvent;)V+35
j  java.awt.Component.processMouseEvent(Ljava/awt/event/MouseEvent;)V+64
j  javax.swing.JComponent.processMouseEvent(Ljava/awt/event/MouseEvent;)V+23
j  java.awt.Component.processEvent(Ljava/awt/AWTEvent;)V+81
j  java.awt.Container.processEvent(Ljava/awt/AWTEvent;)V+18
j  java.awt.Component.dispatchEventImpl(Ljava/awt/AWTEvent;)V+589
j  java.awt.Container.dispatchEventImpl(Ljava/awt/AWTEvent;)V+42
j  java.awt.Component.dispatchEvent(Ljava/awt/AWTEvent;)V+2
j  java.awt.LightweightDispatcher.retargetMouseEvent(Ljava/awt/Component;ILjava/awt/event/MouseEvent;)V+349
j  java.awt.LightweightDispatcher.processMouseEvent(Ljava/awt/event/MouseEvent;)Z+155
j  java.awt.LightweightDispatcher.dispatchEvent(Ljava/awt/AWTEvent;)Z+50
j  java.awt.Container.dispatchEventImpl(Ljava/awt/AWTEvent;)V+12
j  java.awt.Window.dispatchEventImpl(Ljava/awt/AWTEvent;)V+19
j  java.awt.Component.dispatchEvent(Ljava/awt/AWTEvent;)V+2
j  java.awt.EventQueue.dispatchEventImpl(Ljava/awt/AWTEvent;Ljava/lang/Object;)V+41
j  java.awt.EventQueue.access$500(Ljava/awt/EventQueue;Ljava/awt/AWTEvent;Ljava/lang/Object;)V+3
j  java.awt.EventQueue$3.run()Ljava/lang/Void;+32
j  java.awt.EventQueue$3.run()Ljava/lang/Object;+1
v  ~StubRoutines::call_stub
J 604  java.security.AccessController.doPrivileged(Ljava/security/PrivilegedAction;Ljava/security/AccessControlContext;)Ljava/lang/Object; (0 bytes) @ 0x000001ad6f6f1926 [0x000001ad6f6f18c0+0x66]
J 2847 C1 java.security.ProtectionDomain$JavaSecurityAccessImpl.doIntersectionPrivilege(Ljava/security/PrivilegedAction;Ljava/security/AccessControlContext;Ljava/security/AccessControlContext;)Ljava/lang/Object; (22 bytes) @ 0x000001ad6f5b386c [0x000001ad6f5b3400+0x46c]
j  java.security.ProtectionDomain$JavaSecurityAccessImpl.doIntersectionPrivilege(Ljava/security/PrivilegedAction;Ljava/security/AccessControlContext;)Ljava/lang/Object;+6
j  java.awt.EventQueue$4.run()Ljava/lang/Void;+11
j  java.awt.EventQueue$4.run()Ljava/lang/Object;+1
v  ~StubRoutines::call_stub
J 604  java.security.AccessController.doPrivileged(Ljava/security/PrivilegedAction;Ljava/security/AccessControlContext;)Ljava/lang/Object; (0 bytes) @ 0x000001ad6f6f1926 [0x000001ad6f6f18c0+0x66]
J 2951 C1 java.awt.EventQueue.dispatchEvent(Ljava/awt/AWTEvent;)V (80 bytes) @ 0x000001ad6fc8903c [0x000001ad6fc881c0+0xe7c]
J 2955 C1 java.awt.EventDispatchThread.pumpOneEventForFilters(I)V (190 bytes) @ 0x000001ad6fc8ce0c [0x000001ad6fc8bcc0+0x114c]
j  java.awt.EventDispatchThread.pumpEventsForFilter(ILjava/awt/Conditional;Ljava/awt/EventFilter;)V+35
j  java.awt.EventDispatchThread.pumpEventsForFilter(Ljava/awt/Conditional;Ljava/awt/EventFilter;)V+4
j  java.awt.WaitDispatchSupport$2.run()V+59
j  java.awt.WaitDispatchSupport$4.run()Ljava/lang/Void;+4
j  java.awt.WaitDispatchSupport$4.run()Ljava/lang/Object;+1
v  ~StubRoutines::call_stub
J 566  java.security.AccessController.doPrivileged(Ljava/security/PrivilegedAction;)Ljava/lang/Object; (0 bytes) @ 0x000001ad6f6dafd2 [0x000001ad6f6daf80+0x52]
j  java.awt.WaitDispatchSupport.enter()Z+325
j  java.awt.Dialog.show()V+233
j  java.awt.Component.show(Z)V+5
j  java.awt.Component.setVisible(Z)V+2
j  java.awt.Window.setVisible(Z)V+2
j  java.awt.Dialog.setVisible(Z)V+2
j  com.soltelec.igrafica.FrmLogin.btn_ingresarActionPerformed(Ljava/awt/event/ActionEvent;)V+504
j  com.soltelec.igrafica.FrmLogin.access$000(Lcom/soltelec/igrafica/FrmLogin;Ljava/awt/event/ActionEvent;)V+2
j  com.soltelec.igrafica.FrmLogin$1.actionPerformed(Ljava/awt/event/ActionEvent;)V+5
j  javax.swing.AbstractButton.fireActionPerformed(Ljava/awt/event/ActionEvent;)V+83
j  javax.swing.AbstractButton$Handler.actionPerformed(Ljava/awt/event/ActionEvent;)V+5
j  javax.swing.DefaultButtonModel.fireActionPerformed(Ljava/awt/event/ActionEvent;)V+34
j  javax.swing.DefaultButtonModel.setPressed(Z)V+117
j  javax.swing.plaf.basic.BasicButtonListener$Actions.actionPerformed(Ljava/awt/event/ActionEvent;)V+70
j  javax.swing.SwingUtilities.notifyAction(Ljavax/swing/Action;Ljavax/swing/KeyStroke;Ljava/awt/event/KeyEvent;Ljava/lang/Object;I)Z+132
j  javax.swing.JComponent.processKeyBinding(Ljavax/swing/KeyStroke;Ljava/awt/event/KeyEvent;IZ)Z+72
j  javax.swing.JComponent.processKeyBindings(Ljava/awt/event/KeyEvent;Z)Z+111
j  javax.swing.JComponent.processKeyEvent(Ljava/awt/event/KeyEvent;)V+51
j  java.awt.Component.processEvent(Ljava/awt/AWTEvent;)V+121
j  java.awt.Container.processEvent(Ljava/awt/AWTEvent;)V+18
j  java.awt.Component.dispatchEventImpl(Ljava/awt/AWTEvent;)V+589
j  java.awt.Container.dispatchEventImpl(Ljava/awt/AWTEvent;)V+42
j  java.awt.Component.dispatchEvent(Ljava/awt/AWTEvent;)V+2
j  java.awt.KeyboardFocusManager.redispatchEvent(Ljava/awt/Component;Ljava/awt/AWTEvent;)V+7
j  java.awt.DefaultKeyboardFocusManager.dispatchKeyEvent(Ljava/awt/event/KeyEvent;)Z+63
j  java.awt.DefaultKeyboardFocusManager.preDispatchKeyEvent(Ljava/awt/event/KeyEvent;)Z+137
j  java.awt.DefaultKeyboardFocusManager.typeAheadAssertions(Ljava/awt/Component;Ljava/awt/AWTEvent;)Z+166
j  java.awt.DefaultKeyboardFocusManager.dispatchEvent(Ljava/awt/AWTEvent;)Z+1637
j  java.awt.Component.dispatchEventImpl(Ljava/awt/AWTEvent;)V+151
j  java.awt.Container.dispatchEventImpl(Ljava/awt/AWTEvent;)V+42
j  java.awt.Window.dispatchEventImpl(Ljava/awt/AWTEvent;)V+19
j  java.awt.Component.dispatchEvent(Ljava/awt/AWTEvent;)V+2
j  java.awt.EventQueue.dispatchEventImpl(Ljava/awt/AWTEvent;Ljava/lang/Object;)V+41
j  java.awt.EventQueue.access$500(Ljava/awt/EventQueue;Ljava/awt/AWTEvent;Ljava/lang/Object;)V+3
j  java.awt.EventQueue$3.run()Ljava/lang/Void;+32
j  java.awt.EventQueue$3.run()Ljava/lang/Object;+1
v  ~StubRoutines::call_stub
J 604  java.security.AccessController.doPrivileged(Ljava/security/PrivilegedAction;Ljava/security/AccessControlContext;)Ljava/lang/Object; (0 bytes) @ 0x000001ad6f6f1926 [0x000001ad6f6f18c0+0x66]
j  java.security.ProtectionDomain$JavaSecurityAccessImpl.doIntersectionPrivilege(Ljava/security/PrivilegedAction;Ljava/security/AccessControlContext;Ljava/security/AccessControlContext;)Ljava/lang/Object;+18
j  java.security.ProtectionDomain$JavaSecurityAccessImpl.doIntersectionPrivilege(Ljava/security/PrivilegedAction;Ljava/security/AccessControlContext;)Ljava/lang/Object;+6
j  java.awt.EventQueue$4.run()Ljava/lang/Void;+11
j  java.awt.EventQueue$4.run()Ljava/lang/Object;+1
v  ~StubRoutines::call_stub
J 604  java.security.AccessController.doPrivileged(Ljava/security/PrivilegedAction;Ljava/security/AccessControlContext;)Ljava/lang/Object; (0 bytes) @ 0x000001ad6f6f1926 [0x000001ad6f6f18c0+0x66]
j  java.security.ProtectionDomain$JavaSecurityAccessImpl.doIntersectionPrivilege(Ljava/security/PrivilegedAction;Ljava/security/AccessControlContext;Ljava/security/AccessControlContext;)Ljava/lang/Object;+18
j  java.awt.EventQueue.dispatchEvent(Ljava/awt/AWTEvent;)V+73
j  java.awt.EventDispatchThread.pumpOneEventForFilters(I)V+140
j  java.awt.EventDispatchThread.pumpEventsForFilter(ILjava/awt/Conditional;Ljava/awt/EventFilter;)V+35
j  java.awt.EventDispatchThread.pumpEventsForHierarchy(ILjava/awt/Conditional;Ljava/awt/Component;)V+11
j  java.awt.EventDispatchThread.pumpEvents(ILjava/awt/Conditional;)V+4
j  java.awt.EventDispatchThread.pumpEvents(Ljava/awt/Conditional;)V+3
j  java.awt.EventDispatchThread.run()V+9
v  ~StubRoutines::call_stub

---------------  P R O C E S S  ---------------

Java Threads: ( => current thread )
  0x000001ad066cc800 JavaThread "Thread-6" [_thread_in_native, id=16220, stack(0x0000002734d00000,0x0000002734e00000)]
  0x000001ad067e6800 JavaThread "SwingWorker-pool-2-thread-1" daemon [_thread_blocked, id=3872, stack(0x0000002734c00000,0x0000002734d00000)]
  0x000001ad072d3800 JavaThread "Image Fetcher 0" daemon [_thread_blocked, id=5404, stack(0x0000002734600000,0x0000002734700000)]
  0x000001ad074d1000 JavaThread "Abandoned connection cleanup thread" daemon [_thread_blocked, id=9016, stack(0x0000002734b00000,0x0000002734c00000)]
  0x000001ad06cb1000 JavaThread "TimerQueue" daemon [_thread_blocked, id=12132, stack(0x0000002734a00000,0x0000002734b00000)]
  0x000001ad6dad8800 JavaThread "DestroyJavaVM" [_thread_blocked, id=14828, stack(0x0000002732e00000,0x0000002732f00000)]
=>0x000001ad064de000 JavaThread "AWT-EventQueue-0" [_thread_in_native, id=16112, stack(0x0000002734500000,0x0000002734600000)]
  0x000001ad06485800 JavaThread "AWT-Windows" daemon [_thread_in_native, id=16132, stack(0x0000002734400000,0x0000002734500000)]
  0x000001ad06482800 JavaThread "AWT-Shutdown" [_thread_blocked, id=14196, stack(0x0000002734300000,0x0000002734400000)]
  0x000001ad06482000 JavaThread "Java2D Disposer" daemon [_thread_blocked, id=1984, stack(0x0000002734200000,0x0000002734300000)]
  0x000001ad05c41000 JavaThread "Service Thread" daemon [_thread_blocked, id=15236, stack(0x0000002734000000,0x0000002734100000)]
  0x000001ad0485f000 JavaThread "C1 CompilerThread3" daemon [_thread_blocked, id=12572, stack(0x0000002733f00000,0x0000002734000000)]
  0x000001ad0485a000 JavaThread "C2 CompilerThread2" daemon [_thread_blocked, id=8936, stack(0x0000002733e00000,0x0000002733f00000)]
  0x000001ad04852800 JavaThread "C2 CompilerThread1" daemon [_thread_blocked, id=15364, stack(0x0000002733d00000,0x0000002733e00000)]
  0x000001ad0484d800 JavaThread "C2 CompilerThread0" daemon [_thread_blocked, id=15604, stack(0x0000002733c00000,0x0000002733d00000)]
  0x000001ad0484a000 JavaThread "Attach Listener" daemon [_thread_blocked, id=4108, stack(0x0000002733b00000,0x0000002733c00000)]
  0x000001ad04848000 JavaThread "Signal Dispatcher" daemon [_thread_blocked, id=15272, stack(0x0000002733a00000,0x0000002733b00000)]
  0x000001ad04823800 JavaThread "Finalizer" daemon [_thread_blocked, id=13260, stack(0x0000002733900000,0x0000002733a00000)]
  0x000001ad0481b800 JavaThread "Reference Handler" daemon [_thread_blocked, id=15540, stack(0x0000002733800000,0x0000002733900000)]

Other Threads:
  0x000001ad047f1800 VMThread [stack: 0x0000002733700000,0x0000002733800000] [id=14400]
  0x000001ad05c73800 WatcherThread [stack: 0x0000002734100000,0x0000002734200000] [id=12172]

VM state:not at safepoint (normal execution)

VM Mutex/Monitor currently owned by a thread: None

heap address: 0x0000000081600000, size: 2026 MB, Compressed Oops mode: 32-bit
Narrow klass base: 0x0000000000000000, Narrow klass shift: 3
Compressed class space size: 1073741824 Address: 0x0000000100000000

Heap:
 PSYoungGen      total 52224K, used 15087K [0x00000000d5d00000, 0x00000000dbd00000, 0x0000000100000000)
  eden space 47104K, 32% used [0x00000000d5d00000,0x00000000d6bbbf78,0x00000000d8b00000)
  from space 5120K, 0% used [0x00000000d8b00000,0x00000000d8b00000,0x00000000d9000000)
  to   space 17408K, 0% used [0x00000000dac00000,0x00000000dac00000,0x00000000dbd00000)
 ParOldGen       total 109568K, used 16442K [0x0000000081600000, 0x0000000088100000, 0x00000000d5d00000)
  object space 109568K, 15% used [0x0000000081600000,0x000000008260eb00,0x0000000088100000)
 Metaspace       used 36680K, capacity 36964K, committed 37160K, reserved 1081344K
  class space    used 4525K, capacity 4619K, committed 4656K, reserved 1048576K

Card table byte_map: [0x000001ad7e840000,0x000001ad7ec40000] byte_map_base: 0x000001ad7e435000

Marking Bits: (ParMarkBitMap*) 0x0000000077027fe0
 Begin Bits: [0x000001ad00000000, 0x000001ad01fa8000)
 End Bits:   [0x000001ad01fa8000, 0x000001ad03f50000)

Polling page: 0x000001ad6dbe0000

CodeCache: size=245760Kb used=9817Kb max_used=9817Kb free=235942Kb
 bounds [0x000001ad6f480000, 0x000001ad6fe30000, 0x000001ad7e480000]
 total_blobs=3985 nmethods=3269 adapters=627
 compilation: enabled

Compilation events (10 events):
Event: 12.701 Thread 0x000001ad0485f000 3586       3       javax.swing.DefaultButtonModel::isPressed (15 bytes)
Event: 12.701 Thread 0x000001ad0485f000 nmethod 3586 0x000001ad6fe16790 code [0x000001ad6fe168e0, 0x000001ad6fe16a98]
Event: 12.702 Thread 0x000001ad0485f000 3587       1       java.awt.AWTEvent::isConsumed (5 bytes)
Event: 12.702 Thread 0x000001ad0485f000 nmethod 3587 0x000001ad6fe1f650 code [0x000001ad6fe1f7a0, 0x000001ad6fe1f8b8]
Event: 12.702 Thread 0x000001ad0485f000 3588       3       sun.util.locale.ParseStatus::isError (13 bytes)
Event: 12.702 Thread 0x000001ad0485f000 nmethod 3588 0x000001ad6fe1f910 code [0x000001ad6fe1fa60, 0x000001ad6fe1fc18]
Event: 12.702 Thread 0x000001ad0485f000 3589       1       sun.util.locale.StringTokenIterator::currentEnd (5 bytes)
Event: 12.702 Thread 0x000001ad0485f000 nmethod 3589 0x000001ad6fe1fc90 code [0x000001ad6fe1fde0, 0x000001ad6fe1fef8]
Event: 12.703 Thread 0x000001ad0485f000 3590       3       javax.swing.DefaultButtonModel::isArmed (15 bytes)
Event: 12.703 Thread 0x000001ad0485f000 nmethod 3590 0x000001ad6fe1ff50 code [0x000001ad6fe200a0, 0x000001ad6fe20258]

GC Heap History (10 events):
Event: 3.785 GC heap before
{Heap before GC invocations=3 (full 1):
 PSYoungGen      total 38400K, used 5108K [0x00000000d5d00000, 0x00000000da800000, 0x0000000100000000)
  eden space 33280K, 0% used [0x00000000d5d00000,0x00000000d5d00000,0x00000000d7d80000)
  from space 5120K, 99% used [0x00000000d8280000,0x00000000d877d1a0,0x00000000d8780000)
  to   space 5120K, 0% used [0x00000000d7d80000,0x00000000d7d80000,0x00000000d8280000)
 ParOldGen       total 87552K, used 15665K [0x0000000081600000, 0x0000000086b80000, 0x00000000d5d00000)
  object space 87552K, 17% used [0x0000000081600000,0x000000008254c790,0x0000000086b80000)
 Metaspace       used 20960K, capacity 21168K, committed 21296K, reserved 1069056K
  class space    used 2505K, capacity 2581K, committed 2608K, reserved 1048576K
Event: 3.836 GC heap after
Heap after GC invocations=3 (full 1):
 PSYoungGen      total 38400K, used 0K [0x00000000d5d00000, 0x00000000da800000, 0x0000000100000000)
  eden space 33280K, 0% used [0x00000000d5d00000,0x00000000d5d00000,0x00000000d7d80000)
  from space 5120K, 0% used [0x00000000d8280000,0x00000000d8280000,0x00000000d8780000)
  to   space 5120K, 0% used [0x00000000d7d80000,0x00000000d7d80000,0x00000000d8280000)
 ParOldGen       total 77824K, used 12639K [0x0000000081600000, 0x0000000086200000, 0x00000000d5d00000)
  object space 77824K, 16% used [0x0000000081600000,0x0000000082257d78,0x0000000086200000)
 Metaspace       used 20960K, capacity 21168K, committed 21296K, reserved 1069056K
  class space    used 2505K, capacity 2581K, committed 2608K, reserved 1048576K
}
Event: 5.432 GC heap before
{Heap before GC invocations=4 (full 1):
 PSYoungGen      total 38400K, used 33280K [0x00000000d5d00000, 0x00000000da800000, 0x0000000100000000)
  eden space 33280K, 100% used [0x00000000d5d00000,0x00000000d7d80000,0x00000000d7d80000)
  from space 5120K, 0% used [0x00000000d8280000,0x00000000d8280000,0x00000000d8780000)
  to   space 5120K, 0% used [0x00000000d7d80000,0x00000000d7d80000,0x00000000d8280000)
 ParOldGen       total 77824K, used 12639K [0x0000000081600000, 0x0000000086200000, 0x00000000d5d00000)
  object space 77824K, 16% used [0x0000000081600000,0x0000000082257d78,0x0000000086200000)
 Metaspace       used 28361K, capacity 28594K, committed 28976K, reserved 1075200K
  class space    used 3412K, capacity 3522K, committed 3632K, reserved 1048576K
Event: 5.439 GC heap after
Heap after GC invocations=4 (full 1):
 PSYoungGen      total 38400K, used 5093K [0x00000000d5d00000, 0x00000000d9500000, 0x0000000100000000)
  eden space 33280K, 0% used [0x00000000d5d00000,0x00000000d5d00000,0x00000000d7d80000)
  from space 5120K, 99% used [0x00000000d7d80000,0x00000000d82794f8,0x00000000d8280000)
  to   space 5120K, 0% used [0x00000000d9000000,0x00000000d9000000,0x00000000d9500000)
 ParOldGen       total 77824K, used 14753K [0x0000000081600000, 0x0000000086200000, 0x00000000d5d00000)
  object space 77824K, 18% used [0x0000000081600000,0x0000000082468700,0x0000000086200000)
 Metaspace       used 28361K, capacity 28594K, committed 28976K, reserved 1075200K
  class space    used 3412K, capacity 3522K, committed 3632K, reserved 1048576K
}
Event: 6.682 GC heap before
{Heap before GC invocations=5 (full 1):
 PSYoungGen      total 38400K, used 38373K [0x00000000d5d00000, 0x00000000d9500000, 0x0000000100000000)
  eden space 33280K, 100% used [0x00000000d5d00000,0x00000000d7d80000,0x00000000d7d80000)
  from space 5120K, 99% used [0x00000000d7d80000,0x00000000d82794f8,0x00000000d8280000)
  to   space 5120K, 0% used [0x00000000d9000000,0x00000000d9000000,0x00000000d9500000)
 ParOldGen       total 77824K, used 14753K [0x0000000081600000, 0x0000000086200000, 0x00000000d5d00000)
  object space 77824K, 18% used [0x0000000081600000,0x0000000082468700,0x0000000086200000)
 Metaspace       used 30818K, capacity 31112K, committed 31280K, reserved 1077248K
  class space    used 3745K, capacity 3845K, committed 3888K, reserved 1048576K
Event: 6.693 GC heap after
Heap after GC invocations=5 (full 1):
 PSYoungGen      total 52224K, used 5091K [0x00000000d5d00000, 0x00000000d9500000, 0x0000000100000000)
  eden space 47104K, 0% used [0x00000000d5d00000,0x00000000d5d00000,0x00000000d8b00000)
  from space 5120K, 99% used [0x00000000d9000000,0x00000000d94f8f08,0x00000000d9500000)
  to   space 5120K, 0% used [0x00000000d8b00000,0x00000000d8b00000,0x00000000d9000000)
 ParOldGen       total 77824K, used 17536K [0x0000000081600000, 0x0000000086200000, 0x00000000d5d00000)
  object space 77824K, 22% used [0x0000000081600000,0x0000000082720080,0x0000000086200000)
 Metaspace       used 30818K, capacity 31112K, committed 31280K, reserved 1077248K
  class space    used 3745K, capacity 3845K, committed 3888K, reserved 1048576K
}
Event: 11.299 GC heap before
{Heap before GC invocations=6 (full 1):
 PSYoungGen      total 52224K, used 20986K [0x00000000d5d00000, 0x00000000d9500000, 0x0000000100000000)
  eden space 47104K, 33% used [0x00000000d5d00000,0x00000000d6c85cb0,0x00000000d8b00000)
  from space 5120K, 99% used [0x00000000d9000000,0x00000000d94f8f08,0x00000000d9500000)
  to   space 5120K, 0% used [0x00000000d8b00000,0x00000000d8b00000,0x00000000d9000000)
 ParOldGen       total 77824K, used 17536K [0x0000000081600000, 0x0000000086200000, 0x00000000d5d00000)
  object space 77824K, 22% used [0x0000000081600000,0x0000000082720080,0x0000000086200000)
 Metaspace       used 34989K, capacity 35230K, committed 35496K, reserved 1081344K
  class space    used 4347K, capacity 4426K, committed 4528K, reserved 1048576K
Event: 11.304 GC heap after
Heap after GC invocations=6 (full 1):
 PSYoungGen      total 52224K, used 5111K [0x00000000d5d00000, 0x00000000dbd00000, 0x0000000100000000)
  eden space 47104K, 0% used [0x00000000d5d00000,0x00000000d5d00000,0x00000000d8b00000)
  from space 5120K, 99% used [0x00000000d8b00000,0x00000000d8ffdd48,0x00000000d9000000)
  to   space 17408K, 0% used [0x00000000dac00000,0x00000000dac00000,0x00000000dbd00000)
 ParOldGen       total 77824K, used 19860K [0x0000000081600000, 0x0000000086200000, 0x00000000d5d00000)
  object space 77824K, 25% used [0x0000000081600000,0x0000000082965188,0x0000000086200000)
 Metaspace       used 34989K, capacity 35230K, committed 35496K, reserved 1081344K
  class space    used 4347K, capacity 4426K, committed 4528K, reserved 1048576K
}
Event: 11.304 GC heap before
{Heap before GC invocations=7 (full 2):
 PSYoungGen      total 52224K, used 5111K [0x00000000d5d00000, 0x00000000dbd00000, 0x0000000100000000)
  eden space 47104K, 0% used [0x00000000d5d00000,0x00000000d5d00000,0x00000000d8b00000)
  from space 5120K, 99% used [0x00000000d8b00000,0x00000000d8ffdd48,0x00000000d9000000)
  to   space 17408K, 0% used [0x00000000dac00000,0x00000000dac00000,0x00000000dbd00000)
 ParOldGen       total 77824K, used 19860K [0x0000000081600000, 0x0000000086200000, 0x00000000d5d00000)
  object space 77824K, 25% used [0x0000000081600000,0x0000000082965188,0x0000000086200000)
 Metaspace       used 34989K, capacity 35230K, committed 35496K, reserved 1081344K
  class space    used 4347K, capacity 4426K, committed 4528K, reserved 1048576K
Event: 11.346 GC heap after
Heap after GC invocations=7 (full 2):
 PSYoungGen      total 52224K, used 0K [0x00000000d5d00000, 0x00000000dbd00000, 0x0000000100000000)
  eden space 47104K, 0% used [0x00000000d5d00000,0x00000000d5d00000,0x00000000d8b00000)
  from space 5120K, 0% used [0x00000000d8b00000,0x00000000d8b00000,0x00000000d9000000)
  to   space 17408K, 0% used [0x00000000dac00000,0x00000000dac00000,0x00000000dbd00000)
 ParOldGen       total 109568K, used 16442K [0x0000000081600000, 0x0000000088100000, 0x00000000d5d00000)
  object space 109568K, 15% used [0x0000000081600000,0x000000008260eb00,0x0000000088100000)
 Metaspace       used 34989K, capacity 35230K, committed 35496K, reserved 1081344K
  class space    used 4347K, capacity 4426K, committed 4528K, reserved 1048576K
}

Deoptimization events (10 events):
Event: 6.877 Thread 0x000001ad064de000 Uncommon trap: reason=unstable_if action=reinterpret pc=0x000001ad6fc3ba74 method=java.lang.ref.SoftReference.get()Ljava/lang/Object; @ 6
Event: 6.878 Thread 0x000001ad064de000 Uncommon trap: reason=unstable_if action=reinterpret pc=0x000001ad6fc0e7a8 method=sun.font.TrueTypeFont.getTableBuffer(I)Ljava/nio/ByteBuffer; @ 9
Event: 6.891 Thread 0x000001ad064de000 Uncommon trap: reason=unstable_if action=reinterpret pc=0x000001ad6fbd3ad4 method=java.util.concurrent.ConcurrentHashMap.get(Ljava/lang/Object;)Ljava/lang/Object; @ 76
Event: 8.574 Thread 0x000001ad064de000 Uncommon trap: reason=unstable_if action=reinterpret pc=0x000001ad6fa03df4 method=java.util.Properties.loadConvert([CII[C)Ljava/lang/String; @ 72
Event: 8.662 Thread 0x000001ad064de000 Uncommon trap: reason=predicate action=maybe_recompile pc=0x000001ad6fc084d4 method=java.lang.String.regionMatches(ZILjava/lang/String;II)Z @ 63
Event: 8.751 Thread 0x000001ad064de000 Uncommon trap: reason=class_check action=maybe_recompile pc=0x000001ad6fca3780 method=java.util.Hashtable.put(Ljava/lang/Object;Ljava/lang/Object;)Ljava/lang/Object; @ 60
Event: 8.751 Thread 0x000001ad064de000 Uncommon trap: reason=class_check action=maybe_recompile pc=0x000001ad6fca3780 method=java.util.Hashtable.put(Ljava/lang/Object;Ljava/lang/Object;)Ljava/lang/Object; @ 60
Event: 8.752 Thread 0x000001ad064de000 Uncommon trap: reason=class_check action=maybe_recompile pc=0x000001ad6fca3780 method=java.util.Hashtable.put(Ljava/lang/Object;Ljava/lang/Object;)Ljava/lang/Object; @ 60
Event: 8.752 Thread 0x000001ad064de000 Uncommon trap: reason=class_check action=maybe_recompile pc=0x000001ad6fca3780 method=java.util.Hashtable.put(Ljava/lang/Object;Ljava/lang/Object;)Ljava/lang/Object; @ 60
Event: 11.231 Thread 0x000001ad067e6800 Uncommon trap: reason=unstable_if action=reinterpret pc=0x000001ad6f940fd4 method=java.lang.CharacterDataLatin1.digit(II)I @ 82

Classes redefined (0 events):
No events

Internal exceptions (10 events):
Event: 6.523 Thread 0x000001ad064de000 Exception <a 'java/lang/reflect/InvocationTargetException'> (0x00000000d78ff4e0) thrown at [C:\jenkins\workspace\8-2-build-windows-amd64-cygwin\jdk8u291\1294\hotspot\src\share\vm\runtime\reflection.cpp, line 1092]
Event: 6.523 Thread 0x000001ad064de000 Exception <a 'java/lang/NoClassDefFoundError'> (0x00000000d78ff0f0) thrown at [C:\jenkins\workspace\8-2-build-windows-amd64-cygwin\jdk8u291\1294\hotspot\src\share\vm\prims\jni.cpp, line 710]
Event: 6.523 Thread 0x000001ad064de000 Exception <a 'java/lang/NoClassDefFoundError': android/view/View> (0x00000000d78ffc88) thrown at [C:\jenkins\workspace\8-2-build-windows-amd64-cygwin\jdk8u291\1294\hotspot\src\share\vm\oops\constantPool.cpp, line 606]
Event: 6.523 Thread 0x000001ad064de000 Exception <a 'java/lang/NoClassDefFoundError': android/graphics/RectF> (0x00000000d79005d8) thrown at [C:\jenkins\workspace\8-2-build-windows-amd64-cygwin\jdk8u291\1294\hotspot\src\share\vm\oops\constantPool.cpp, line 606]
Event: 6.523 Thread 0x000001ad064de000 Exception <a 'java/lang/NoClassDefFoundError': android/graphics/Color> (0x00000000d7900a20) thrown at [C:\jenkins\workspace\8-2-build-windows-amd64-cygwin\jdk8u291\1294\hotspot\src\share\vm\oops\constantPool.cpp, line 606]
Event: 6.523 Thread 0x000001ad064de000 Exception <a 'java/lang/NoClassDefFoundError': android/graphics/Point> (0x00000000d7900e68) thrown at [C:\jenkins\workspace\8-2-build-windows-amd64-cygwin\jdk8u291\1294\hotspot\src\share\vm\oops\constantPool.cpp, line 606]
Event: 6.523 Thread 0x000001ad064de000 Exception <a 'java/lang/NoClassDefFoundError': android/graphics/Rect> (0x00000000d79012b0) thrown at [C:\jenkins\workspace\8-2-build-windows-amd64-cygwin\jdk8u291\1294\hotspot\src\share\vm\oops\constantPool.cpp, line 606]
Event: 6.661 Thread 0x000001ad072d3800 Implicit null exception at 0x000001ad6fbebe43 to 0x000001ad6fbecdd9
Event: 11.518 Thread 0x000001ad064de000 Exception <a 'java/io/FileNotFoundException'> (0x00000000d65eb468) thrown at [C:\jenkins\workspace\8-2-build-windows-amd64-cygwin\jdk8u291\1294\hotspot\src\share\vm\prims\jni.cpp, line 710]
Event: 11.600 Thread 0x000001ad064de000 Exception <a 'java/io/FileNotFoundException'> (0x00000000d6602308) thrown at [C:\jenkins\workspace\8-2-build-windows-amd64-cygwin\jdk8u291\1294\hotspot\src\share\vm\prims\jni.cpp, line 710]

Events (10 events):
Event: 11.719 loading class java/text/DigitList$1
Event: 11.719 loading class java/text/DigitList$1 done
Event: 11.722 loading class org/jfree/chart/axis/AxisCollection
Event: 11.722 loading class org/jfree/chart/axis/AxisCollection done
Event: 11.724 loading class org/jfree/chart/plot/CrosshairState
Event: 11.724 loading class org/jfree/chart/plot/CrosshairState done
Event: 11.729 loading class org/jfree/ui/Layer
Event: 11.729 loading class org/jfree/ui/Layer done
Event: 11.739 loading class javax/swing/event/AncestorEvent
Event: 11.739 loading class javax/swing/event/AncestorEvent done


Dynamic libraries:
0x00007ff63ec70000 - 0x00007ff63ecb7000 	C:\Program Files\Java\jdk1.8.0_291\jre\bin\java.exe
0x00007ff95e1d0000 - 0x00007ff95e3c5000 	C:\WINDOWS\SYSTEM32\ntdll.dll
0x00007ff95ce50000 - 0x00007ff95cf0d000 	C:\WINDOWS\System32\KERNEL32.DLL
0x00007ff95bcf0000 - 0x00007ff95bfbd000 	C:\WINDOWS\System32\KERNELBASE.dll
0x00007ff95cc80000 - 0x00007ff95cd2e000 	C:\WINDOWS\System32\ADVAPI32.dll
0x00007ff95d200000 - 0x00007ff95d29e000 	C:\WINDOWS\System32\msvcrt.dll
0x00007ff95d2a0000 - 0x00007ff95d33c000 	C:\WINDOWS\System32\sechost.dll
0x00007ff95cf10000 - 0x00007ff95d035000 	C:\WINDOWS\System32\RPCRT4.dll
0x00007ff95d340000 - 0x00007ff95d4e0000 	C:\WINDOWS\System32\USER32.dll
0x00007ff95b8e0000 - 0x00007ff95b902000 	C:\WINDOWS\System32\win32u.dll
0x00007ff95e030000 - 0x00007ff95e05a000 	C:\WINDOWS\System32\GDI32.dll
0x00007ff95bb20000 - 0x00007ff95bc2b000 	C:\WINDOWS\System32\gdi32full.dll
0x00007ff95ba80000 - 0x00007ff95bb1d000 	C:\WINDOWS\System32\msvcp_win.dll
0x00007ff95c120000 - 0x00007ff95c220000 	C:\WINDOWS\System32\ucrtbase.dll
0x00007ff947480000 - 0x00007ff94771a000 	C:\WINDOWS\WinSxS\amd64_microsoft.windows.common-controls_6595b64144ccf1df_6.0.19041.1110_none_60b5254171f9507e\COMCTL32.dll
0x00007ff95d050000 - 0x00007ff95d080000 	C:\WINDOWS\System32\IMM32.DLL
0x00007ff956280000 - 0x00007ff956295000 	C:\Program Files\Java\jdk1.8.0_291\jre\bin\vcruntime140.dll
0x00007ff938310000 - 0x00007ff9383ab000 	C:\Program Files\Java\jdk1.8.0_291\jre\bin\msvcp140.dll
0x0000000076840000 - 0x00000000770a0000 	C:\Program Files\Java\jdk1.8.0_291\jre\bin\server\jvm.dll
0x00007ff95c900000 - 0x00007ff95c908000 	C:\WINDOWS\System32\PSAPI.DLL
0x00007ff949c00000 - 0x00007ff949c09000 	C:\WINDOWS\SYSTEM32\WSOCK32.dll
0x00007ff944250000 - 0x00007ff944277000 	C:\WINDOWS\SYSTEM32\WINMM.dll
0x00007ff9555a0000 - 0x00007ff9555aa000 	C:\WINDOWS\SYSTEM32\VERSION.dll
0x00007ff95d190000 - 0x00007ff95d1fb000 	C:\WINDOWS\System32\WS2_32.dll
0x00007ff95a1c0000 - 0x00007ff95a1d2000 	C:\WINDOWS\SYSTEM32\kernel.appcore.dll
0x00007ff956a70000 - 0x00007ff956a80000 	C:\Program Files\Java\jdk1.8.0_291\jre\bin\verify.dll
0x00007ff949ea0000 - 0x00007ff949ecb000 	C:\Program Files\Java\jdk1.8.0_291\jre\bin\java.dll
0x00007ff950a60000 - 0x00007ff950a78000 	C:\Program Files\Java\jdk1.8.0_291\jre\bin\zip.dll
0x00007ff95d540000 - 0x00007ff95dc84000 	C:\WINDOWS\System32\SHELL32.dll
0x00007ff959610000 - 0x00007ff959da4000 	C:\WINDOWS\SYSTEM32\windows.storage.dll
0x00007ff95c920000 - 0x00007ff95cc74000 	C:\WINDOWS\System32\combase.dll
0x00007ff95b340000 - 0x00007ff95b36c000 	C:\WINDOWS\SYSTEM32\Wldp.dll
0x00007ff95c6a0000 - 0x00007ff95c74d000 	C:\WINDOWS\System32\SHCORE.dll
0x00007ff95d080000 - 0x00007ff95d0d5000 	C:\WINDOWS\System32\shlwapi.dll
0x00007ff95b820000 - 0x00007ff95b83f000 	C:\WINDOWS\SYSTEM32\profapi.dll
0x00007ff92db50000 - 0x00007ff92dce5000 	C:\Program Files\Java\jdk1.8.0_291\jre\bin\awt.dll
0x00007ff95de80000 - 0x00007ff95df4d000 	C:\WINDOWS\System32\OLEAUT32.dll
0x00007ff954310000 - 0x00007ff9543a0000 	C:\WINDOWS\SYSTEM32\apphelp.dll
0x00007ff958bb0000 - 0x00007ff958c4e000 	C:\WINDOWS\system32\uxtheme.dll
0x00007ff95cd30000 - 0x00007ff95ce45000 	C:\WINDOWS\System32\MSCTF.dll
0x00007ff95dcf0000 - 0x00007ff95de1a000 	C:\WINDOWS\System32\ole32.dll
0x00007ff95b910000 - 0x00007ff95b992000 	C:\WINDOWS\System32\bcryptPrimitives.dll
0x00007ff959250000 - 0x00007ff95927f000 	C:\WINDOWS\system32\DWMAPI.DLL
0x00007ff93ed60000 - 0x00007ff93ee86000 	C:\WINDOWS\system32\opengl32.dll
0x00007ff93ed30000 - 0x00007ff93ed5c000 	C:\WINDOWS\SYSTEM32\GLU32.dll
0x00007ff938f90000 - 0x00007ff938fc2000 	C:\Program Files\Java\jdk1.8.0_291\jre\bin\jpeg.dll
0x00007ff93ca20000 - 0x00007ff93ca69000 	C:\Program Files\Java\jdk1.8.0_291\jre\bin\fontmanager.dll
0x00007ff95e060000 - 0x00007ff95e109000 	C:\WINDOWS\System32\clbcatq.dll
0x00007ff951e30000 - 0x00007ff951fe4000 	C:\WINDOWS\SYSTEM32\WindowsCodecs.dll
0x00007ff95b9a0000 - 0x00007ff95b9c7000 	C:\WINDOWS\System32\bcrypt.dll
0x00007ff9388c0000 - 0x00007ff9388fe000 	C:\WINDOWS\system32\dataexchange.dll
0x00007ff952b50000 - 0x00007ff952db4000 	C:\WINDOWS\system32\d3d11.dll
0x00007ff953380000 - 0x00007ff953565000 	C:\WINDOWS\system32\dcomp.dll
0x00007ff95a300000 - 0x00007ff95a3f3000 	C:\WINDOWS\system32\dxgi.dll
0x00007ff955db0000 - 0x00007ff955fb1000 	C:\WINDOWS\system32\twinapi.appcore.dll
0x00007ff948cb0000 - 0x00007ff948ccc000 	C:\Program Files\Java\jdk1.8.0_291\jre\bin\net.dll
0x00007ff95b0a0000 - 0x00007ff95b10a000 	C:\WINDOWS\system32\mswsock.dll
0x00007ff946780000 - 0x00007ff946793000 	C:\Program Files\Java\jdk1.8.0_291\jre\bin\nio.dll
0x00007ff9381f0000 - 0x00007ff938233000 	C:\Program Files\Java\jdk1.8.0_291\jre\bin\t2k.dll
0x00007ff945a00000 - 0x00007ff945af9000 	C:\WINDOWS\SYSTEM32\textinputframework.dll
0x00007ff953570000 - 0x00007ff9538ce000 	C:\WINDOWS\System32\CoreUIComponents.dll
0x00007ff953c50000 - 0x00007ff953d42000 	C:\WINDOWS\System32\CoreMessaging.dll
0x00007ff95a5e0000 - 0x00007ff95a613000 	C:\WINDOWS\SYSTEM32\ntmarta.dll
0x00007ff958180000 - 0x00007ff9582d4000 	C:\WINDOWS\SYSTEM32\wintypes.dll
0x00007ff939e90000 - 0x00007ff939eb4000 	C:\Program Files\Java\jdk1.8.0_291\jre\bin\sunec.dll
0x00007ff95ad40000 - 0x00007ff95ad7b000 	C:\WINDOWS\SYSTEM32\IPHLPAPI.DLL
0x00007ff95c910000 - 0x00007ff95c918000 	C:\WINDOWS\System32\NSI.dll
0x00007ff9551a0000 - 0x00007ff9551b7000 	C:\WINDOWS\SYSTEM32\dhcpcsvc6.DLL
0x00007ff955300000 - 0x00007ff95531d000 	C:\WINDOWS\SYSTEM32\dhcpcsvc.DLL
0x00007ff95ad80000 - 0x00007ff95ae4b000 	C:\WINDOWS\SYSTEM32\DNSAPI.dll
0x00007ff95b290000 - 0x00007ff95b2a8000 	C:\WINDOWS\SYSTEM32\CRYPTSP.dll
0x00007ff95a9b0000 - 0x00007ff95a9e4000 	C:\WINDOWS\system32\rsaenh.dll
0x00007ff95b7a0000 - 0x00007ff95b7ce000 	C:\WINDOWS\SYSTEM32\USERENV.dll
0x00007ff95b2b0000 - 0x00007ff95b2bc000 	C:\WINDOWS\SYSTEM32\CRYPTBASE.dll
0x00007ff9369d0000 - 0x00007ff9369fa000 	C:\Program Files\Java\jdk1.8.0_291\jre\bin\dcpr.dll
0x0000000180000000 - 0x0000000180025000 	C:\Program Files\Java\jdk1.8.0_291\jre\bin\rxtxSerial.dll
0x00007ff959ed0000 - 0x00007ff95a0b4000 	C:\WINDOWS\SYSTEM32\dbghelp.dll

VM Arguments:
jvm_args: -Dfile.encoding=UTF-8 
java_command: com.soltelec.Inicio.Inicio
java_class_path (initial): C:\opt\sst\SartRestructurado\lib\slf4j-api-1.7.2.jar;C:\opt\sst\SartRestructurado\lib\axis-1.4.jar;C:\opt\sst\SartRestructurado\lib\axis-wsdl4j-1.5.1.jar;C:\opt\sst\SartRestructurado\lib\GiovynetDriver.jar;C:\opt\sst\SartRestructurado\lib\commons-discovery-0.5.jar;C:\opt\sst\SartRestructurado\lib\eclipselink.jar;C:\opt\sst\SartRestructurado\lib\ini4j-0.5.1.jar;C:\opt\sst\SartRestructurado\lib\javacsv.jar;C:\opt\sst\SartRestructurado\lib\javax.persistence_2.1.0.v201304241213.jar;C:\opt\sst\SartRestructurado\lib\jaxrpc-api-1.1.jar;C:\opt\sst\SartRestructurado\lib\jfreechart-1.0.13.jar;C:\opt\sst\SartRestructurado\lib\jfxtras-labs-2.2-r4.jar;C:\opt\sst\SartRestructurado\lib\jna-3.2.7.jar;C:\opt\sst\SartRestructurado\lib\jna-4.1.0.jar;C:\opt\sst\SartRestructurado\lib\RXTXcomm.jar;C:\opt\sst\SartRestructurado\lib\TrafficLight2.jar;C:\opt\sst\SartRestructurado\lib\org.eclipse.persistence.jpa.jpql_2.5.1.v20130918-f2b9fc5.jar;C:\opt\sst\SartRestructurado\lib\orson-0.5.0.jar;C:\opt\sst\SartRestructurado\lib\platform.jar;C:\opt\sst\SartRestructurado\lib\postgresql-9.3-1103.jdbc41.jar;C:\opt\sst\SartRestructurado\lib\swingx-1.6.jar;C:\opt\sst\SartRestructurado\lib\trident.jar;C:\opt\sst\SartRestructurado\lib\vlcj-1.2.0-test.jar;C:\opt\sst\SartRestructurado\lib\vlcj-1.2.0.jar;C:\opt\sst\SartRestructurado\lib\webcam-capture-0.3.10-RC6.jar;C:\opt\sst\SartRestructurado\lib\xml-apis-1.3.02.jar;C:\opt\sst\SartRestructurado\lib\SteelSeries-3.9.31.0.jar;C:\opt\sst\SartRestructurado\lib\jcommon-1.0.16.jar;C:\Program Files\NetBeans-11.3\netbeans\java\modules\ext\AbsoluteLayout.jar;C:\opt\sst\SartRestructurado\lib\TermoHigrometro.jar;C:\opt\sst\SartRestructurado\lib\AbsoluteLayout.jar;C:\opt\sst\SartRestructurado\lib\ModuloLogin.jar;C:\opt\sst\SartRestructurado\lib\ModuloTermoHigrometro.jar;C:\opt\sst\SartRestructurado\lib\access-bridge-32.jar;C:\opt\sst\SartRestructurado\lib\access-bridge-64.jar;C:\opt\sst\SartRestructurado\lib\activation-1.1.jar;C:\opt\sst\
Launcher Type: SUN_STANDARD

Environment Variables:
JAVA_HOME=C:\Program Files\Java\jdk1.8.0_291
PATH=C:\ProgramData\Oracle\Java\javapath;C:\Program Files (x86)\Common Files\Oracle\Java\javapath;C:\Program Files (x86)\Intel\Intel(R) Management Engine Components\iCLS\;C:\Program Files\Intel\Intel(R) Management Engine Components\iCLS\;C:\WINDOWS\system32;C:\WINDOWS;C:\WINDOWS\System32\Wbem;C:\WINDOWS\System32\WindowsPowerShell\v1.0\;C:\Program Files (x86)\Intel\Intel(R) Management Engine Components\DAL;C:\Program Files\Intel\Intel(R) Management Engine Components\DAL;C:\Program Files (x86)\Intel\Intel(R) Management Engine Components\IPT;C:\Program Files\Intel\Intel(R) Management Engine Components\IPT;C:\WINDOWS\System32\OpenSSH\;C:\Program Files\Git\cmd;C:\Program Files\MySQL\MySQL Server 5.6\bin;C:\xampp\php;C:\Program Files\010 Editor;C:\Program Files\nodejs\;C:\Users\SOLTELEC\AppData\Local\Microsoft\WindowsApps;C:\Users\SOLTELEC\AppData\Local\GitHubDesktop\bin;C:\Windows\System32\PSTools;;C:\Users\SOLTELEC\AppData\Local\Programs\Microsoft VS Code\bin;C:\Users\SOLTELEC\AppData\Roaming\npm
USERNAME=SOLTELEC
OS=Windows_NT
PROCESSOR_IDENTIFIER=Intel64 Family 6 Model 142 Stepping 10, GenuineIntel



---------------  S Y S T E M  ---------------

OS: Windows 10.0 , 64 bit Build 19041 (10.0.19041.1706)

CPU:total 8 (initial active 8) (4 cores per cpu, 2 threads per core) family 6 model 142 stepping 10, cmov, cx8, fxsr, mmx, sse, sse2, sse3, ssse3, sse4.1, sse4.2, popcnt, avx, avx2, aes, clmul, erms, 3dnowpref, lzcnt, ht, tsc, tscinvbit, bmi1, bmi2, adx

Memory: 4k page, physical 8295652k(2027752k free), swap 16422116k(7380676k free)

vm_info: Java HotSpot(TM) 64-Bit Server VM (25.291-b10) for windows-amd64 JRE (1.8.0_291-b10), built on Apr  9 2021 00:02:00 by "java_re" with MS VC++ 15.9 (VS2017)

time: Fri May 27 13:12:25 2022
timezone: Hora est. Pacífico, Sudamérica
elapsed time: 13.034103 seconds (0d 0h 0m 13s)

